#
# A fatal error has been detected by the Java Runtime Environment:
#
#  EXCEPTION_ACCESS_VIOLATION (0xc0000005) at pc=0xffffffffa3a95120, pid=2128, tid=1008
#
# JRE version: Java(TM) SE Runtime Environment (8.0_51-b16) (build 1.8.0_51-b16)
# Java VM: Java HotSpot(TM) 64-Bit Server VM (25.51-b03 mixed mode windows-amd64 compressed oops)
# Problematic frame:
# C  0xffffffffa3a95120
#
# Failed to write core dump. Minidumps are not enabled by default on client versions of Windows
#
# If you would like to submit a bug report, please visit:
#   http://bugreport.java.com/bugreport/crash.jsp
#

---------------  T H R E A D  ---------------

Current thread (0x000000005859b800):  JavaThread "Daemon worker" [_thread_in_Java, id=1008, stack(0x00000000597e0000,0x00000000598e0000)]

siginfo: ExceptionCode=0xc0000005, ExceptionInformation=0x0000000000000008 0xffffffffa3a95120

Registers:
RAX=0x00000000148a1300, RBX=0x0000000054933840, RCX=0x0000000054933840, RDX=0x00000000edc58e18
RSP=0x00000000598da978, RBP=0x000000000000001f, RSI=0x000000005fdd0cc8, RDI=0x000000000000dcb0
R8 =0x00000000edc58dd8, R9 =0x0000000000000000, R10=0x00000000edc58e18, R11=0x0000000000000005
R12=0x0000000000000000, R13=0x00000000598daaa0, R14=0x00000000598dab30, R15=0x000000005859b800
RIP=0xffffffffa3a95120, EFLAGS=0x0000000000010212

Top of Stack: (sp=0x00000000598da978)
0x00000000598da978:   00000000037e9d3c 00000000edc58dd8
0x00000000598da988:   0000000000000005 00000000ed8ad670
0x00000000598da998:   00000000ed8af9b0 00000000ff195c80
0x00000000598da9a8:   0000000003aa2f94 000000005e39610f
0x00000000598da9b8:   00000000598daa40 000000005e3d8578
0x00000000598da9c8:   00000000607f2e20 000000005e3961b8
0x00000000598da9d8:   0000000000000000 00000000598da9f8
0x00000000598da9e8:   00000000598daa90 0000000002a97a01
0x00000000598da9f8:   0000000000000000 00000000ed8afc48
0x00000000598daa08:   0000000000000000 0000000000000000
0x00000000598daa18:   0000000000000000 00000000ed8ab3c8
0x00000000598daa28:   00000000edc58dd8 00000000edc58da8
0x00000000598daa38:   00000000ed8af9b0 00000000ff195c80
0x00000000598daa48:   00000000033e91c4 00000000598daa50
0x00000000598daa58:   00000000edc58da8 00000000598daaa0
0x00000000598daa68:   000000005e3d8578 0000000000000000 

Instructions: (pc=0xffffffffa3a95120)
0xffffffffa3a95100:   
[error occurred during error reporting (printing registers, top of stack, instructions near pc), id 0xc0000005]

Register to memory mapping:

RAX=0x00000000148a1300 is pointing into metadata
RBX={method} {0x0000000054933848} 'hashCode' '()I' in 'java/lang/Integer'
RCX={method} {0x0000000054933848} 'hashCode' '()I' in 'java/lang/Integer'
RDX=0x00000000edc58e18 is an oop
java.lang.Integer 
 - klass: 'java/lang/Integer'
RSP=0x00000000598da978 is pointing into the stack for thread: 0x000000005859b800
RBP=0x000000000000001f is an unknown value
RSI=0x000000005fdd0cc8 is pointing into metadata
RDI=0x000000000000dcb0 is an unknown value
R8 =0x00000000edc58dd8 is an oop
[Ljava.lang.Object; 
 - klass: 'java/lang/Object'[]
 - length: 5
R9 =0x0000000000000000 is an unknown value
R10=0x00000000edc58e18 is an oop
java.lang.Integer 
 - klass: 'java/lang/Integer'
R11=0x0000000000000005 is an unknown value
R12=0x0000000000000000 is an unknown value
R13=0x00000000598daaa0 is pointing into the stack for thread: 0x000000005859b800
R14=0x00000000598dab30 is pointing into the stack for thread: 0x000000005859b800
R15=0x000000005859b800 is a thread


Stack: [0x00000000597e0000,0x00000000598e0000],  sp=0x00000000598da978,  free space=1002k
Native frames: (J=compiled Java code, j=interpreted, Vv=VM code, C=native code)
C  0xffffffffa3a95120


---------------  P R O C E S S  ---------------

Java Threads: ( => current thread )
  0x0000000058fc9800 JavaThread "Stdin handler" [_thread_blocked, id=4968, stack(0x0000000060210000,0x0000000060310000)]
  0x0000000058fc8800 JavaThread "Cancel handler" [_thread_blocked, id=4732, stack(0x000000005e990000,0x000000005ea90000)]
  0x0000000058fc8000 JavaThread "Handler for socket connection from /127.0.0.1:51049 to /127.0.0.1:51082" [_thread_in_native, id=4452, stack(0x0000000059540000,0x0000000059640000)]
  0x0000000058766000 JavaThread "File lock request listener" [_thread_in_native, id=4760, stack(0x0000000059fb0000,0x000000005a0b0000)]
=>0x000000005859b800 JavaThread "Daemon worker" [_thread_in_Java, id=1008, stack(0x00000000597e0000,0x00000000598e0000)]
  0x0000000058560000 JavaThread "Daemon" [_thread_blocked, id=4152, stack(0x0000000057f80000,0x0000000058080000)]
  0x000000005849e800 JavaThread "Incoming local TCP Connector on port 51049" [_thread_in_native, id=5976, stack(0x0000000057df0000,0x0000000057ef0000)]
  0x00000000565f4800 JavaThread "Service Thread" daemon [_thread_blocked, id=2004, stack(0x0000000057270000,0x0000000057370000)]
  0x000000005657b800 JavaThread "C1 CompilerThread2" daemon [_thread_blocked, id=4060, stack(0x0000000057170000,0x0000000057270000)]
  0x000000005657a800 JavaThread "C2 CompilerThread1" daemon [_thread_in_native, id=5988, stack(0x0000000056f60000,0x0000000057060000)]
  0x0000000056575800 JavaThread "C2 CompilerThread0" daemon [_thread_in_native, id=5908, stack(0x0000000056970000,0x0000000056a70000)]
  0x0000000056572800 JavaThread "Attach Listener" daemon [_thread_blocked, id=5968, stack(0x0000000056cf0000,0x0000000056df0000)]
  0x0000000055283800 JavaThread "Signal Dispatcher" daemon [_thread_blocked, id=4844, stack(0x0000000056ad0000,0x0000000056bd0000)]
  0x0000000055227800 JavaThread "Finalizer" daemon [_thread_blocked, id=4740, stack(0x00000000561c0000,0x00000000562c0000)]
  0x0000000055221000 JavaThread "Reference Handler" daemon [_thread_blocked, id=5628, stack(0x0000000056470000,0x0000000056570000)]
  0x000000000234f000 JavaThread "main" [_thread_blocked, id=696, stack(0x00000000026c0000,0x00000000027c0000)]

Other Threads:
  0x000000005521b800 VMThread [stack: 0x00000000562e0000,0x00000000563e0000] [id=6064]
  0x000000005528f000 WatcherThread [stack: 0x0000000056e40000,0x0000000056f40000] [id=4848]

VM state:not at safepoint (normal execution)

VM Mutex/Monitor currently owned by a thread: None

Heap:
 PSYoungGen      total 309760K, used 66260K [0x00000000eab00000, 0x0000000100000000, 0x0000000100000000)
  eden space 290816K, 17% used [0x00000000eab00000,0x00000000edd052b0,0x00000000fc700000)
  from space 18944K, 79% used [0x00000000fed80000,0x00000000ffc2ffa0,0x0000000100000000)
  to   space 29184K, 0% used [0x00000000fc700000,0x00000000fc700000,0x00000000fe380000)
 ParOldGen       total 74752K, used 56196K [0x00000000c0000000, 0x00000000c4900000, 0x00000000eab00000)
  object space 74752K, 75% used [0x00000000c0000000,0x00000000c36e1350,0x00000000c4900000)
 Metaspace       used 52395K, capacity 55746K, committed 55976K, reserved 1097728K
  class space    used 7235K, capacity 8317K, committed 8360K, reserved 1048576K

Card table byte_map: [0x0000000011e50000,0x0000000012060000] byte_map_base: 0x0000000011850000

Marking Bits: (ParMarkBitMap*) 0x00000000696d4040
 Begin Bits: [0x0000000012690000, 0x0000000013690000)
 End Bits:   [0x0000000013690000, 0x0000000014690000)

Polling page: 0x0000000000360000

CodeCache: size=245760Kb used=24843Kb max_used=24843Kb free=220916Kb
 bounds [0x0000000002a90000, 0x00000000042f0000, 0x0000000011a90000]
 total_blobs=7670 nmethods=6969 adapters=614
 compilation: enabled

Compilation events (10 events):
Event: 51.529 Thread 0x000000005657b800 nmethod 7883 0x00000000042d0890 code [0x00000000042d0a40, 0x00000000042d11a8]
Event: 51.529 Thread 0x000000005657b800 7886       3       com.google.common.base.Ticker$1::read (4 bytes)
Event: 51.529 Thread 0x000000005657b800 nmethod 7886 0x00000000042cafd0 code [0x00000000042cb140, 0x00000000042cb310]
Event: 51.529 Thread 0x000000005657b800 7887       3       com.google.common.base.Platform::systemNanoTime (4 bytes)
Event: 51.529 Thread 0x000000005657b800 nmethod 7887 0x00000000042cac50 code [0x00000000042cada0, 0x00000000042caef0]
Event: 51.530 Thread 0x000000005657b800 7888       3       com.android.build.gradle.internal.DependencyManager::addDependency (973 bytes)
Event: 51.532 Thread 0x0000000056575800 nmethod 7878 0x00000000042d45d0 code [0x00000000042d4780, 0x00000000042d4e00]
Event: 51.532 Thread 0x0000000056575800 7884       4       java.lang.Integer::hashCode (8 bytes)
Event: 51.533 Thread 0x0000000056575800 nmethod 7884 0x0000000003603ed0 code [0x0000000003604000, 0x0000000003604058]
Event: 51.533 Thread 0x0000000056575800 7885       4       org.gradle.internal.component.model.DefaultIvyArtifactName::hashCode (45 bytes)

GC Heap History (10 events):
Event: 13.783 GC heap before
{Heap before GC invocations=9 (full 1):
 PSYoungGen      total 200704K, used 121389K [0x00000000eab00000, 0x0000000100000000, 0x0000000100000000)
  eden space 188928K, 58% used [0x00000000eab00000,0x00000000f160e230,0x00000000f6380000)
  from space 11776K, 99% used [0x00000000f6380000,0x00000000f6efd2f8,0x00000000f6f00000)
  to   space 14336K, 0% used [0x00000000ff200000,0x00000000ff200000,0x0000000100000000)
 ParOldGen       total 53760K, used 13253K [0x00000000c0000000, 0x00000000c3480000, 0x00000000eab00000)
  object space 53760K, 24% used [0x00000000c0000000,0x00000000c0cf14f0,0x00000000c3480000)
 Metaspace       used 34410K, capacity 35448K, committed 35496K, reserved 1079296K
  class space    used 4613K, capacity 5031K, committed 5032K, reserved 1048576K
Event: 13.840 GC heap after
Heap after GC invocations=9 (full 1):
 PSYoungGen      total 325632K, used 14312K [0x00000000eab00000, 0x0000000100000000, 0x0000000100000000)
  eden space 311296K, 0% used [0x00000000eab00000,0x00000000eab00000,0x00000000fdb00000)
  from space 14336K, 99% used [0x00000000ff200000,0x00000000ffffa160,0x0000000100000000)
  to   space 18944K, 0% used [0x00000000fdb00000,0x00000000fdb00000,0x00000000fed80000)
 ParOldGen       total 53760K, used 17669K [0x00000000c0000000, 0x00000000c3480000, 0x00000000eab00000)
  object space 53760K, 32% used [0x00000000c0000000,0x00000000c11414c8,0x00000000c3480000)
 Metaspace       used 34410K, capacity 35448K, committed 35496K, reserved 1079296K
  class space    used 4613K, capacity 5031K, committed 5032K, reserved 1048576K
}
Event: 13.840 GC heap before
{Heap before GC invocations=10 (full 2):
 PSYoungGen      total 325632K, used 14312K [0x00000000eab00000, 0x0000000100000000, 0x0000000100000000)
  eden space 311296K, 0% used [0x00000000eab00000,0x00000000eab00000,0x00000000fdb00000)
  from space 14336K, 99% used [0x00000000ff200000,0x00000000ffffa160,0x0000000100000000)
  to   space 18944K, 0% used [0x00000000fdb00000,0x00000000fdb00000,0x00000000fed80000)
 ParOldGen       total 53760K, used 17669K [0x00000000c0000000, 0x00000000c3480000, 0x00000000eab00000)
  object space 53760K, 32% used [0x00000000c0000000,0x00000000c11414c8,0x00000000c3480000)
 Metaspace       used 34410K, capacity 35448K, committed 35496K, reserved 1079296K
  class space    used 4613K, capacity 5031K, committed 5032K, reserved 1048576K
Event: 14.011 GC heap after
Heap after GC invocations=10 (full 2):
 PSYoungGen      total 325632K, used 0K [0x00000000eab00000, 0x0000000100000000, 0x0000000100000000)
  eden space 311296K, 0% used [0x00000000eab00000,0x00000000eab00000,0x00000000fdb00000)
  from space 14336K, 0% used [0x00000000ff200000,0x00000000ff200000,0x0000000100000000)
  to   space 18944K, 0% used [0x00000000fdb00000,0x00000000fdb00000,0x00000000fed80000)
 ParOldGen       total 74752K, used 24927K [0x00000000c0000000, 0x00000000c4900000, 0x00000000eab00000)
  object space 74752K, 33% used [0x00000000c0000000,0x00000000c1857fe8,0x00000000c4900000)
 Metaspace       used 34376K, capacity 35334K, committed 35496K, reserved 1079296K
  class space    used 4607K, capacity 4997K, committed 5032K, reserved 1048576K
}
Event: 17.594 GC heap before
{Heap before GC invocations=11 (full 2):
 PSYoungGen      total 325632K, used 310428K [0x00000000eab00000, 0x0000000100000000, 0x0000000100000000)
  eden space 311296K, 99% used [0x00000000eab00000,0x00000000fda27330,0x00000000fdb00000)
  from space 14336K, 0% used [0x00000000ff200000,0x00000000ff200000,0x0000000100000000)
  to   space 18944K, 0% used [0x00000000fdb00000,0x00000000fdb00000,0x00000000fed80000)
 ParOldGen       total 74752K, used 24927K [0x00000000c0000000, 0x00000000c4900000, 0x00000000eab00000)
  object space 74752K, 33% used [0x00000000c0000000,0x00000000c1857fe8,0x00000000c4900000)
 Metaspace       used 45411K, capacity 47526K, committed 47784K, reserved 1089536K
  class space    used 6316K, capacity 7070K, committed 7080K, reserved 1048576K
Event: 17.659 GC heap after
Heap after GC invocations=11 (full 2):
 PSYoungGen      total 330240K, used 18917K [0x00000000eab00000, 0x0000000100000000, 0x0000000100000000)
  eden space 311296K, 0% used [0x00000000eab00000,0x00000000eab00000,0x00000000fdb00000)
  from space 18944K, 99% used [0x00000000fdb00000,0x00000000fed79400,0x00000000fed80000)
  to   space 18944K, 0% used [0x00000000fed80000,0x00000000fed80000,0x0000000100000000)
 ParOldGen       total 74752K, used 42573K [0x00000000c0000000, 0x00000000c4900000, 0x00000000eab00000)
  object space 74752K, 56% used [0x00000000c0000000,0x00000000c2993410,0x00000000c4900000)
 Metaspace       used 45411K, capacity 47526K, committed 47784K, reserved 1089536K
  class space    used 6316K, capacity 7070K, committed 7080K, reserved 1048576K
}
Event: 17.659 GC heap before
{Heap before GC invocations=12 (full 3):
 PSYoungGen      total 330240K, used 18917K [0x00000000eab00000, 0x0000000100000000, 0x0000000100000000)
  eden space 311296K, 0% used [0x00000000eab00000,0x00000000eab00000,0x00000000fdb00000)
  from space 18944K, 99% used [0x00000000fdb00000,0x00000000fed79400,0x00000000fed80000)
  to   space 18944K, 0% used [0x00000000fed80000,0x00000000fed80000,0x0000000100000000)
 ParOldGen       total 74752K, used 42573K [0x00000000c0000000, 0x00000000c4900000, 0x00000000eab00000)
  object space 74752K, 56% used [0x00000000c0000000,0x00000000c2993410,0x00000000c4900000)
 Metaspace       used 45411K, capacity 47526K, committed 47784K, reserved 1089536K
  class space    used 6316K, capacity 7070K, committed 7080K, reserved 1048576K
Event: 18.053 GC heap after
Heap after GC invocations=12 (full 3):
 PSYoungGen      total 330240K, used 0K [0x00000000eab00000, 0x0000000100000000, 0x0000000100000000)
  eden space 311296K, 0% used [0x00000000eab00000,0x00000000eab00000,0x00000000fdb00000)
  from space 18944K, 0% used [0x00000000fdb00000,0x00000000fdb00000,0x00000000fed80000)
  to   space 18944K, 0% used [0x00000000fed80000,0x00000000fed80000,0x0000000100000000)
 ParOldGen       total 74752K, used 56188K [0x00000000c0000000, 0x00000000c4900000, 0x00000000eab00000)
  object space 74752K, 75% used [0x00000000c0000000,0x00000000c36df350,0x00000000c4900000)
 Metaspace       used 45411K, capacity 47526K, committed 47784K, reserved 1089536K
  class space    used 6316K, capacity 7070K, committed 7080K, reserved 1048576K
}
Event: 50.904 GC heap before
{Heap before GC invocations=13 (full 3):
 PSYoungGen      total 330240K, used 311296K [0x00000000eab00000, 0x0000000100000000, 0x0000000100000000)
  eden space 311296K, 100% used [0x00000000eab00000,0x00000000fdb00000,0x00000000fdb00000)
  from space 18944K, 0% used [0x00000000fdb00000,0x00000000fdb00000,0x00000000fed80000)
  to   space 18944K, 0% used [0x00000000fed80000,0x00000000fed80000,0x0000000100000000)
 ParOldGen       total 74752K, used 56188K [0x00000000c0000000, 0x00000000c4900000, 0x00000000eab00000)
  object space 74752K, 75% used [0x00000000c0000000,0x00000000c36df350,0x00000000c4900000)
 Metaspace       used 52238K, capacity 55524K, committed 55720K, reserved 1097728K
  class space    used 7231K, capacity 8312K, committed 8360K, reserved 1048576K
Event: 50.922 GC heap after
Heap after GC invocations=13 (full 3):
 PSYoungGen      total 309760K, used 15039K [0x00000000eab00000, 0x0000000100000000, 0x0000000100000000)
  eden space 290816K, 0% used [0x00000000eab00000,0x00000000eab00000,0x00000000fc700000)
  from space 18944K, 79% used [0x00000000fed80000,0x00000000ffc2ffa0,0x0000000100000000)
  to   space 29184K, 0% used [0x00000000fc700000,0x00000000fc700000,0x00000000fe380000)
 ParOldGen       total 74752K, used 56196K [0x00000000c0000000, 0x00000000c4900000, 0x00000000eab00000)
  object space 74752K, 75% used [0x00000000c0000000,0x00000000c36e1350,0x00000000c4900000)
 Metaspace       used 52238K, capacity 55524K, committed 55720K, reserved 1097728K
  class space    used 7231K, capacity 8312K, committed 8360K, reserved 1048576K
}

Deoptimization events (10 events):
Event: 33.591 Thread 0x000000005859b800 Uncommon trap: reason=bimorphic action=maybe_recompile pc=0x0000000004020f10 method=java.util.Collections.indexedBinarySearch(Ljava/util/List;Ljava/lang/Object;)I @ 39
Event: 50.106 Thread 0x000000005859b800 Uncommon trap: reason=unstable_if action=reinterpret pc=0x0000000003ec5544 method=java.util.Formatter$FormatSpecifier.<init>(Ljava/util/Formatter;Ljava/util/regex/Matcher;)V @ 203
Event: 50.283 Thread 0x000000005859b800 Uncommon trap: reason=class_check action=maybe_recompile pc=0x0000000003f24894 method=com.google.common.cache.LocalCache$Segment.drainRecencyQueue()V @ 4
Event: 50.285 Thread 0x000000005859b800 Uncommon trap: reason=class_check action=maybe_recompile pc=0x0000000003f24894 method=com.google.common.cache.LocalCache$Segment.drainRecencyQueue()V @ 4
Event: 50.285 Thread 0x000000005859b800 Uncommon trap: reason=class_check action=maybe_recompile pc=0x0000000003f24894 method=com.google.common.cache.LocalCache$Segment.drainRecencyQueue()V @ 4
Event: 50.285 Thread 0x000000005859b800 Uncommon trap: reason=class_check action=maybe_recompile pc=0x0000000003f24894 method=com.google.common.cache.LocalCache$Segment.drainRecencyQueue()V @ 4
Event: 50.653 Thread 0x000000005859b800 Uncommon trap: reason=null_check action=make_not_entrant pc=0x0000000004085c48 method=org.codehaus.groovy.runtime.typehandling.DefaultTypeTransformation.castToType(Ljava/lang/Object;Ljava/lang/Class;)Ljava/lang/Object; @ 28
Event: 50.682 Thread 0x000000005859b800 Uncommon trap: reason=null_check action=make_not_entrant pc=0x00000000041c14f4 method=java.lang.Class.isEnum()Z @ 1
Event: 51.009 Thread 0x000000005859b800 Uncommon trap: reason=null_check action=make_not_entrant pc=0x00000000041f5b74 method=org.codehaus.groovy.runtime.typehandling.DefaultTypeTransformation.castToType(Ljava/lang/Object;Ljava/lang/Class;)Ljava/lang/Object; @ 65
Event: 51.014 Thread 0x000000005859b800 Uncommon trap: reason=unstable_if action=reinterpret pc=0x0000000003f369d4 method=org.gradle.cache.internal.btree.BTreePersistentIndexedCache$1.create(Ljava/lang/Class;)Ljava/lang/Object; @ 4

Internal exceptions (10 events):
Event: 24.772 Thread 0x000000005859b800 Exception <a 'java/lang/ClassNotFoundException': com/android/build/gradle/tasks/ManifestProcessorTask$1BeanInfo> (0x00000000f38b80c8) thrown at [C:\re\workspace\8-2-build-windows-amd64-cygwin\jdk8u51\3951\hotspot\src\share\vm\classfile\systemDictionary.cpp_Þw—Å8@
Event: 24.772 Thread 0x000000005859b800 Exception <a 'java/lang/ClassNotFoundException': com/android/build/gradle/tasks/ManifestProcessorTask$1Customizer> (0x00000000f38c6e28) thrown at [C:\re\workspace\8-2-build-windows-amd64-cygwin\jdk8u51\3951\hotspot\src\share\vm\classfile\systemDictionary.cÙ‘g<kÆ8@
Event: 24.775 Thread 0x000000005859b800 Exception <a 'java/lang/ClassNotFoundException': com/google/common/collect/IterablesBeanInfo> (0x00000000f38fd500) thrown at [C:\re\workspace\8-2-build-windows-amd64-cygwin\jdk8u51\3951\hotspot\src\share\vm\classfile\systemDictionary.cpp, line 210]
Event: 24.775 Thread 0x000000005859b800 Exception <a 'java/lang/ClassNotFoundException': com/google/common/collect/IterablesCustomizer> (0x00000000f3909a78) thrown at [C:\re\workspace\8-2-build-windows-amd64-cygwin\jdk8u51\3951\hotspot\src\share\vm\classfile\systemDictionary.cpp, line 210]
Event: 24.805 Thread 0x000000005859b800 Exception <a 'java/lang/ClassNotFoundException': com/android/build/gradle/internal/dependency/SymbolFileProviderImplBeanInfo> (0x00000000f3a13e90) thrown at [C:\re\workspace\8-2-build-windows-amd64-cygwin\jdk8u51\3951\hotspot\src\share\vm\classfile\systemDN­t 
Î8@
Event: 24.805 Thread 0x000000005859b800 Exception <a 'java/lang/ClassNotFoundException': com/android/build/gradle/internal/dependency/SymbolFileProviderImplCustomizer> (0x00000000f3a24e40) thrown at [C:\re\workspace\8-2-build-windows-amd64-cygwin\jdk8u51\3951\hotspot\src\share\vm\classfile\syste°á…B}Ÿ@@
Event: 33.246 Thread 0x000000005859b800 Implicit null exception at 0x0000000003f4dd9f to 0x0000000003f4e4f9
Event: 50.178 Thread 0x000000005859b800 Exception <a 'java/lang/ClassNotFoundException': asLocalRepo85_2d6bvszp4lh922rypr4rkhvywBeanInfo> (0x00000000fa844b30) thrown at [C:\re\workspace\8-2-build-windows-amd64-cygwin\jdk8u51\3951\hotspot\src\share\vm\classfile\systemDictionary.cpp, line 210]
Event: 50.178 Thread 0x000000005859b800 Exception <a 'java/lang/ClassNotFoundException': asLocalRepo85_2d6bvszp4lh922rypr4rkhvywCustomizer> (0x00000000fa84da30) thrown at [C:\re\workspace\8-2-build-windows-amd64-cygwin\jdk8u51\3951\hotspot\src\share\vm\classfile\systemDictionary.cpp, line 210]
Event: 51.006 Thread 0x000000005859b800 Exception <a 'java/lang/reflect/InvocationTargetException'> (0x00000000eadd6910) thrown at [C:\re\workspace\8-2-build-windows-amd64-cygwin\jdk8u51\3951\hotspot\src\share\vm\runtime\reflection.cpp, line 1080]

Events (10 events):
Event: 50.930 Executing VM operation: BulkRevokeBias
Event: 50.930 Executing VM operation: BulkRevokeBias done
Event: 51.009 Thread 0x000000005859b800 Uncommon trap: trap_request=0xfffffff4 fr.pc=0x00000000041f5b74
Event: 51.009 Thread 0x000000005859b800 DEOPT PACKING pc=0x00000000041f5b74 sp=0x00000000598d6f30
Event: 51.009 Thread 0x000000005859b800 DEOPT UNPACKING pc=0x0000000002ad556a sp=0x00000000598d6ec8 mode 2
Event: 51.014 Thread 0x000000005859b800 Uncommon trap: trap_request=0xffffff65 fr.pc=0x0000000003f369d4
Event: 51.014 Thread 0x000000005859b800 DEOPT PACKING pc=0x0000000003f369d4 sp=0x00000000598d5410
Event: 51.014 Thread 0x000000005859b800 DEOPT UNPACKING pc=0x0000000002ad556a sp=0x00000000598d52e8 mode 2
Event: 51.374 Thread 0x000000005859b800 DEOPT PACKING pc=0x0000000002cbf1d4 sp=0x00000000598d8840
Event: 51.374 Thread 0x000000005859b800 DEOPT UNPACKING pc=0x0000000002ad71bf sp=0x00000000598d8600 mode 0


Dynamic libraries:
0x000000013f4f0000 - 0x000000013f527000 	C:\Program Files\Java\jdk1.8.0_51\bin\java.exe
0x0000000077600000 - 0x00000000777a9000 	C:\Windows\SYSTEM32\ntdll.dll
0x00000000774e0000 - 0x00000000775ff000 	C:\Windows\system32\kernel32.dll
0x000007fefd8a0000 - 0x000007fefd90c000 	C:\Windows\system32\KERNELBASE.dll
0x0000000075230000 - 0x00000000752c4000 	C:\Windows\System32\SYSFER.DLL
0x000007feff800000 - 0x000007feff8db000 	C:\Windows\system32\ADVAPI32.dll
0x000007fefda20000 - 0x000007fefdabf000 	C:\Windows\system32\msvcrt.dll
0x000007feff8f0000 - 0x000007feff90f000 	C:\Windows\SYSTEM32\sechost.dll
0x000007fefe1f0000 - 0x000007fefe31d000 	C:\Windows\system32\RPCRT4.dll
0x00000000773e0000 - 0x00000000774da000 	C:\Windows\system32\USER32.dll
0x000007fefdd20000 - 0x000007fefdd87000 	C:\Windows\system32\GDI32.dll
0x000007feff7f0000 - 0x000007feff7fe000 	C:\Windows\system32\LPK.dll
0x000007feff540000 - 0x000007feff609000 	C:\Windows\system32\USP10.dll
0x000007fefbf70000 - 0x000007fefc164000 	C:\Windows\WinSxS\amd64_microsoft.windows.common-controls_6595b64144ccf1df_6.0.7601.18837_none_fa3b1e3d17594757\COMCTL32.dll
0x000007fefe0d0000 - 0x000007fefe141000 	C:\Windows\system32\SHLWAPI.dll
0x000007fefdfc0000 - 0x000007fefdfee000 	C:\Windows\system32\IMM32.DLL
0x000007fefd910000 - 0x000007fefda19000 	C:\Windows\system32\MSCTF.dll
0x00000000732f0000 - 0x00000000733c2000 	C:\Program Files\Java\jdk1.8.0_51\jre\bin\msvcr100.dll
0x0000000068ed0000 - 0x0000000069753000 	C:\Program Files\Java\jdk1.8.0_51\jre\bin\server\jvm.dll
0x000007fefa590000 - 0x000007fefa599000 	C:\Windows\system32\WSOCK32.dll
0x000007fefe5d0000 - 0x000007fefe61d000 	C:\Windows\system32\WS2_32.dll
0x000007feff8e0000 - 0x000007feff8e8000 	C:\Windows\system32\NSI.dll
0x000007fefaee0000 - 0x000007fefaf1b000 	C:\Windows\system32\WINMM.dll
0x000007fefc700000 - 0x000007fefc70c000 	C:\Windows\system32\VERSION.dll
0x00000000777b0000 - 0x00000000777b7000 	C:\Windows\system32\PSAPI.DLL
0x0000000074e60000 - 0x0000000074e6f000 	C:\Program Files\Java\jdk1.8.0_51\jre\bin\verify.dll
0x00000000747b0000 - 0x00000000747d9000 	C:\Program Files\Java\jdk1.8.0_51\jre\bin\java.dll
0x0000000074e40000 - 0x0000000074e56000 	C:\Program Files\Java\jdk1.8.0_51\jre\bin\zip.dll
0x000007fefe620000 - 0x000007feff3a9000 	C:\Windows\system32\SHELL32.dll
0x000007fefdd90000 - 0x000007fefdf93000 	C:\Windows\system32\ole32.dll
0x000007fefd500000 - 0x000007fefd50f000 	C:\Windows\system32\profapi.dll
0x0000000074df0000 - 0x0000000074e0a000 	C:\Program Files\Java\jdk1.8.0_51\jre\bin\net.dll
0x0000000180000000 - 0x000000018004f000 	C:\Program Files\NVIDIA Corporation\NetworkAccessManager\bin32\nvLsp64.dll
0x000007fefdff0000 - 0x000007fefe0c7000 	C:\Windows\system32\OLEAUT32.dll
0x000007fefcd70000 - 0x000007fefcdc5000 	C:\Windows\system32\mswsock.dll
0x000007fefcd60000 - 0x000007fefcd67000 	C:\Windows\System32\wship6.dll
0x0000000074dd0000 - 0x0000000074de1000 	C:\Program Files\Java\jdk1.8.0_51\jre\bin\nio.dll
0x000007fef7b10000 - 0x000007fef7b22000 	C:\Users\mario.rscastro\.gradle\native\19\windows-amd64\native-platform.dll
0x000007fefad90000 - 0x000007fefadb7000 	C:\Windows\system32\IPHLPAPI.DLL
0x000007fefad80000 - 0x000007fefad8b000 	C:\Windows\system32\WINNSI.DLL
0x000007fefacb0000 - 0x000007fefacc8000 	C:\Windows\system32\dhcpcsvc.DLL
0x000007fefac90000 - 0x000007fefaca1000 	C:\Windows\system32\dhcpcsvc6.DLL
0x000007fefcdd0000 - 0x000007fefcde8000 	C:\Windows\system32\CRYPTSP.dll
0x000007fefcad0000 - 0x000007fefcb17000 	C:\Windows\system32\rsaenh.dll
0x000007fefc830000 - 0x000007fefc84e000 	C:\Windows\system32\USERENV.dll
0x000007fefd3d0000 - 0x000007fefd3df000 	C:\Windows\system32\CRYPTBASE.dll
0x000007fefd480000 - 0x000007fefd4d7000 	C:\Windows\system32\apphelp.dll
0x0000000074dc0000 - 0x0000000074dcd000 	C:\Program Files\Java\jdk1.8.0_51\jre\bin\management.dll
0x000007fef2da0000 - 0x000007fef2ec5000 	C:\Windows\system32\dbghelp.dll

VM Arguments:
jvm_args: -XX:MaxPermSize=256m -XX:+HeapDumpOnOutOfMemoryError -Xmx1024m -Dfile.encoding=windows-1252 -Duser.country=BR -Duser.language=pt -Duser.variant 
java_command: org.gradle.launcher.daemon.bootstrap.GradleDaemon 2.4 C:\Users\mario.rscastro\.gradle C:\Users\mario.rscastro\.gradle\daemon 10800000 50c36009-950b-4e0c-b22e-3ece92721cee -XX:MaxPermSize=256m -XX:+HeapDumpOnOutOfMemoryError -Xmx1024m -Dfile.encoding=windows-1252 -Duser.country=BR -Duser.language=pt -Duser.variant
java_class_path (initial): C:\Users\mario.rscastro\.gradle\wrapper\dists\gradle-2.4-all\6r4uqcc6ovnq6ac6s0txzcpc0\gradle-2.4\lib\gradle-launcher-2.4.jar
Launcher Type: SUN_STANDARD

Environment Variables:
PATH=C:\ProgramData\Oracle\Java\javapath;C:\Program Files (x86)\NVIDIA Corporation\PhysX\Common;C:\Windows\system32;C:\Windows;C:\Windows\System32\Wbem;C:\Windows\System32\WindowsPowerShell\v1.0\;C:\Program Files (x86)\Brackets\command
USERNAME=mario.rscastro
OS=Windows_NT
PROCESSOR_IDENTIFIER=Intel64 Family 6 Model 23 Stepping 7, GenuineIntel



---------------  S Y S T E M  ---------------

OS: Windows 7 , 64 bit Build 7601 (6.1.7601.18933)

CPU:total 4 (4 cores per cpu, 1 threads per core) family 6 model 23 stepping 7, cmov, cx8, fxsr, mmx, sse, sse2, sse3, ssse3, sse4.1, tsc

Memory: 4k page, physical 7076392k(1983176k free), swap 19654392k(13462280k free)

vm_info: Java HotSpot(TM) 64-Bit Server VM (25.51-b03) for windows-amd64 JRE (1.8.0_51-b16), built on Jun  8 2015 18:03:07 by "java_re" with MS VC++ 10.0 (VS2010)

time: Wed Oct 21 15:13:29 2015
elapsed time: 51 seconds (0d 0h 0m 51s)

