#
# A fatal error has been detected by the Java Runtime Environment:
#
#  EXCEPTION_ACCESS_VIOLATION (0xc0000005) at pc=0xffffffffa4a35120, pid=732, tid=6792
#
# JRE version: Java(TM) SE Runtime Environment (8.0_51-b16) (build 1.8.0_51-b16)
# Java VM: Java HotSpot(TM) 64-Bit Server VM (25.51-b03 mixed mode windows-amd64 compressed oops)
# Problematic frame:
# C  0xffffffffa4a35120
#
# Failed to write core dump. Minidumps are not enabled by default on client versions of Windows
#
# If you would like to submit a bug report, please visit:
#   http://bugreport.java.com/bugreport/crash.jsp
#

---------------  T H R E A D  ---------------

Current thread (0x0000000058461000):  JavaThread "Daemon worker" [_thread_in_Java, id=6792, stack(0x00000000597d0000,0x00000000598d0000)]

siginfo: ExceptionCode=0xc0000005, ExceptionInformation=0x0000000000000008 0xffffffffa4a35120

Registers:
RAX=0x0000000014ae3e20, RBX=0x000000005ff92aa8, RCX=0x0000000000000b92, RDX=0x00000000f7030990
RSP=0x00000000598ccc88, RBP=0x00000000598cce40, RSI=0x00000000f7030990, RDI=0x00000000604c5018
R8 =0x00000000f8683b78, R9 =0x0000000000000df0, R10=0x0000000014fedb10, R11=0x00000000000005b0
R12=0x0000000000000000, R13=0x000000000482adbc, R14=0x00000000598ccc28, R15=0x0000000058461000
RIP=0xffffffffa4a35120, EFLAGS=0x0000000000010246

Top of Stack: (sp=0x00000000598ccc88)
0x00000000598ccc88:   00000000048037cc 00000000000000a0
0x00000000598ccc98:   00000000598ccc98 000000005c7a0828
0x00000000598ccca8:   00000000598ccce8 00000000f7030990
0x00000000598cccb8:   00000000f8683b78 000000005c7a0850
0x00000000598cccc8:   0000000000000000 00000000f86eb820
0x00000000598cccd8:   00000000f86eb878 00000000f8683b78
0x00000000598ccce8:   00000000f7030990 00000000598cce40
0x00000000598cccf8:   000000000480b3b4 00000000598ccd68
0x00000000598ccd08:   000000005c7e50f0 0000000000000000
0x00000000598ccd18:   000000005c7e32d8 0000000000000000
0x00000000598ccd28:   00000000598ccd60 00000000f7030990
0x00000000598ccd38:   00000000f8683b78 00000000598ccdb0
0x00000000598ccd48:   0000000002a37860 0000000000000000
0x00000000598ccd58:   0000000002a37860 00000000f7030990
0x00000000598ccd68:   0000000000000000 00000000598ccd70
0x00000000598ccd78:   00000000604a1aa0 00000000598cce40 

Instructions: (pc=0xffffffffa4a35120)
0xffffffffa4a35100:   
[error occurred during error reporting (printing registers, top of stack, instructions near pc), id 0xc0000005]

Register to memory mapping:

RAX=0x0000000014ae3e20 is pointing into metadata
RBX={method} {0x000000005ff92ab0} 'getLocalName' '()Ljava/lang/String;' in 'com/sun/org/apache/xerces/internal/dom/ElementNSImpl'
RCX=0x0000000000000b92 is an unknown value
RDX=0x00000000f7030990 is an oop
com.sun.org.apache.xerces.internal.dom.DeferredElementNSImpl 
 - klass: 'com/sun/org/apache/xerces/internal/dom/DeferredElementNSImpl'
RSP=0x00000000598ccc88 is pointing into the stack for thread: 0x0000000058461000
RBP=0x00000000598cce40 is pointing into the stack for thread: 0x0000000058461000
RSI=0x00000000f7030990 is an oop
com.sun.org.apache.xerces.internal.dom.DeferredElementNSImpl 
 - klass: 'com/sun/org/apache/xerces/internal/dom/DeferredElementNSImpl'
RDI=0x00000000604c5018 is pointing into metadata
R8 =0x00000000f8683b78 is an oop
com.sun.org.apache.xerces.internal.dom.DocumentImpl 
 - klass: 'com/sun/org/apache/xerces/internal/dom/DocumentImpl'
R9 =0x0000000000000df0 is an unknown value
R10=0x0000000014fedb10 is pointing into metadata
R11=0x00000000000005b0 is an unknown value
R12=0x0000000000000000 is an unknown value
R13=0x000000000482adbc is at entry_point+252 in (nmethod*)0x000000000482ab50
R14=0x00000000598ccc28 is pointing into the stack for thread: 0x0000000058461000
R15=0x0000000058461000 is a thread


Stack: [0x00000000597d0000,0x00000000598d0000],  sp=0x00000000598ccc88,  free space=1011k
Native frames: (J=compiled Java code, j=interpreted, Vv=VM code, C=native code)
C  0xffffffffa4a35120


---------------  P R O C E S S  ---------------

Java Threads: ( => current thread )
  0x0000000058c38000 JavaThread "Stdin handler" [_thread_blocked, id=6368, stack(0x000000005e5c0000,0x000000005e6c0000)]
  0x0000000058c37000 JavaThread "Cancel handler" [_thread_blocked, id=6020, stack(0x000000005e250000,0x000000005e350000)]
  0x0000000058c35800 JavaThread "Handler for socket connection from /127.0.0.1:58822 to /127.0.0.1:59163" [_thread_in_native, id=4596, stack(0x0000000059660000,0x0000000059760000)]
  0x0000000058fab000 JavaThread "File lock request listener" [_thread_in_native, id=6940, stack(0x000000005af40000,0x000000005b040000)]
=>0x0000000058461000 JavaThread "Daemon worker" [_thread_in_Java, id=6792, stack(0x00000000597d0000,0x00000000598d0000)]
  0x000000005844c800 JavaThread "Daemon" [_thread_blocked, id=6624, stack(0x0000000059490000,0x0000000059590000)]
  0x000000005835d000 JavaThread "Incoming local TCP Connector on port 58822" [_thread_in_native, id=5296, stack(0x0000000059030000,0x0000000059130000)]
  0x0000000056911800 JavaThread "Service Thread" daemon [_thread_blocked, id=4660, stack(0x00000000573d0000,0x00000000574d0000)]
  0x000000005688c000 JavaThread "C1 CompilerThread2" daemon [_thread_blocked, id=6580, stack(0x00000000572b0000,0x00000000573b0000)]
  0x000000005688a800 JavaThread "C2 CompilerThread1" daemon [_thread_in_native, id=6492, stack(0x0000000057110000,0x0000000057210000)]
  0x0000000056884000 JavaThread "C2 CompilerThread0" daemon [_thread_blocked, id=6812, stack(0x0000000056ec0000,0x0000000056fc0000)]
  0x0000000056880800 JavaThread "Attach Listener" daemon [_thread_blocked, id=4600, stack(0x0000000056db0000,0x0000000056eb0000)]
  0x00000000552e5000 JavaThread "Signal Dispatcher" daemon [_thread_blocked, id=2716, stack(0x00000000561d0000,0x00000000562d0000)]
  0x0000000055289000 JavaThread "Finalizer" daemon [_thread_blocked, id=6488, stack(0x0000000056780000,0x0000000056880000)]
  0x0000000055282000 JavaThread "Reference Handler" daemon [_thread_blocked, id=6700, stack(0x00000000565b0000,0x00000000566b0000)]
  0x00000000022ff000 JavaThread "main" [_thread_blocked, id=6052, stack(0x0000000002660000,0x0000000002760000)]

Other Threads:
  0x000000005527c800 VMThread [stack: 0x00000000563b0000,0x00000000564b0000] [id=6892]
  0x0000000056913000 WatcherThread [stack: 0x00000000574e0000,0x00000000575e0000] [id=6724]

VM state:not at safepoint (normal execution)

VM Mutex/Monitor currently owned by a thread: None

Heap:
 PSYoungGen      total 322560K, used 239383K [0x00000000eab00000, 0x0000000100000000, 0x0000000100000000)
  eden space 295936K, 77% used [0x00000000eab00000,0x00000000f8b2e588,0x00000000fcc00000)
  from space 26624K, 36% used [0x00000000fcc00000,0x00000000fd597a50,0x00000000fe600000)
  to   space 25088K, 0% used [0x00000000fe780000,0x00000000fe780000,0x0000000100000000)
 ParOldGen       total 72704K, used 58410K [0x00000000c0000000, 0x00000000c4700000, 0x00000000eab00000)
  object space 72704K, 80% used [0x00000000c0000000,0x00000000c390a960,0x00000000c4700000)
 Metaspace       used 50912K, capacity 54790K, committed 55040K, reserved 1095680K
  class space    used 6947K, capacity 8168K, committed 8192K, reserved 1048576K

Card table byte_map: [0x0000000011df0000,0x0000000012000000] byte_map_base: 0x00000000117f0000

Marking Bits: (ParMarkBitMap*) 0x000000006c9c4040
 Begin Bits: [0x00000000126f0000, 0x00000000136f0000)
 End Bits:   [0x00000000136f0000, 0x00000000146f0000)

Polling page: 0x0000000000280000

CodeCache: size=245760Kb used=30728Kb max_used=30740Kb free=215031Kb
 bounds [0x0000000002a30000, 0x0000000004860000, 0x0000000011a30000]
 total_blobs=8698 nmethods=8007 adapters=603
 compilation: enabled

Compilation events (10 events):
Event: 156.821 Thread 0x000000005688c000 nmethod 9365 0x000000000483fc10 code [0x000000000483fe60, 0x0000000004840ed8]
Event: 156.821 Thread 0x000000005688c000 9367       3       com.sun.org.apache.xerces.internal.dom.NodeImpl::hasStringValue (29 bytes)
Event: 156.822 Thread 0x000000005688c000 nmethod 9367 0x000000000483aa50 code [0x000000000483aba0, 0x000000000483ad50]
Event: 156.822 Thread 0x000000005688c000 9363       3       com.sun.org.apache.xerces.internal.dom.DeferredAttrNSImpl::synchronizeChildren (18 bytes)
Event: 156.822 Thread 0x000000005688c000 nmethod 9363 0x0000000004835a90 code [0x0000000004835c40, 0x0000000004836338]
Event: 156.822 Thread 0x000000005688c000 9364       3       com.sun.org.apache.xerces.internal.dom.DeferredDocumentImpl::synchronizeChildren (167 bytes)
Event: 156.823 Thread 0x000000005688c000 nmethod 9364 0x0000000004849990 code [0x0000000004849be0, 0x000000000484ad08]
Event: 156.823 Thread 0x000000005688c000 9360       3       com.sun.org.apache.xerces.internal.dom.ElementNSImpl::getLocalName (16 bytes)
Event: 156.823 Thread 0x000000005688c000 nmethod 9360 0x00000000048354d0 code [0x0000000004835640, 0x00000000048359c8]
Event: 156.823 Thread 0x000000005688c000 9374       3       com.sun.org.apache.xerces.internal.util.XMLChar::isValidName (56 bytes)

GC Heap History (10 events):
Event: 9.566 GC heap before
{Heap before GC invocations=10 (full 2):
 PSYoungGen      total 326144K, used 14827K [0x00000000eab00000, 0x0000000100000000, 0x0000000100000000)
  eden space 311296K, 0% used [0x00000000eab00000,0x00000000eab00000,0x00000000fdb00000)
  from space 14848K, 99% used [0x00000000ff180000,0x00000000ffffaca0,0x0000000100000000)
  to   space 18944K, 0% used [0x00000000fdb00000,0x00000000fdb00000,0x00000000fed80000)
 ParOldGen       total 50688K, used 12034K [0x00000000c0000000, 0x00000000c3180000, 0x00000000eab00000)
  object space 50688K, 23% used [0x00000000c0000000,0x00000000c0bc0ba8,0x00000000c3180000)
 Metaspace       used 34351K, capacity 35386K, committed 35456K, reserved 1079296K
  class space    used 4593K, capacity 4989K, committed 4992K, reserved 1048576K
Event: 9.728 GC heap after
Heap after GC invocations=10 (full 2):
 PSYoungGen      total 326144K, used 0K [0x00000000eab00000, 0x0000000100000000, 0x0000000100000000)
  eden space 311296K, 0% used [0x00000000eab00000,0x00000000eab00000,0x00000000fdb00000)
  from space 14848K, 0% used [0x00000000ff180000,0x00000000ff180000,0x0000000100000000)
  to   space 18944K, 0% used [0x00000000fdb00000,0x00000000fdb00000,0x00000000fed80000)
 ParOldGen       total 72704K, used 24003K [0x00000000c0000000, 0x00000000c4700000, 0x00000000eab00000)
  object space 72704K, 33% used [0x00000000c0000000,0x00000000c1770d98,0x00000000c4700000)
 Metaspace       used 34317K, capacity 35272K, committed 35456K, reserved 1079296K
  class space    used 4587K, capacity 4955K, committed 4992K, reserved 1048576K
}
Event: 13.157 GC heap before
{Heap before GC invocations=11 (full 2):
 PSYoungGen      total 326144K, used 276578K [0x00000000eab00000, 0x0000000100000000, 0x0000000100000000)
  eden space 311296K, 88% used [0x00000000eab00000,0x00000000fb918a60,0x00000000fdb00000)
  from space 14848K, 0% used [0x00000000ff180000,0x00000000ff180000,0x0000000100000000)
  to   space 18944K, 0% used [0x00000000fdb00000,0x00000000fdb00000,0x00000000fed80000)
 ParOldGen       total 72704K, used 24003K [0x00000000c0000000, 0x00000000c4700000, 0x00000000eab00000)
  object space 72704K, 33% used [0x00000000c0000000,0x00000000c1770d98,0x00000000c4700000)
 Metaspace       used 43770K, capacity 45714K, committed 46080K, reserved 1089536K
  class space    used 6049K, capacity 6798K, committed 6912K, reserved 1048576K
Event: 13.258 GC heap after
Heap after GC invocations=11 (full 2):
 PSYoungGen      total 330240K, used 18925K [0x00000000eab00000, 0x0000000100000000, 0x0000000100000000)
  eden space 311296K, 0% used [0x00000000eab00000,0x00000000eab00000,0x00000000fdb00000)
  from space 18944K, 99% used [0x00000000fdb00000,0x00000000fed7b7f0,0x00000000fed80000)
  to   space 18944K, 0% used [0x00000000fed80000,0x00000000fed80000,0x0000000100000000)
 ParOldGen       total 72704K, used 38336K [0x00000000c0000000, 0x00000000c4700000, 0x00000000eab00000)
  object space 72704K, 52% used [0x00000000c0000000,0x00000000c25701f0,0x00000000c4700000)
 Metaspace       used 43770K, capacity 45714K, committed 46080K, reserved 1089536K
  class space    used 6049K, capacity 6798K, committed 6912K, reserved 1048576K
}
Event: 13.258 GC heap before
{Heap before GC invocations=12 (full 3):
 PSYoungGen      total 330240K, used 18925K [0x00000000eab00000, 0x0000000100000000, 0x0000000100000000)
  eden space 311296K, 0% used [0x00000000eab00000,0x00000000eab00000,0x00000000fdb00000)
  from space 18944K, 99% used [0x00000000fdb00000,0x00000000fed7b7f0,0x00000000fed80000)
  to   space 18944K, 0% used [0x00000000fed80000,0x00000000fed80000,0x0000000100000000)
 ParOldGen       total 72704K, used 38336K [0x00000000c0000000, 0x00000000c4700000, 0x00000000eab00000)
  object space 72704K, 52% used [0x00000000c0000000,0x00000000c25701f0,0x00000000c4700000)
 Metaspace       used 43770K, capacity 45714K, committed 46080K, reserved 1089536K
  class space    used 6049K, capacity 6798K, committed 6912K, reserved 1048576K
Event: 13.612 GC heap after
Heap after GC invocations=12 (full 3):
 PSYoungGen      total 330240K, used 0K [0x00000000eab00000, 0x0000000100000000, 0x0000000100000000)
  eden space 311296K, 0% used [0x00000000eab00000,0x00000000eab00000,0x00000000fdb00000)
  from space 18944K, 0% used [0x00000000fdb00000,0x00000000fdb00000,0x00000000fed80000)
  to   space 18944K, 0% used [0x00000000fed80000,0x00000000fed80000,0x0000000100000000)
 ParOldGen       total 72704K, used 52258K [0x00000000c0000000, 0x00000000c4700000, 0x00000000eab00000)
  object space 72704K, 71% used [0x00000000c0000000,0x00000000c3308868,0x00000000c4700000)
 Metaspace       used 43770K, capacity 45714K, committed 46080K, reserved 1089536K
  class space    used 6049K, capacity 6798K, committed 6912K, reserved 1048576K
}
Event: 62.357 GC heap before
{Heap before GC invocations=13 (full 3):
 PSYoungGen      total 330240K, used 311296K [0x00000000eab00000, 0x0000000100000000, 0x0000000100000000)
  eden space 311296K, 100% used [0x00000000eab00000,0x00000000fdb00000,0x00000000fdb00000)
  from space 18944K, 0% used [0x00000000fdb00000,0x00000000fdb00000,0x00000000fed80000)
  to   space 18944K, 0% used [0x00000000fed80000,0x00000000fed80000,0x0000000100000000)
 ParOldGen       total 72704K, used 52258K [0x00000000c0000000, 0x00000000c4700000, 0x00000000eab00000)
  object space 72704K, 71% used [0x00000000c0000000,0x00000000c3308868,0x00000000c4700000)
 Metaspace       used 46872K, capacity 49886K, committed 50048K, reserved 1091584K
  class space    used 6477K, capacity 7474K, committed 7552K, reserved 1048576K
Event: 62.406 GC heap after
Heap after GC invocations=13 (full 3):
 PSYoungGen      total 314880K, used 9068K [0x00000000eab00000, 0x0000000100000000, 0x0000000100000000)
  eden space 295936K, 0% used [0x00000000eab00000,0x00000000eab00000,0x00000000fcc00000)
  from space 18944K, 47% used [0x00000000fed80000,0x00000000ff65b338,0x0000000100000000)
  to   space 26624K, 0% used [0x00000000fcc00000,0x00000000fcc00000,0x00000000fe600000)
 ParOldGen       total 72704K, used 52266K [0x00000000c0000000, 0x00000000c4700000, 0x00000000eab00000)
  object space 72704K, 71% used [0x00000000c0000000,0x00000000c330a868,0x00000000c4700000)
 Metaspace       used 46872K, capacity 49886K, committed 50048K, reserved 1091584K
  class space    used 6477K, capacity 7474K, committed 7552K, reserved 1048576K
}
Event: 88.280 GC heap before
{Heap before GC invocations=14 (full 3):
 PSYoungGen      total 314880K, used 305004K [0x00000000eab00000, 0x0000000100000000, 0x0000000100000000)
  eden space 295936K, 100% used [0x00000000eab00000,0x00000000fcc00000,0x00000000fcc00000)
  from space 18944K, 47% used [0x00000000fed80000,0x00000000ff65b338,0x0000000100000000)
  to   space 26624K, 0% used [0x00000000fcc00000,0x00000000fcc00000,0x00000000fe600000)
 ParOldGen       total 72704K, used 52266K [0x00000000c0000000, 0x00000000c4700000, 0x00000000eab00000)
  object space 72704K, 71% used [0x00000000c0000000,0x00000000c330a868,0x00000000c4700000)
 Metaspace       used 48175K, capacity 51714K, committed 51840K, reserved 1093632K
  class space    used 6594K, capacity 7734K, committed 7808K, reserved 1048576K
Event: 88.315 GC heap after
Heap after GC invocations=14 (full 3):
 PSYoungGen      total 322560K, used 9822K [0x00000000eab00000, 0x0000000100000000, 0x0000000100000000)
  eden space 295936K, 0% used [0x00000000eab00000,0x00000000eab00000,0x00000000fcc00000)
  from space 26624K, 36% used [0x00000000fcc00000,0x00000000fd597a50,0x00000000fe600000)
  to   space 25088K, 0% used [0x00000000fe780000,0x00000000fe780000,0x0000000100000000)
 ParOldGen       total 72704K, used 58410K [0x00000000c0000000, 0x00000000c4700000, 0x00000000eab00000)
  object space 72704K, 80% used [0x00000000c0000000,0x00000000c390a960,0x00000000c4700000)
 Metaspace       used 48175K, capacity 51714K, committed 51840K, reserved 1093632K
  class space    used 6594K, capacity 7734K, committed 7808K, reserved 1048576K
}

Deoptimization events (10 events):
Event: 156.777 Thread 0x0000000058461000 Uncommon trap: reason=class_check action=maybe_recompile pc=0x0000000004802cb0 method=com.sun.org.apache.xerces.internal.dom.NodeImpl.ownerDocument()Lcom/sun/org/apache/xerces/internal/dom/CoreDocumentImpl; @ 19
Event: 156.777 Thread 0x0000000058461000 Uncommon trap: reason=class_check action=maybe_recompile pc=0x0000000004802cb0 method=com.sun.org.apache.xerces.internal.dom.NodeImpl.ownerDocument()Lcom/sun/org/apache/xerces/internal/dom/CoreDocumentImpl; @ 19
Event: 156.777 Thread 0x0000000058461000 Uncommon trap: reason=unstable_if action=reinterpret pc=0x00000000047f0a44 method=com.sun.org.apache.xerces.internal.dom.ElementImpl.getAttributes()Lorg/w3c/dom/NamedNodeMap; @ 4
Event: 156.777 Thread 0x0000000058461000 Uncommon trap: reason=unstable_if action=reinterpret pc=0x00000000047d4bc8 method=com.sun.org.apache.xerces.internal.dom.DeferredDocumentImpl.clearChunkValue([[Ljava/lang/Object;II)Ljava/lang/String; @ 3
Event: 156.777 Thread 0x0000000058461000 Uncommon trap: reason=class_check action=maybe_recompile pc=0x0000000004802cb0 method=com.sun.org.apache.xerces.internal.dom.NodeImpl.ownerDocument()Lcom/sun/org/apache/xerces/internal/dom/CoreDocumentImpl; @ 19
Event: 156.777 Thread 0x0000000058461000 Uncommon trap: reason=class_check action=maybe_recompile pc=0x0000000004802cb0 method=com.sun.org.apache.xerces.internal.dom.NodeImpl.ownerDocument()Lcom/sun/org/apache/xerces/internal/dom/CoreDocumentImpl; @ 19
Event: 156.778 Thread 0x0000000058461000 Uncommon trap: reason=unstable_if action=reinterpret pc=0x000000000345b0e8 method=com.sun.org.apache.xerces.internal.dom.DeferredDocumentImpl.clearChunkValue([[Ljava/lang/Object;II)Ljava/lang/String; @ 3
Event: 156.799 Thread 0x0000000058461000 Uncommon trap: reason=unstable_if action=reinterpret pc=0x0000000004608c88 method=sun.nio.cs.UTF_8$Encoder.encodeArrayLoop(Ljava/nio/CharBuffer;Ljava/nio/ByteBuffer;)Ljava/nio/charset/CoderResult; @ 113
Event: 156.799 Thread 0x0000000058461000 Uncommon trap: reason=unstable_if action=reinterpret pc=0x000000000466a804 method=java.nio.charset.CharsetEncoder.encode(Ljava/nio/CharBuffer;Ljava/nio/ByteBuffer;Z)Ljava/nio/charset/CoderResult; @ 94
Event: 156.806 Thread 0x0000000058461000 Uncommon trap: reason=unstable_if action=reinterpret pc=0x0000000004829898 method=com.sun.org.apache.xerces.internal.dom.DeferredDocumentImpl.clearChunkValue([[Ljava/lang/Object;II)Ljava/lang/String; @ 3

Internal exceptions (10 events):
Event: 95.108 Thread 0x0000000058461000 Implicit null exception at 0x00000000043a96e2 to 0x00000000043abac5
Event: 95.110 Thread 0x0000000058461000 Implicit null exception at 0x0000000004398862 to 0x000000000439a159
Event: 95.228 Thread 0x0000000058461000 Implicit null exception at 0x00000000035d1958 to 0x00000000035d19e9
Event: 151.558 Thread 0x0000000058461000 Exception <a 'java/lang/ClassNotFoundException': asLocalRepo71_8ozfqv1ibll31s820mf15766aBeanInfo> (0x00000000ef448e80) thrown at [C:\re\workspace\8-2-build-windows-amd64-cygwin\jdk8u51\3951\hotspot\src\share\vm\classfile\systemDictionary.cpp, line 210]
Event: 151.558 Thread 0x0000000058461000 Exception <a 'java/lang/ClassNotFoundException': asLocalRepo71_8ozfqv1ibll31s820mf15766aCustomizer> (0x00000000ef451be8) thrown at [C:\re\workspace\8-2-build-windows-amd64-cygwin\jdk8u51\3951\hotspot\src\share\vm\classfile\systemDictionary.cpp, line 210]
Event: 156.653 Thread 0x0000000058461000 Implicit null exception at 0x00000000035b32de to 0x00000000035b4075
Event: 156.653 Thread 0x0000000058461000 Implicit null exception at 0x000000000342250a to 0x000000000342255d
Event: 156.777 Thread 0x0000000058461000 Implicit null exception at 0x00000000047d49f3 to 0x00000000047d4bad
Event: 156.778 Thread 0x0000000058461000 Implicit null exception at 0x000000000345af4e to 0x000000000345b0d1
Event: 156.806 Thread 0x0000000058461000 Implicit null exception at 0x00000000048290a5 to 0x0000000004829875

Events (10 events):
Event: 156.796 loading class com/google/common/io/ByteSink$AsCharSink done
Event: 156.799 Thread 0x0000000058461000 Uncommon trap: trap_request=0xffffff65 fr.pc=0x0000000004608c88
Event: 156.799 Thread 0x0000000058461000 DEOPT PACKING pc=0x0000000004608c88 sp=0x00000000598cc690
Event: 156.799 Thread 0x0000000058461000 DEOPT UNPACKING pc=0x0000000002a7556a sp=0x00000000598cc600 mode 2
Event: 156.799 Thread 0x0000000058461000 Uncommon trap: trap_request=0xffffff65 fr.pc=0x000000000466a804
Event: 156.799 Thread 0x0000000058461000 DEOPT PACKING pc=0x000000000466a804 sp=0x00000000598cc740
Event: 156.799 Thread 0x0000000058461000 DEOPT UNPACKING pc=0x0000000002a7556a sp=0x00000000598cc6d0 mode 2
Event: 156.806 Thread 0x0000000058461000 Uncommon trap: trap_request=0xffffff65 fr.pc=0x0000000004829898
Event: 156.806 Thread 0x0000000058461000 DEOPT PACKING pc=0x0000000004829898 sp=0x00000000598cca90
Event: 156.806 Thread 0x0000000058461000 DEOPT UNPACKING pc=0x0000000002a7556a sp=0x00000000598cc8d0 mode 2


Dynamic libraries:
0x000000013fc50000 - 0x000000013fc87000 	C:\Program Files\Java\jdk1.8.0_51\bin\java.exe
0x0000000077970000 - 0x0000000077b19000 	C:\Windows\SYSTEM32\ntdll.dll
0x0000000077850000 - 0x000000007796f000 	C:\Windows\system32\kernel32.dll
0x000007fefdbd0000 - 0x000007fefdc3c000 	C:\Windows\system32\KERNELBASE.dll
0x00000000755a0000 - 0x0000000075634000 	C:\Windows\System32\SYSFER.DLL
0x000007fefe130000 - 0x000007fefe20b000 	C:\Windows\system32\ADVAPI32.dll
0x000007feff600000 - 0x000007feff69f000 	C:\Windows\system32\msvcrt.dll
0x000007feff2b0000 - 0x000007feff2cf000 	C:\Windows\SYSTEM32\sechost.dll
0x000007fefdc80000 - 0x000007fefddad000 	C:\Windows\system32\RPCRT4.dll
0x0000000077750000 - 0x000000007784a000 	C:\Windows\system32\USER32.dll
0x000007feff590000 - 0x000007feff5f7000 	C:\Windows\system32\GDI32.dll
0x000007feff8f0000 - 0x000007feff8fe000 	C:\Windows\system32\LPK.dll
0x000007feff900000 - 0x000007feff9c9000 	C:\Windows\system32\USP10.dll
0x000007fefc280000 - 0x000007fefc474000 	C:\Windows\WinSxS\amd64_microsoft.windows.common-controls_6595b64144ccf1df_6.0.7601.18837_none_fa3b1e3d17594757\COMCTL32.dll
0x000007fefe340000 - 0x000007fefe3b1000 	C:\Windows\system32\SHLWAPI.dll
0x000007fefdff0000 - 0x000007fefe01e000 	C:\Windows\system32\IMM32.DLL
0x000007fefe020000 - 0x000007fefe129000 	C:\Windows\system32\MSCTF.dll
0x0000000073400000 - 0x00000000734d2000 	C:\Program Files\Java\jdk1.8.0_51\jre\bin\msvcr100.dll
0x000000006c1c0000 - 0x000000006ca43000 	C:\Program Files\Java\jdk1.8.0_51\jre\bin\server\jvm.dll
0x000007fef9270000 - 0x000007fef9279000 	C:\Windows\system32\WSOCK32.dll
0x000007feff8a0000 - 0x000007feff8ed000 	C:\Windows\system32\WS2_32.dll
0x000007fefddb0000 - 0x000007fefddb8000 	C:\Windows\system32\NSI.dll
0x000007fefb660000 - 0x000007fefb69b000 	C:\Windows\system32\WINMM.dll
0x000007fefca70000 - 0x000007fefca7c000 	C:\Windows\system32\VERSION.dll
0x0000000077b20000 - 0x0000000077b27000 	C:\Windows\system32\PSAPI.DLL
0x0000000075560000 - 0x000000007556f000 	C:\Program Files\Java\jdk1.8.0_51\jre\bin\verify.dll
0x0000000075530000 - 0x0000000075559000 	C:\Program Files\Java\jdk1.8.0_51\jre\bin\java.dll
0x0000000075510000 - 0x0000000075526000 	C:\Program Files\Java\jdk1.8.0_51\jre\bin\zip.dll
0x000007fefe3c0000 - 0x000007feff149000 	C:\Windows\system32\SHELL32.dll
0x000007feff9d0000 - 0x000007feffbd3000 	C:\Windows\system32\ole32.dll
0x000007fefd870000 - 0x000007fefd87f000 	C:\Windows\system32\profapi.dll
0x00000000754f0000 - 0x000000007550a000 	C:\Program Files\Java\jdk1.8.0_51\jre\bin\net.dll
0x0000000180000000 - 0x000000018004f000 	C:\Program Files\NVIDIA Corporation\NetworkAccessManager\bin32\nvLsp64.dll
0x000007feff1d0000 - 0x000007feff2a7000 	C:\Windows\system32\OLEAUT32.dll
0x000007fefd0e0000 - 0x000007fefd135000 	C:\Windows\system32\mswsock.dll
0x000007fefd0d0000 - 0x000007fefd0d7000 	C:\Windows\System32\wship6.dll
0x00000000754b0000 - 0x00000000754c1000 	C:\Program Files\Java\jdk1.8.0_51\jre\bin\nio.dll
0x000007fef92c0000 - 0x000007fef92d2000 	C:\Users\mario.rscastro\.gradle\native\19\windows-amd64\native-platform.dll
0x000007fefad70000 - 0x000007fefad97000 	C:\Windows\system32\IPHLPAPI.DLL
0x000007fefad60000 - 0x000007fefad6b000 	C:\Windows\system32\WINNSI.DLL
0x000007fefac90000 - 0x000007fefaca8000 	C:\Windows\system32\dhcpcsvc.DLL
0x000007fefac70000 - 0x000007fefac81000 	C:\Windows\system32\dhcpcsvc6.DLL
0x000007fefd140000 - 0x000007fefd158000 	C:\Windows\system32\CRYPTSP.dll
0x000007fefce40000 - 0x000007fefce87000 	C:\Windows\system32\rsaenh.dll
0x000007fefcbb0000 - 0x000007fefcbce000 	C:\Windows\system32\USERENV.dll
0x000007fefd740000 - 0x000007fefd74f000 	C:\Windows\system32\CRYPTBASE.dll
0x000007fefd7f0000 - 0x000007fefd847000 	C:\Windows\system32\apphelp.dll
0x0000000075570000 - 0x000000007557d000 	C:\Program Files\Java\jdk1.8.0_51\jre\bin\management.dll
0x000007fef3120000 - 0x000007fef3245000 	C:\Windows\system32\dbghelp.dll

VM Arguments:
jvm_args: -XX:MaxPermSize=256m -XX:+HeapDumpOnOutOfMemoryError -Xmx1024m -Dfile.encoding=windows-1252 -Duser.country=BR -Duser.language=pt -Duser.variant 
java_command: org.gradle.launcher.daemon.bootstrap.GradleDaemon 2.4 C:\Users\mario.rscastro\.gradle C:\Users\mario.rscastro\.gradle\daemon 10800000 76c01337-cd18-4e13-b6c8-3826f253b5fb -XX:MaxPermSize=256m -XX:+HeapDumpOnOutOfMemoryError -Xmx1024m -Dfile.encoding=windows-1252 -Duser.country=BR -Duser.language=pt -Duser.variant
java_class_path (initial): C:\Users\mario.rscastro\.gradle\wrapper\dists\gradle-2.4-all\6r4uqcc6ovnq6ac6s0txzcpc0\gradle-2.4\lib\gradle-launcher-2.4.jar
Launcher Type: SUN_STANDARD

Environment Variables:
PATH=C:\ProgramData\Oracle\Java\javapath;C:\Program Files (x86)\NVIDIA Corporation\PhysX\Common;C:\Windows\system32;C:\Windows;C:\Windows\System32\Wbem;C:\Windows\System32\WindowsPowerShell\v1.0\;C:\Program Files (x86)\Brackets\command
USERNAME=mario.rscastro
OS=Windows_NT
PROCESSOR_IDENTIFIER=Intel64 Family 6 Model 23 Stepping 7, GenuineIntel



---------------  S Y S T E M  ---------------

OS: Windows 7 , 64 bit Build 7601 (6.1.7601.18933)

CPU:total 4 (4 cores per cpu, 1 threads per core) family 6 model 23 stepping 7, cmov, cx8, fxsr, mmx, sse, sse2, sse3, ssse3, sse4.1, tsc

Memory: 4k page, physical 7076392k(2189600k free), swap 19654392k(13625652k free)

vm_info: Java HotSpot(TM) 64-Bit Server VM (25.51-b03) for windows-amd64 JRE (1.8.0_51-b16), built on Jun  8 2015 18:03:07 by "java_re" with MS VC++ 10.0 (VS2010)

time: Fri Oct 02 18:41:14 2015
elapsed time: 156 seconds (0d 0h 2m 36s)

