#
# A fatal error has been detected by the Java Runtime Environment:
#
#  EXCEPTION_ACCESS_VIOLATION (0xc0000005) at pc=0xffffffffa3ad5120, pid=3932, tid=4364
#
# JRE version: Java(TM) SE Runtime Environment (8.0_51-b16) (build 1.8.0_51-b16)
# Java VM: Java HotSpot(TM) 64-Bit Server VM (25.51-b03 mixed mode windows-amd64 compressed oops)
# Problematic frame:
# C  0xffffffffa3ad5120
#
# Failed to write core dump. Minidumps are not enabled by default on client versions of Windows
#
# If you would like to submit a bug report, please visit:
#   http://bugreport.java.com/bugreport/crash.jsp
#

---------------  T H R E A D  ---------------

Current thread (0x00000000023e8000):  JavaThread "main" [_thread_in_Java, id=4364, stack(0x0000000002700000,0x0000000002800000)]

siginfo: ExceptionCode=0xc0000005, ExceptionInformation=0x0000000000000008 0xffffffffa3ad5120

Registers:
RAX=0x00000000eb73ba88, RBX=0x00000000eb73bad0, RCX=0x000000005533c0b0, RDX=0x00000000eb73ba28
RSP=0x00000000027fe1a8, RBP=0x00000000027fe848, RSI=0x0000000054e37578, RDI=0x0000000011890000
R8 =0x00000000000000c2, R9 =0x00000000eb73ba28, R10=0x00000000eadeb330, R11=0x00000000027fdfa0
R12=0x0000000000000000, R13=0x00000000027fe7f0, R14=0x00000000027fe890, R15=0x00000000023e8000
RIP=0xffffffffa3ad5120, EFLAGS=0x0000000000010202

Top of Stack: (sp=0x00000000027fe1a8)
0x00000000027fe1a8:   0000000002c3d254 0000000000000000
0x00000000027fe1b8:   00000000775b1a7a 0000000000160000
0x00000000027fe1c8:   00000000027fe401 0000000000000000
0x00000000027fe1d8:   0000000000000007 0000000000000000
0x00000000027fe1e8:   0000000000000000 ffffffffffffffff
0x00000000027fe1f8:   ffffffffffff0000 0000000000000000
0x00000000027fe208:   0000000000000000 0000000000000007
0x00000000027fe218:   0000000000000000 0000000000000000
0x00000000027fe228:   0000000000000007 00000000778c0000
0x00000000027fe238:   0000000000000000 0000000000000000
0x00000000027fe248:   0000000000000007 00000000eb73b398
0x00000000027fe258:   00000d6e00000d6d 00000000eb73b3b0
0x00000000027fe268:   00000000eb73ba28 00000000000000c2
0x00000000027fe278:   0000000000000000 0000000000000007
0x00000000027fe288:   000000000035af20 00000124c8b35169
0x00000000027fe298:   000000000035ca38 0000000000000005 

Instructions: (pc=0xffffffffa3ad5120)
0xffffffffa3ad5100:   
[error occurred during error reporting (printing registers, top of stack, instructions near pc), id 0xc0000005]

Register to memory mapping:

RAX=0x00000000eb73ba88 is an oop
com.android.dx.rop.cst.CstString 
 - klass: 'com/android/dx/rop/cst/CstString'
RBX=0x00000000eb73bad0 is an oop
java.lang.String 
 - klass: 'java/lang/String'
RCX=0x000000005533c0b0 is an unknown value
RDX=0x00000000eb73ba28 is an oop
java.util.BitSet 
 - klass: 'java/util/BitSet'
RSP=0x00000000027fe1a8 is pointing into the stack for thread: 0x00000000023e8000
RBP=0x00000000027fe848 is pointing into the stack for thread: 0x00000000023e8000
RSI=0x0000000054e37578 is pointing into metadata
RDI=0x0000000011890000 is an unknown value
R8 =0x00000000000000c2 is an unknown value
R9 =0x00000000eb73ba28 is an oop
java.util.BitSet 
 - klass: 'java/util/BitSet'
R10=0x00000000eadeb330 is an oop
java.lang.String 
 - klass: 'java/lang/String'
R11=0x00000000027fdfa0 is pointing into the stack for thread: 0x00000000023e8000
R12=0x0000000000000000 is an unknown value
R13=0x00000000027fe7f0 is pointing into the stack for thread: 0x00000000023e8000
R14=0x00000000027fe890 is pointing into the stack for thread: 0x00000000023e8000
R15=0x00000000023e8000 is a thread


Stack: [0x0000000002700000,0x0000000002800000],  sp=0x00000000027fe1a8,  free space=1016k
Native frames: (J=compiled Java code, j=interpreted, Vv=VM code, C=native code)
C  0xffffffffa3ad5120


---------------  P R O C E S S  ---------------

Java Threads: ( => current thread )
  0x0000000056851800 JavaThread "pool-1-thread-4" [_thread_blocked, id=4316, stack(0x0000000057c50000,0x0000000057d50000)]
  0x0000000056851000 JavaThread "pool-1-thread-3" [_thread_in_vm, id=4516, stack(0x0000000057b30000,0x0000000057c30000)]
  0x0000000056850000 JavaThread "pool-1-thread-2" [_thread_in_vm, id=4052, stack(0x00000000579c0000,0x0000000057ac0000)]
  0x0000000056847800 JavaThread "pool-2-thread-1" [_thread_blocked, id=5336, stack(0x00000000577d0000,0x00000000578d0000)]
  0x0000000056842000 JavaThread "pool-1-thread-1" [_thread_blocked, id=5788, stack(0x0000000057610000,0x0000000057710000)]
  0x0000000056706000 JavaThread "Service Thread" daemon [_thread_blocked, id=4372, stack(0x0000000057220000,0x0000000057320000)]
  0x00000000553ae800 JavaThread "C1 CompilerThread2" daemon [_thread_in_vm, id=1064, stack(0x00000000570a0000,0x00000000571a0000)]
  0x0000000056688000 JavaThread "C2 CompilerThread1" daemon [_thread_blocked, id=5796, stack(0x0000000056d20000,0x0000000056e20000)]
  0x0000000056681800 JavaThread "C2 CompilerThread0" daemon [_thread_blocked, id=5824, stack(0x0000000056e90000,0x0000000056f90000)]
  0x00000000553a2000 JavaThread "Attach Listener" daemon [_thread_blocked, id=6028, stack(0x0000000056a90000,0x0000000056b90000)]
  0x000000005668c000 JavaThread "Signal Dispatcher" daemon [_thread_blocked, id=5392, stack(0x0000000056bf0000,0x0000000056cf0000)]
  0x0000000055348000 JavaThread "Finalizer" daemon [_thread_blocked, id=2984, stack(0x0000000056460000,0x0000000056560000)]
  0x0000000055341000 JavaThread "Reference Handler" daemon [_thread_blocked, id=4296, stack(0x0000000056580000,0x0000000056680000)]
=>0x00000000023e8000 JavaThread "main" [_thread_in_Java, id=4364, stack(0x0000000002700000,0x0000000002800000)]

Other Threads:
  0x000000005533b800 VMThread [stack: 0x0000000056350000,0x0000000056450000] [id=5380]
  0x0000000056707800 WatcherThread [stack: 0x0000000057410000,0x0000000057510000] [id=4992]

VM state:synchronizing (normal execution)

VM Mutex/Monitor currently owned by a thread:  ([mutex/lock_event])
[0x00000000001ad6f0] Safepoint_lock - owner thread: 0x000000005533b800
[0x00000000001ad770] Threads_lock - owner thread: 0x000000005533b800
[0x00000000001addf0] CompiledIC_lock - owner thread: 0x0000000056842000

Heap:
 PSYoungGen      total 32256K, used 15505K [0x00000000eab00000, 0x00000000ecf00000, 0x0000000100000000)
  eden space 27648K, 56% used [0x00000000eab00000,0x00000000eba24520,0x00000000ec600000)
  from space 4608K, 0% used [0x00000000eca80000,0x00000000eca80000,0x00000000ecf00000)
  to   space 4608K, 0% used [0x00000000ec600000,0x00000000ec600000,0x00000000eca80000)
 ParOldGen       total 73728K, used 0K [0x00000000c0000000, 0x00000000c4800000, 0x00000000eab00000)
  object space 73728K, 0% used [0x00000000c0000000,0x00000000c0000000,0x00000000c4800000)
 Metaspace       used 5471K, capacity 6640K, committed 6784K, reserved 1056768K
  class space    used 575K, capacity 616K, committed 640K, reserved 1048576K

Card table byte_map: [0x0000000011e90000,0x00000000120a0000] byte_map_base: 0x0000000011890000

Marking Bits: (ParMarkBitMap*) 0x000000006ab74040
 Begin Bits: [0x00000000127b0000, 0x00000000137b0000)
 End Bits:   [0x00000000137b0000, 0x00000000147b0000)

Polling page: 0x0000000000170000

CodeCache: size=245760Kb used=2778Kb max_used=2784Kb free=242981Kb
 bounds [0x0000000002ad0000, 0x0000000002d90000, 0x0000000011ad0000]
 total_blobs=1017 nmethods=750 adapters=182
 compilation: enabled

Compilation events (10 events):
Event: 0.370 Thread 0x00000000553ae800  673       1       java.util.concurrent.locks.AbstractQueuedSynchronizer::getState (5 bytes)
Event: 0.370 Thread 0x00000000553ae800 nmethod 673 0x0000000002d594d0 code [0x0000000002d59620, 0x0000000002d59730]
Event: 0.370 Thread 0x00000000553ae800  596       1       java.util.concurrent.locks.AbstractOwnableSynchronizer::getExclusiveOwnerThread (5 bytes)
Event: 0.370 Thread 0x0000000056681800 nmethod 686 0x0000000002d59790 code [0x0000000002d598c0, 0x0000000002d59a18]
Event: 0.370 Thread 0x00000000553ae800 nmethod 596 0x0000000002d59210 code [0x0000000002d59360, 0x0000000002d59470]
Event: 0.370 Thread 0x00000000553ae800  579       1       com.android.dx.dex.code.LocalSnapshot::getLocals (5 bytes)
Event: 0.370 Thread 0x00000000553ae800 nmethod 579 0x0000000002d58f50 code [0x0000000002d590a0, 0x0000000002d591b0]
Event: 0.370 Thread 0x00000000553ae800  687       3       com.android.dx.ssa.SsaRenamer$BlockRenamer::processResultReg (56 bytes)
Event: 0.370 Thread 0x00000000553ae800 nmethod 687 0x0000000002d58190 code [0x0000000002d58360, 0x0000000002d58bf8]
Event: 0.370 Thread 0x00000000553ae800  688       3       com.android.dx.ssa.SsaRenamer$BlockRenamer::addMapping (143 bytes)

GC Heap History (0 events):
No events

Deoptimization events (10 events):
Event: 0.217 Thread 0x00000000023e8000 Uncommon trap: reason=class_check action=maybe_recompile pc=0x0000000002c5dad4 method=com.android.dx.rop.cst.Constant.compareTo(Ljava/lang/Object;)I @ 2
Event: 0.217 Thread 0x00000000023e8000 Uncommon trap: reason=class_check action=maybe_recompile pc=0x0000000002c5dad4 method=com.android.dx.rop.cst.Constant.compareTo(Ljava/lang/Object;)I @ 2
Event: 0.217 Thread 0x00000000023e8000 Uncommon trap: reason=class_check action=maybe_recompile pc=0x0000000002c5dad4 method=com.android.dx.rop.cst.Constant.compareTo(Ljava/lang/Object;)I @ 2
Event: 0.301 Thread 0x0000000056851000 Uncommon trap: reason=speculate_class_check action=maybe_recompile pc=0x0000000002cc2620 method=com.android.dx.rop.cst.Constant.compareTo(Lcom/android/dx/rop/cst/Constant;)I @ 29
Event: 0.301 Thread 0x0000000056851000 Uncommon trap: reason=speculate_class_check action=maybe_recompile pc=0x0000000002cc2620 method=com.android.dx.rop.cst.Constant.compareTo(Lcom/android/dx/rop/cst/Constant;)I @ 29
Event: 0.301 Thread 0x0000000056851000 Uncommon trap: reason=speculate_class_check action=maybe_recompile pc=0x0000000002cc2620 method=com.android.dx.rop.cst.Constant.compareTo(Lcom/android/dx/rop/cst/Constant;)I @ 29
Event: 0.301 Thread 0x0000000056851000 Uncommon trap: reason=speculate_class_check action=maybe_recompile pc=0x0000000002cc2620 method=com.android.dx.rop.cst.Constant.compareTo(Lcom/android/dx/rop/cst/Constant;)I @ 29
Event: 0.313 Thread 0x0000000056850000 Uncommon trap: reason=unstable_if action=reinterpret pc=0x0000000002cc3a68 method=com.android.dx.rop.cst.CstFieldRef.compareTo0(Lcom/android/dx/rop/cst/Constant;)I @ 7
Event: 0.332 Thread 0x0000000056842000 Uncommon trap: reason=unstable_if action=reinterpret pc=0x0000000002ce083c method=java.util.HashMap.getNode(ILjava/lang/Object;)Ljava/util/HashMap$Node; @ 62
Event: 0.343 Thread 0x0000000056842000 Uncommon trap: reason=unstable_if action=reinterpret pc=0x0000000002cb9b38 method=com.android.dx.rop.cst.CstFieldRef.compareTo0(Lcom/android/dx/rop/cst/Constant;)I @ 7

Internal exceptions (2 events):
Event: 0.045 Thread 0x00000000023e8000 Exception <a 'java/lang/NoSuchMethodError': Method sun.misc.Unsafe.defineClass(Ljava/lang/String;[BII)Ljava/lang/Class; name or signature does not match> (0x00000000eab0e658) thrown at [C:\re\workspace\8-2-build-windows-amd64-cygwin\jdk8u51\3951\hotspot\srÅ3—"Hß?
Event: 0.045 Thread 0x00000000023e8000 Exception <a 'java/lang/NoSuchMethodError': Method sun.misc.Unsafe.prefetchRead(Ljava/lang/Object;J)V name or signature does not match> (0x00000000eab0e8e8) thrown at [C:\re\workspace\8-2-build-windows-amd64-cygwin\jdk8u51\3951\hotspot\src\share\vm\prims\j

Events (10 events):
Event: 0.345 loading class com/android/dx/ssa/PhiInsn$Operand
Event: 0.345 loading class com/android/dx/ssa/PhiInsn$Operand done
Event: 0.347 loading class com/android/dx/ssa/back/FirstFitLocalCombiningAllocator$Multiset
Event: 0.347 loading class com/android/dx/ssa/back/FirstFitLocalCombiningAllocator$Multiset done
Event: 0.347 loading class com/android/dx/cf/code/Ropper$ExceptionHandlerSetup
Event: 0.347 loading class com/android/dx/cf/code/Ropper$ExceptionHandlerSetup done
Event: 0.354 loading class java/util/HashMap$Values
Event: 0.354 loading class java/util/HashMap$Values done
Event: 0.354 loading class java/util/HashMap$ValueIterator
Event: 0.354 loading class java/util/HashMap$ValueIterator done


Dynamic libraries:
0x000000013fd60000 - 0x000000013fd97000 	C:\Program Files\Java\jdk1.8.0_51\bin\java.exe
0x00000000777b0000 - 0x0000000077959000 	C:\Windows\SYSTEM32\ntdll.dll
0x0000000077590000 - 0x00000000776af000 	C:\Windows\system32\kernel32.dll
0x000007fefda10000 - 0x000007fefda7c000 	C:\Windows\system32\KERNELBASE.dll
0x00000000753e0000 - 0x0000000075474000 	C:\Windows\System32\SYSFER.DLL
0x000007feff170000 - 0x000007feff24b000 	C:\Windows\system32\ADVAPI32.dll
0x000007feff830000 - 0x000007feff8cf000 	C:\Windows\system32\msvcrt.dll
0x000007feff150000 - 0x000007feff16f000 	C:\Windows\SYSTEM32\sechost.dll
0x000007feff8d0000 - 0x000007feff9fd000 	C:\Windows\system32\RPCRT4.dll
0x00000000776b0000 - 0x00000000777aa000 	C:\Windows\system32\USER32.dll
0x000007fefdf30000 - 0x000007fefdf97000 	C:\Windows\system32\GDI32.dll
0x000007feffab0000 - 0x000007feffabe000 	C:\Windows\system32\LPK.dll
0x000007fefde30000 - 0x000007fefdef9000 	C:\Windows\system32\USP10.dll
0x000007fefc120000 - 0x000007fefc314000 	C:\Windows\WinSxS\amd64_microsoft.windows.common-controls_6595b64144ccf1df_6.0.7601.18837_none_fa3b1e3d17594757\COMCTL32.dll
0x000007fefddb0000 - 0x000007fefde21000 	C:\Windows\system32\SHLWAPI.dll
0x000007fefdf00000 - 0x000007fefdf2e000 	C:\Windows\system32\IMM32.DLL
0x000007fefed30000 - 0x000007fefee39000 	C:\Windows\system32\MSCTF.dll
0x0000000071060000 - 0x0000000071132000 	C:\Program Files\Java\jdk1.8.0_51\jre\bin\msvcr100.dll
0x000000006a370000 - 0x000000006abf3000 	C:\Program Files\Java\jdk1.8.0_51\jre\bin\server\jvm.dll
0x000007fef79e0000 - 0x000007fef79e9000 	C:\Windows\system32\WSOCK32.dll
0x000007feff100000 - 0x000007feff14d000 	C:\Windows\system32\WS2_32.dll
0x000007feffaa0000 - 0x000007feffaa8000 	C:\Windows\system32\NSI.dll
0x000007fefb4a0000 - 0x000007fefb4db000 	C:\Windows\system32\WINMM.dll
0x000007fefc8b0000 - 0x000007fefc8bc000 	C:\Windows\system32\VERSION.dll
0x0000000077960000 - 0x0000000077967000 	C:\Windows\system32\PSAPI.DLL
0x0000000075150000 - 0x000000007515f000 	C:\Program Files\Java\jdk1.8.0_51\jre\bin\verify.dll
0x00000000749c0000 - 0x00000000749e9000 	C:\Program Files\Java\jdk1.8.0_51\jre\bin\java.dll
0x0000000075130000 - 0x0000000075146000 	C:\Program Files\Java\jdk1.8.0_51\jre\bin\zip.dll
0x000007fefdfa0000 - 0x000007fefed29000 	C:\Windows\system32\SHELL32.dll
0x000007fefdac0000 - 0x000007fefdcc3000 	C:\Windows\system32\ole32.dll
0x000007fefd6b0000 - 0x000007fefd6bf000 	C:\Windows\system32\profapi.dll
0x000007fef3eb0000 - 0x000007fef3fd5000 	C:\Windows\system32\dbghelp.dll

VM Arguments:
jvm_args: -Xmx1024M -Dfile.encoding=windows-1252 -Duser.country=BR -Duser.language=pt -Duser.variant 
java_command: com.android.dx.command.Main --dex --num-threads=4 --output C:\Users\mario.rscastro\Documents\CidadeAumentadaAndroid\MapBoxApp\app\build\intermediates\dex\debug C:\Users\mario.rscastro\Documents\CidadeAumentadaAndroid\MapBoxApp\app\build\intermediates\classes\debug C:\Users\mario.rscastro\Documents\CidadeAumentadaAndroid\MapBoxApp\app\build\intermediates\pre-dexed\debug\support-annotations-23.0.1-1b3195150ae82649e4b7f4289bcb3d9b198dd118.jar C:\Users\mario.rscastro\Documents\CidadeAumentadaAndroid\MapBoxApp\app\build\intermediates\pre-dexed\debug\okhttp-urlconnection-2.4.0-00156a945ad2b37aef0056da0f5e520ae5bd2482.jar C:\Users\mario.rscastro\Documents\CidadeAumentadaAndroid\MapBoxApp\app\build\intermediates\pre-dexed\debug\disklrucache-2.0.2-a5fbd04fb7f7d9da02759abfe91e12aa007b2459.jar C:\Users\mario.rscastro\Documents\CidadeAumentadaAndroid\MapBoxApp\app\build\intermediates\pre-dexed\debug\classes-9abb9eae320c5be157d392a39c6ab5c638fe8025.jar C:\Users\mario.rscastro\Documents\CidadeAumentadaAndroid\MapBoxApp\app\build\intermediates\pre-dexed\debug\okio-1.4.0-c01a108f3550840c10f2f227b610029ee6eddedc.jar C:\Users\mario.rscastro\Documents\CidadeAumentadaAndroid\MapBoxApp\app\build\intermediates\pre-dexed\debug\library-2.4.0-7601f2bc285cac18a6c2abf82d255e22d01e9249.jar C:\Users\mario.rscastro\Documents\CidadeAumentadaAndroid\MapBoxApp\app\build\intermediates\pre-dexed\debug\android-async-http-1.4.9-949cd68dedca8831975e1dda13aa79ce431281ef.jar C:\Users\mario.rscastro\Documents\CidadeAumentadaAndroid\MapBoxApp\app\build\intermediates\pre-dexed\debug\classes-b0e0c7691903ffcfaa67bfca433251afc0715a56.jar C:\Users\mario.rscastro\Documents\CidadeAumentadaAndroid\MapBoxApp\app\build\intermediates\pre-dexed\debug\classes-13dfaa3c3db441c5503d000eaceafc6e8cf5a861.jar C:\Users\mario.rscastro\Documents\CidadeAumentadaAndroid\MapBoxApp\app\build\intermediates\pre-dexed\debug\internal_impl-23.0.1-38f8f5ed33c12bc73bf8c9827d838684b51a5179.jar C:\Users\mario.rscastro\Documen
java_class_path (initial): O:\AndroidStudioSDK\build-tools\23.0.1\lib\dx.jar
Launcher Type: SUN_STANDARD

Environment Variables:
PATH=C:\ProgramData\Oracle\Java\javapath;C:\Program Files (x86)\NVIDIA Corporation\PhysX\Common;C:\Windows\system32;C:\Windows;C:\Windows\System32\Wbem;C:\Windows\System32\WindowsPowerShell\v1.0\;C:\Program Files (x86)\Brackets\command
USERNAME=mario.rscastro
OS=Windows_NT
PROCESSOR_IDENTIFIER=Intel64 Family 6 Model 23 Stepping 7, GenuineIntel



---------------  S Y S T E M  ---------------

OS: Windows 7 , 64 bit Build 7601 (6.1.7601.18933)

CPU:total 4 (4 cores per cpu, 1 threads per core) family 6 model 23 stepping 7, cmov, cx8, fxsr, mmx, sse, sse2, sse3, ssse3, sse4.1, tsc

Memory: 4k page, physical 7076392k(2379112k free), swap 19654392k(14240304k free)

vm_info: Java HotSpot(TM) 64-Bit Server VM (25.51-b03) for windows-amd64 JRE (1.8.0_51-b16), built on Jun  8 2015 18:03:07 by "java_re" with MS VC++ 10.0 (VS2010)

time: Wed Oct 07 14:42:00 2015
elapsed time: 0 seconds (0d 0h 0m 0s)

