#
# A fatal error has been detected by the Java Runtime Environment:
#
#  EXCEPTION_ACCESS_VIOLATION (0xc0000005) at pc=0xffffffffa39e5120, pid=5552, tid=5772
#
# JRE version: Java(TM) SE Runtime Environment (8.0_51-b16) (build 1.8.0_51-b16)
# Java VM: Java HotSpot(TM) 64-Bit Server VM (25.51-b03 mixed mode windows-amd64 compressed oops)
# Problematic frame:
# C  0xffffffffa39e5120
#
# Failed to write core dump. Minidumps are not enabled by default on client versions of Windows
#
# If you would like to submit a bug report, please visit:
#   http://bugreport.java.com/bugreport/crash.jsp
#

---------------  T H R E A D  ---------------

Current thread (0x0000000002328000):  JavaThread "main" [_thread_in_Java, id=5772, stack(0x0000000002610000,0x0000000002710000)]

siginfo: ExceptionCode=0xc0000005, ExceptionInformation=0x0000000000000008 0xffffffffa39e5120

Registers:
RAX=0x00000000000027da, RBX=0x0000000000000148, RCX=0x00000000ebc0e2b8, RDX=0x00000000ebbf2250
RSP=0x000000000270ef08, RBP=0x000000000270f008, RSI=0x00000000ebbf2250, RDI=0x0000000054d6ed58
R8 =0x0000000000000218, R9 =0x00000000022e81b0, R10=0x000000006bfbbb50, R11=0x0000000002d89360
R12=0x0000000000000000, R13=0x000000000270efc0, R14=0x000000000270f030, R15=0x0000000002328000
RIP=0xffffffffa39e5120, EFLAGS=0x0000000000010202

Top of Stack: (sp=0x000000000270ef08)
0x000000000270ef08:   0000000002d8bf74 00000000022e81b0
0x000000000270ef18:   0000000000000176 0000000000000000
0x000000000270ef28:   0000000054d40468 000000000270ef60
0x000000000270ef38:   00000000ebc0e2b8 00000000ebbf2250
0x000000000270ef48:   00000000ebc0e2b8 00000000ebc0e2b8
0x000000000270ef58:   0000000054d40468 000000000270f008
0x000000000270ef68:   0000000002d89434 ffffffffffffffff
0x000000000270ef78:   0000000054d40468 000000000270f008
0x000000000270ef88:   00000000029ff3ac 0000000000000300
0x000000000270ef98:   00000000000000b6 000000000270f008
0x000000000270efa8:   00000000029e7860 00000000029e7a01
0x000000000270efb8:   00000000029e7860 00000000ebc0e2b8
0x000000000270efc8:   000000000270efc8 0000000054ea5da1
0x000000000270efd8:   000000000270f030 0000000054ea5e68
0x000000000270efe8:   0000000000000000 0000000054ea5df8
0x000000000270eff8:   000000000270efc0 000000000270f030 

Instructions: (pc=0xffffffffa39e5120)
0xffffffffa39e5100:   
[error occurred during error reporting (printing registers, top of stack, instructions near pc), id 0xc0000005]

Register to memory mapping:

RAX=0x00000000000027da is an unknown value
RBX=0x0000000000000148 is an unknown value
RCX=0x00000000ebc0e2b8 is an oop
java.util.TreeMap$ValueIterator 
 - klass: 'java/util/TreeMap$ValueIterator'
RDX=0x00000000ebbf2250 is an oop
java.util.TreeMap$Entry 
 - klass: 'java/util/TreeMap$Entry'
RSP=0x000000000270ef08 is pointing into the stack for thread: 0x0000000002328000
RBP=0x000000000270f008 is pointing into the stack for thread: 0x0000000002328000
RSI=0x00000000ebbf2250 is an oop
java.util.TreeMap$Entry 
 - klass: 'java/util/TreeMap$Entry'
RDI=0x0000000054d6ed58 is pointing into metadata
R8 =0x0000000000000218 is an unknown value
R9 =0x00000000022e81b0 is an unknown value
R10=0x000000006bfbbb50 is an unknown value
R11=0x0000000002d89360 is at entry_point+32 in (nmethod*)0x0000000002d891d0
R12=0x0000000000000000 is an unknown value
R13=0x000000000270efc0 is pointing into the stack for thread: 0x0000000002328000
R14=0x000000000270f030 is pointing into the stack for thread: 0x0000000002328000
R15=0x0000000002328000 is a thread


Stack: [0x0000000002610000,0x0000000002710000],  sp=0x000000000270ef08,  free space=1019k
Native frames: (J=compiled Java code, j=interpreted, Vv=VM code, C=native code)
C  0xffffffffa39e5120


---------------  P R O C E S S  ---------------

Java Threads: ( => current thread )
  0x0000000056772000 JavaThread "Service Thread" daemon [_thread_blocked, id=5440, stack(0x00000000572f0000,0x00000000573f0000)]
  0x00000000566f8800 JavaThread "C1 CompilerThread2" daemon [_thread_blocked, id=2520, stack(0x0000000057160000,0x0000000057260000)]
  0x00000000566f7000 JavaThread "C2 CompilerThread1" daemon [_thread_in_native, id=5532, stack(0x0000000056ef0000,0x0000000056ff0000)]
  0x00000000566f2800 JavaThread "C2 CompilerThread0" daemon [_thread_blocked, id=5272, stack(0x0000000056b20000,0x0000000056c20000)]
  0x0000000055476800 JavaThread "Attach Listener" daemon [_thread_blocked, id=3696, stack(0x0000000056da0000,0x0000000056ea0000)]
  0x00000000566fc000 JavaThread "Signal Dispatcher" daemon [_thread_blocked, id=2508, stack(0x0000000056c20000,0x0000000056d20000)]
  0x000000005541d000 JavaThread "Finalizer" daemon [_thread_blocked, id=6000, stack(0x00000000565f0000,0x00000000566f0000)]
  0x0000000055416000 JavaThread "Reference Handler" daemon [_thread_blocked, id=3052, stack(0x0000000056470000,0x0000000056570000)]
=>0x0000000002328000 JavaThread "main" [_thread_in_Java, id=5772, stack(0x0000000002610000,0x0000000002710000)]

Other Threads:
  0x0000000055410800 VMThread [stack: 0x0000000056370000,0x0000000056470000] [id=5356]
  0x000000005547f000 WatcherThread [stack: 0x0000000057480000,0x0000000057580000] [id=5080]

VM state:not at safepoint (normal execution)

VM Mutex/Monitor currently owned by a thread: None

Heap:
 PSYoungGen      total 32256K, used 22069K [0x00000000eab00000, 0x00000000eea00000, 0x0000000100000000)
  eden space 27648K, 63% used [0x00000000eab00000,0x00000000ebc0e8f0,0x00000000ec600000)
  from space 4608K, 99% used [0x00000000ec600000,0x00000000eca7ee38,0x00000000eca80000)
  to   space 4608K, 0% used [0x00000000ee580000,0x00000000ee580000,0x00000000eea00000)
 ParOldGen       total 73728K, used 2815K [0x00000000c0000000, 0x00000000c4800000, 0x00000000eab00000)
  object space 73728K, 3% used [0x00000000c0000000,0x00000000c02bfca8,0x00000000c4800000)
 Metaspace       used 5850K, capacity 6896K, committed 7040K, reserved 1056768K
  class space    used 584K, capacity 616K, committed 640K, reserved 1048576K

Card table byte_map: [0x0000000011da0000,0x0000000011fb0000] byte_map_base: 0x00000000117a0000

Marking Bits: (ParMarkBitMap*) 0x000000006bfd4040
 Begin Bits: [0x0000000012880000, 0x0000000013880000)
 End Bits:   [0x0000000013880000, 0x0000000014880000)

Polling page: 0x0000000000460000

CodeCache: size=245760Kb used=4725Kb max_used=4737Kb free=241034Kb
 bounds [0x00000000029e0000, 0x0000000002e90000, 0x00000000119e0000]
 total_blobs=1531 nmethods=1264 adapters=182
 compilation: enabled

Compilation events (10 events):
Event: 0.759 Thread 0x00000000566f8800 1262       1       com.android.dx.dex.file.DexFile::getTypeLists (5 bytes)
Event: 0.759 Thread 0x00000000566f8800 nmethod 1262 0x0000000002e7d990 code [0x0000000002e7dae0, 0x0000000002e7dbf0]
Event: 0.759 Thread 0x00000000566f8800 1263       3       com.android.dx.rop.cst.CstString::stringToUtf8Bytes (175 bytes)
Event: 0.759 Thread 0x00000000566f8800 nmethod 1263 0x0000000002e7cb50 code [0x0000000002e7cd20, 0x0000000002e7d578]
Event: 0.759 Thread 0x00000000566f8800 1264       3       com.android.dx.util.ByteArray::<init> (9 bytes)
Event: 0.760 Thread 0x00000000566f8800 nmethod 1264 0x0000000002e7c790 code [0x0000000002e7c900, 0x0000000002e7ca88]
Event: 0.760 Thread 0x00000000566f8800 1265       1       com.android.dx.dex.file.IdItem::getDefiningClass (5 bytes)
Event: 0.760 Thread 0x00000000566f8800 nmethod 1265 0x0000000002e7c4d0 code [0x0000000002e7c620, 0x0000000002e7c730]
Event: 0.760 Thread 0x00000000566f2800 nmethod 1260 0x0000000002e7c210 code [0x0000000002e7c340, 0x0000000002e7c3f8]
Event: 0.760 Thread 0x00000000566f2800 1255       4       java.util.TreeMap$PrivateEntryIterator::hasNext (13 bytes)

GC Heap History (2 events):
Event: 0.677 GC heap before
{Heap before GC invocations=1 (full 0):
 PSYoungGen      total 32256K, used 27645K [0x00000000eab00000, 0x00000000ecf00000, 0x0000000100000000)
  eden space 27648K, 99% used [0x00000000eab00000,0x00000000ec5ff688,0x00000000ec600000)
  from space 4608K, 0% used [0x00000000eca80000,0x00000000eca80000,0x00000000ecf00000)
  to   space 4608K, 0% used [0x00000000ec600000,0x00000000ec600000,0x00000000eca80000)
 ParOldGen       total 73728K, used 0K [0x00000000c0000000, 0x00000000c4800000, 0x00000000eab00000)
  object space 73728K, 0% used [0x00000000c0000000,0x00000000c0000000,0x00000000c4800000)
 Metaspace       used 5725K, capacity 6832K, committed 7040K, reserved 1056768K
  class space    used 576K, capacity 616K, committed 640K, reserved 1048576K
Event: 0.687 GC heap after
Heap after GC invocations=1 (full 0):
 PSYoungGen      total 32256K, used 4603K [0x00000000eab00000, 0x00000000eea00000, 0x0000000100000000)
  eden space 27648K, 0% used [0x00000000eab00000,0x00000000eab00000,0x00000000ec600000)
  from space 4608K, 99% used [0x00000000ec600000,0x00000000eca7ee38,0x00000000eca80000)
  to   space 4608K, 0% used [0x00000000ee580000,0x00000000ee580000,0x00000000eea00000)
 ParOldGen       total 73728K, used 2815K [0x00000000c0000000, 0x00000000c4800000, 0x00000000eab00000)
  object space 73728K, 3% used [0x00000000c0000000,0x00000000c02bfca8,0x00000000c4800000)
 Metaspace       used 5725K, capacity 6832K, committed 7040K, reserved 1056768K
  class space    used 576K, capacity 616K, committed 640K, reserved 1048576K
}

Deoptimization events (10 events):
Event: 0.637 Thread 0x0000000002328000 Uncommon trap: reason=unstable_if action=reinterpret pc=0x0000000002b26bd8 method=java.lang.String.startsWith(Ljava/lang/String;I)Z @ 25
Event: 0.741 Thread 0x0000000002328000 Uncommon trap: reason=bimorphic action=maybe_recompile pc=0x0000000002c2ea00 method=java.util.HashMap.getNode(ILjava/lang/Object;)Ljava/util/HashMap$Node; @ 126
Event: 0.741 Thread 0x0000000002328000 Uncommon trap: reason=bimorphic action=maybe_recompile pc=0x0000000002c2ea00 method=java.util.HashMap.getNode(ILjava/lang/Object;)Ljava/util/HashMap$Node; @ 126
Event: 0.741 Thread 0x0000000002328000 Uncommon trap: reason=bimorphic action=maybe_recompile pc=0x0000000002c2ea00 method=java.util.HashMap.getNode(ILjava/lang/Object;)Ljava/util/HashMap$Node; @ 126
Event: 0.741 Thread 0x0000000002328000 Uncommon trap: reason=bimorphic action=maybe_recompile pc=0x0000000002c2ea00 method=java.util.HashMap.getNode(ILjava/lang/Object;)Ljava/util/HashMap$Node; @ 126
Event: 0.741 Thread 0x0000000002328000 Uncommon trap: reason=bimorphic action=maybe_recompile pc=0x0000000002c9e720 method=java.util.HashMap.getNode(ILjava/lang/Object;)Ljava/util/HashMap$Node; @ 126
Event: 0.745 Thread 0x0000000002328000 Uncommon trap: reason=class_check action=maybe_recompile pc=0x0000000002ce81bc method=java.util.HashMap.putVal(ILjava/lang/Object;Ljava/lang/Object;ZZ)Ljava/lang/Object; @ 203
Event: 0.745 Thread 0x0000000002328000 Uncommon trap: reason=class_check action=maybe_recompile pc=0x0000000002ce81bc method=java.util.HashMap.putVal(ILjava/lang/Object;Ljava/lang/Object;ZZ)Ljava/lang/Object; @ 203
Event: 0.745 Thread 0x0000000002328000 Uncommon trap: reason=class_check action=maybe_recompile pc=0x0000000002ce81bc method=java.util.HashMap.putVal(ILjava/lang/Object;Ljava/lang/Object;ZZ)Ljava/lang/Object; @ 203
Event: 0.745 Thread 0x0000000002328000 Uncommon trap: reason=class_check action=maybe_recompile pc=0x0000000002ce81bc method=java.util.HashMap.putVal(ILjava/lang/Object;Ljava/lang/Object;ZZ)Ljava/lang/Object; @ 203

Internal exceptions (2 events):
Event: 0.046 Thread 0x0000000002328000 Exception <a 'java/lang/NoSuchMethodError': Method sun.misc.Unsafe.defineClass(Ljava/lang/String;[BII)Ljava/lang/Class; name or signature does not match> (0x00000000eab0e658) thrown at [C:\re\workspace\8-2-build-windows-amd64-cygwin\jdk8u51\3951\hotspot\srïŽ…õÊ\§?
Event: 0.046 Thread 0x0000000002328000 Exception <a 'java/lang/NoSuchMethodError': Method sun.misc.Unsafe.prefetchRead(Ljava/lang/Object;J)V name or signature does not match> (0x00000000eab0e8e8) thrown at [C:\re\workspace\8-2-build-windows-amd64-cygwin\jdk8u51\3951\hotspot\src\share\vm\prims\j

Events (10 events):
Event: 0.745 Thread 0x0000000002328000 Uncommon trap: trap_request=0xffffffde fr.pc=0x0000000002ce81bc
Event: 0.745 Thread 0x0000000002328000 DEOPT PACKING pc=0x0000000002ce81bc sp=0x000000000270ee10
Event: 0.745 Thread 0x0000000002328000 DEOPT UNPACKING pc=0x0000000002a2556a sp=0x000000000270ed88 mode 2
Event: 0.745 Thread 0x0000000002328000 Uncommon trap: trap_request=0xffffffde fr.pc=0x0000000002ce81bc
Event: 0.745 Thread 0x0000000002328000 DEOPT PACKING pc=0x0000000002ce81bc sp=0x000000000270ee10
Event: 0.745 Thread 0x0000000002328000 DEOPT UNPACKING pc=0x0000000002a2556a sp=0x000000000270ed88 mode 2
Event: 0.746 loading class com/android/dx/dex/file/CatchStructs
Event: 0.746 loading class com/android/dx/dex/file/CatchStructs done
Event: 0.751 loading class com/android/dx/dex/file/ProtoIdItem
Event: 0.751 loading class com/android/dx/dex/file/ProtoIdItem done


Dynamic libraries:
0x000000013fe20000 - 0x000000013fe57000 	C:\Program Files\Java\jdk1.8.0_51\bin\java.exe
0x0000000077490000 - 0x0000000077639000 	C:\Windows\SYSTEM32\ntdll.dll
0x0000000077370000 - 0x000000007748f000 	C:\Windows\system32\kernel32.dll
0x000007fefd5b0000 - 0x000007fefd61c000 	C:\Windows\system32\KERNELBASE.dll
0x00000000750b0000 - 0x0000000075144000 	C:\Windows\System32\SYSFER.DLL
0x000007feff210000 - 0x000007feff2eb000 	C:\Windows\system32\ADVAPI32.dll
0x000007feff2f0000 - 0x000007feff38f000 	C:\Windows\system32\msvcrt.dll
0x000007feff3c0000 - 0x000007feff3df000 	C:\Windows\SYSTEM32\sechost.dll
0x000007feff3e0000 - 0x000007feff50d000 	C:\Windows\system32\RPCRT4.dll
0x0000000077270000 - 0x000000007736a000 	C:\Windows\system32\USER32.dll
0x000007feff1a0000 - 0x000007feff207000 	C:\Windows\system32\GDI32.dll
0x000007fefe9d0000 - 0x000007fefe9de000 	C:\Windows\system32\LPK.dll
0x000007feff030000 - 0x000007feff0f9000 	C:\Windows\system32\USP10.dll
0x000007fefbe00000 - 0x000007fefbff4000 	C:\Windows\WinSxS\amd64_microsoft.windows.common-controls_6595b64144ccf1df_6.0.7601.18837_none_fa3b1e3d17594757\COMCTL32.dll
0x000007fefe530000 - 0x000007fefe5a1000 	C:\Windows\system32\SHLWAPI.dll
0x000007feff390000 - 0x000007feff3be000 	C:\Windows\system32\IMM32.DLL
0x000007fefee20000 - 0x000007fefef29000 	C:\Windows\system32\MSCTF.dll
0x000000006e810000 - 0x000000006e8e2000 	C:\Program Files\Java\jdk1.8.0_51\jre\bin\msvcr100.dll
0x000000006b7d0000 - 0x000000006c053000 	C:\Program Files\Java\jdk1.8.0_51\jre\bin\server\jvm.dll
0x000007fef74f0000 - 0x000007fef74f9000 	C:\Windows\system32\WSOCK32.dll
0x000007fefef40000 - 0x000007fefef8d000 	C:\Windows\system32\WS2_32.dll
0x000007fefef30000 - 0x000007fefef38000 	C:\Windows\system32\NSI.dll
0x000007fefb180000 - 0x000007fefb1bb000 	C:\Windows\system32\WINMM.dll
0x000007fefc590000 - 0x000007fefc59c000 	C:\Windows\system32\VERSION.dll
0x0000000077640000 - 0x0000000077647000 	C:\Windows\system32\PSAPI.DLL
0x0000000074650000 - 0x000000007465f000 	C:\Program Files\Java\jdk1.8.0_51\jre\bin\verify.dll
0x00000000745d0000 - 0x00000000745f9000 	C:\Program Files\Java\jdk1.8.0_51\jre\bin\java.dll
0x00000000745b0000 - 0x00000000745c6000 	C:\Program Files\Java\jdk1.8.0_51\jre\bin\zip.dll
0x000007fefd7a0000 - 0x000007fefe529000 	C:\Windows\system32\SHELL32.dll
0x000007fefe6e0000 - 0x000007fefe8e3000 	C:\Windows\system32\ole32.dll
0x000007fefd390000 - 0x000007fefd39f000 	C:\Windows\system32\profapi.dll
0x000007fef2cd0000 - 0x000007fef2df5000 	C:\Windows\system32\dbghelp.dll

VM Arguments:
jvm_args: -Xmx1024M -Dfile.encoding=windows-1252 -Duser.country=BR -Duser.language=pt -Duser.variant 
java_command: com.android.dx.command.Main --dex --num-threads=4 --output C:\Users\mario.rscastro\Documents\CidadeAumentadaAndroid\MapBoxApp\app\build\intermediates\dex\debug C:\Users\mario.rscastro\Documents\CidadeAumentadaAndroid\MapBoxApp\app\build\intermediates\classes\debug C:\Users\mario.rscastro\Documents\CidadeAumentadaAndroid\MapBoxApp\app\build\intermediates\pre-dexed\debug\support-annotations-23.0.1-1b3195150ae82649e4b7f4289bcb3d9b198dd118.jar C:\Users\mario.rscastro\Documents\CidadeAumentadaAndroid\MapBoxApp\app\build\intermediates\pre-dexed\debug\okhttp-urlconnection-2.4.0-00156a945ad2b37aef0056da0f5e520ae5bd2482.jar C:\Users\mario.rscastro\Documents\CidadeAumentadaAndroid\MapBoxApp\app\build\intermediates\pre-dexed\debug\disklrucache-2.0.2-a5fbd04fb7f7d9da02759abfe91e12aa007b2459.jar C:\Users\mario.rscastro\Documents\CidadeAumentadaAndroid\MapBoxApp\app\build\intermediates\pre-dexed\debug\classes-9abb9eae320c5be157d392a39c6ab5c638fe8025.jar C:\Users\mario.rscastro\Documents\CidadeAumentadaAndroid\MapBoxApp\app\build\intermediates\pre-dexed\debug\okio-1.4.0-c01a108f3550840c10f2f227b610029ee6eddedc.jar C:\Users\mario.rscastro\Documents\CidadeAumentadaAndroid\MapBoxApp\app\build\intermediates\pre-dexed\debug\library-2.4.0-7601f2bc285cac18a6c2abf82d255e22d01e9249.jar C:\Users\mario.rscastro\Documents\CidadeAumentadaAndroid\MapBoxApp\app\build\intermediates\pre-dexed\debug\android-async-http-1.4.9-949cd68dedca8831975e1dda13aa79ce431281ef.jar C:\Users\mario.rscastro\Documents\CidadeAumentadaAndroid\MapBoxApp\app\build\intermediates\pre-dexed\debug\classes-b0e0c7691903ffcfaa67bfca433251afc0715a56.jar C:\Users\mario.rscastro\Documents\CidadeAumentadaAndroid\MapBoxApp\app\build\intermediates\pre-dexed\debug\classes-13dfaa3c3db441c5503d000eaceafc6e8cf5a861.jar C:\Users\mario.rscastro\Documents\CidadeAumentadaAndroid\MapBoxApp\app\build\intermediates\pre-dexed\debug\internal_impl-23.0.1-38f8f5ed33c12bc73bf8c9827d838684b51a5179.jar C:\Users\mario.rscastro\Documen
java_class_path (initial): O:\AndroidStudioSDK\build-tools\23.0.1\lib\dx.jar
Launcher Type: SUN_STANDARD

Environment Variables:
PATH=C:\ProgramData\Oracle\Java\javapath;C:\Program Files (x86)\NVIDIA Corporation\PhysX\Common;C:\Windows\system32;C:\Windows;C:\Windows\System32\Wbem;C:\Windows\System32\WindowsPowerShell\v1.0\;C:\Program Files (x86)\Brackets\command
USERNAME=mario.rscastro
OS=Windows_NT
PROCESSOR_IDENTIFIER=Intel64 Family 6 Model 23 Stepping 7, GenuineIntel



---------------  S Y S T E M  ---------------

OS: Windows 7 , 64 bit Build 7601 (6.1.7601.18933)

CPU:total 4 (4 cores per cpu, 1 threads per core) family 6 model 23 stepping 7, cmov, cx8, fxsr, mmx, sse, sse2, sse3, ssse3, sse4.1, tsc

Memory: 4k page, physical 7076392k(1693808k free), swap 19654392k(13512208k free)

vm_info: Java HotSpot(TM) 64-Bit Server VM (25.51-b03) for windows-amd64 JRE (1.8.0_51-b16), built on Jun  8 2015 18:03:07 by "java_re" with MS VC++ 10.0 (VS2010)

time: Tue Oct 06 17:31:16 2015
elapsed time: 0 seconds (0d 0h 0m 0s)

