#
# A fatal error has been detected by the Java Runtime Environment:
#
#  EXCEPTION_ACCESS_VIOLATION (0xc0000005) at pc=0xffffffffa3a95120, pid=4236, tid=5692
#
# JRE version: Java(TM) SE Runtime Environment (8.0_51-b16) (build 1.8.0_51-b16)
# Java VM: Java HotSpot(TM) 64-Bit Server VM (25.51-b03 mixed mode windows-amd64 compressed oops)
# Problematic frame:
# C  0xffffffffa3a95120
#
# Failed to write core dump. Minidumps are not enabled by default on client versions of Windows
#
# If you would like to submit a bug report, please visit:
#   http://bugreport.java.com/bugreport/crash.jsp
#

---------------  T H R E A D  ---------------

Current thread (0x0000000056abf800):  JavaThread "pool-1-thread-2" [_thread_in_Java, id=5692, stack(0x0000000057880000,0x0000000057980000)]

siginfo: ExceptionCode=0xc0000005, ExceptionInformation=0x0000000000000008 0xffffffffa3a95120

Registers:
RAX=0x0000000054e87e70, RBX=0x0000000054e87e70, RCX=0x00000000eba84ad8, RDX=0x00000000eba84ad8
RSP=0x000000005797ede8, RBP=0x000000005797ee48, RSI=0x0000000014a4a218, RDI=0x0000000014a4feb0
R8 =0x0000000000000004, R9 =0x0000000000000001, R10=0x000000006d30bba0, R11=0x0000000002c9b440
R12=0x0000000000000000, R13=0x000000005797edf8, R14=0x000000005797ee58, R15=0x0000000056abf800
RIP=0xffffffffa3a95120, EFLAGS=0x0000000000010206

Top of Stack: (sp=0x000000005797ede8)
0x000000005797ede8:   0000000002a97a01 0000000002a97a01
0x000000005797edf8:   0000000000000004 00000000eba84ad8
0x000000005797ee08:   000000005797ee08 0000000054e87d62
0x000000005797ee18:   000000005797ee58 0000000054e90858
0x000000005797ee28:   0000000054f86ba0 0000000054e87d80
0x000000005797ee38:   000000005797edf8 000000005797ee58
0x000000005797ee48:   000000005797eea8 0000000002a97a01
0x000000005797ee58:   00000000eba84ad8 00000000eba84ad8
0x000000005797ee68:   000000005797ee68 0000000054f1a0be
0x000000005797ee78:   000000005797ef20 0000000054f1a848
0x000000005797ee88:   0000000000000000 0000000054f1a258
0x000000005797ee98:   000000005797ee58 000000005797ef20
0x000000005797eea8:   000000005797ef68 0000000002a97790
0x000000005797eeb8:   0000000000000000 0000000000000000
0x000000005797eec8:   0000000000000001 00000000eba84a98
0x000000005797eed8:   00000000eba83fb8 000000000000000f 

Instructions: (pc=0xffffffffa3a95120)
0xffffffffa3a95100:   
[error occurred during error reporting (printing registers, top of stack, instructions near pc), id 0xc0000005]

Register to memory mapping:

RAX={method} {0x0000000054e87e78} '<init>' '(I)V' in 'com/android/dx/util/IntList'
RBX={method} {0x0000000054e87e78} '<init>' '(I)V' in 'com/android/dx/util/IntList'
RCX=0x00000000eba84ad8 is an oop
com.android.dx.util.IntList 
 - klass: 'com/android/dx/util/IntList'
RDX=0x00000000eba84ad8 is an oop
com.android.dx.util.IntList 
 - klass: 'com/android/dx/util/IntList'
RSP=0x000000005797ede8 is pointing into the stack for thread: 0x0000000056abf800
RBP=0x000000005797ee48 is pointing into the stack for thread: 0x0000000056abf800
RSI=0x0000000014a4a218 is pointing into metadata
RDI=0x0000000014a4feb0 is pointing into metadata
R8 =0x0000000000000004 is an unknown value
R9 =0x0000000000000001 is an unknown value
R10=0x000000006d30bba0 is an unknown value
R11=0x0000000002c9b440 is at entry_point+32 in (nmethod*)0x0000000002c9b290
R12=0x0000000000000000 is an unknown value
R13=0x000000005797edf8 is pointing into the stack for thread: 0x0000000056abf800
R14=0x000000005797ee58 is pointing into the stack for thread: 0x0000000056abf800
R15=0x0000000056abf800 is a thread


Stack: [0x0000000057880000,0x0000000057980000],  sp=0x000000005797ede8,  free space=1019k
Native frames: (J=compiled Java code, j=interpreted, Vv=VM code, C=native code)
C  0xffffffffa3a95120


---------------  P R O C E S S  ---------------

Java Threads: ( => current thread )
  0x0000000056ace000 JavaThread "pool-1-thread-4" [_thread_in_vm, id=5928, stack(0x00000000575d0000,0x00000000576d0000)]
  0x0000000056ac5000 JavaThread "pool-1-thread-3" [_thread_in_vm, id=6008, stack(0x0000000057a20000,0x0000000057b20000)]
=>0x0000000056abf800 JavaThread "pool-1-thread-2" [_thread_in_Java, id=5692, stack(0x0000000057880000,0x0000000057980000)]
  0x0000000056ab7800 JavaThread "pool-2-thread-1" [_thread_blocked, id=6052, stack(0x0000000057700000,0x0000000057800000)]
  0x0000000056ab4000 JavaThread "pool-1-thread-1" [_thread_in_vm, id=6056, stack(0x00000000574d0000,0x00000000575d0000)]
  0x00000000569bb800 JavaThread "Service Thread" daemon [_thread_blocked, id=4392, stack(0x0000000057390000,0x0000000057490000)]
  0x000000005693d000 JavaThread "C1 CompilerThread2" daemon [_thread_in_vm, id=4068, stack(0x0000000056f00000,0x0000000057000000)]
  0x0000000056935000 JavaThread "C2 CompilerThread1" daemon [_thread_blocked, id=6068, stack(0x00000000571b0000,0x00000000572b0000)]
  0x0000000056931800 JavaThread "C2 CompilerThread0" daemon [_thread_blocked, id=6012, stack(0x0000000057050000,0x0000000057150000)]
  0x00000000553c2000 JavaThread "Attach Listener" daemon [_thread_blocked, id=6084, stack(0x0000000056df0000,0x0000000056ef0000)]
  0x000000005693c000 JavaThread "Signal Dispatcher" daemon [_thread_blocked, id=6024, stack(0x00000000562e0000,0x00000000563e0000)]
  0x0000000055368000 JavaThread "Finalizer" daemon [_thread_blocked, id=5716, stack(0x0000000056830000,0x0000000056930000)]
  0x0000000055361000 JavaThread "Reference Handler" daemon [_thread_blocked, id=4040, stack(0x0000000056660000,0x0000000056760000)]
  0x00000000023a8000 JavaThread "main" [_thread_in_vm, id=1472, stack(0x00000000026c0000,0x00000000027c0000)]

Other Threads:
  0x000000005535b800 VMThread [stack: 0x0000000056410000,0x0000000056510000] [id=4540]
  0x00000000569bd800 WatcherThread [stack: 0x0000000056520000,0x0000000056620000] [id=6060]

VM state:synchronizing (normal execution)

VM Mutex/Monitor currently owned by a thread:  ([mutex/lock_event])
[0x000000000252d6f0] Safepoint_lock - owner thread: 0x000000005535b800
[0x000000000252d770] Threads_lock - owner thread: 0x000000005535b800
[0x000000000252ddf0] CompiledIC_lock - owner thread: 0x00000000023a8000

Heap:
 PSYoungGen      total 32256K, used 16667K [0x00000000eab00000, 0x00000000ecf00000, 0x0000000100000000)
  eden space 27648K, 60% used [0x00000000eab00000,0x00000000ebb46c48,0x00000000ec600000)
  from space 4608K, 0% used [0x00000000eca80000,0x00000000eca80000,0x00000000ecf00000)
  to   space 4608K, 0% used [0x00000000ec600000,0x00000000ec600000,0x00000000eca80000)
 ParOldGen       total 73728K, used 0K [0x00000000c0000000, 0x00000000c4800000, 0x00000000eab00000)
  object space 73728K, 0% used [0x00000000c0000000,0x00000000c0000000,0x00000000c4800000)
 Metaspace       used 5477K, capacity 6640K, committed 6784K, reserved 1056768K
  class space    used 575K, capacity 616K, committed 640K, reserved 1048576K

Card table byte_map: [0x0000000011e50000,0x0000000012060000] byte_map_base: 0x0000000011850000

Marking Bits: (ParMarkBitMap*) 0x000000006d324040
 Begin Bits: [0x00000000127d0000, 0x00000000137d0000)
 End Bits:   [0x00000000137d0000, 0x00000000147d0000)

Polling page: 0x0000000000160000

CodeCache: size=245760Kb used=2801Kb max_used=2801Kb free=242958Kb
 bounds [0x0000000002a90000, 0x0000000002d50000, 0x0000000011a90000]
 total_blobs=984 nmethods=717 adapters=182
 compilation: enabled

Compilation events (10 events):
Event: 0.417 Thread 0x0000000056935000  703       4       java.util.ArrayList::ensureExplicitCapacity (26 bytes)
Event: 0.417 Thread 0x0000000056931800 nmethod 698 0x0000000002d18ad0 code [0x0000000002d18c40, 0x0000000002d18ea8]
Event: 0.419 Thread 0x0000000056935000 nmethod 703 0x0000000002d185d0 code [0x0000000002d18720, 0x0000000002d18958]
Event: 0.419 Thread 0x0000000056931800  704       4       java.util.ArrayList$Itr::<init> (6 bytes)
Event: 0.420 Thread 0x0000000056931800 nmethod 704 0x0000000002d19290 code [0x0000000002d193c0, 0x0000000002d19438]
Event: 0.420 Thread 0x0000000056935000  706       4       java.util.HashSet::contains (9 bytes)
Event: 0.420 Thread 0x0000000056931800  707       4       com.android.dx.util.ByteArray::getInt (47 bytes)
Event: 0.422 Thread 0x0000000056931800 nmethod 707 0x0000000002d18150 code [0x0000000002d182a0, 0x0000000002d18418]
Event: 0.423 Thread 0x0000000056931800  709   !   4       com.android.dx.util.IntList::<init> (37 bytes)
Event: 0.424 Thread 0x0000000056931800 nmethod 709 0x0000000002d17e10 code [0x0000000002d17f60, 0x0000000002d18098]

GC Heap History (0 events):
No events

Deoptimization events (10 events):
Event: 0.239 Thread 0x00000000023a8000 Uncommon trap: reason=class_check action=maybe_recompile pc=0x0000000002c30414 method=com.android.dx.rop.cst.Constant.compareTo(Ljava/lang/Object;)I @ 2
Event: 0.239 Thread 0x00000000023a8000 Uncommon trap: reason=class_check action=maybe_recompile pc=0x0000000002c30414 method=com.android.dx.rop.cst.Constant.compareTo(Ljava/lang/Object;)I @ 2
Event: 0.239 Thread 0x00000000023a8000 Uncommon trap: reason=class_check action=maybe_recompile pc=0x0000000002c30414 method=com.android.dx.rop.cst.Constant.compareTo(Ljava/lang/Object;)I @ 2
Event: 0.239 Thread 0x00000000023a8000 Uncommon trap: reason=class_check action=maybe_recompile pc=0x0000000002c30414 method=com.android.dx.rop.cst.Constant.compareTo(Ljava/lang/Object;)I @ 2
Event: 0.321 Thread 0x0000000056abf800 Uncommon trap: reason=speculate_class_check action=maybe_recompile pc=0x0000000002c79920 method=com.android.dx.rop.cst.Constant.compareTo(Lcom/android/dx/rop/cst/Constant;)I @ 29
Event: 0.321 Thread 0x0000000056abf800 Uncommon trap: reason=speculate_class_check action=maybe_recompile pc=0x0000000002c79920 method=com.android.dx.rop.cst.Constant.compareTo(Lcom/android/dx/rop/cst/Constant;)I @ 29
Event: 0.321 Thread 0x0000000056abf800 Uncommon trap: reason=speculate_class_check action=maybe_recompile pc=0x0000000002c79920 method=com.android.dx.rop.cst.Constant.compareTo(Lcom/android/dx/rop/cst/Constant;)I @ 29
Event: 0.321 Thread 0x0000000056abf800 Uncommon trap: reason=speculate_class_check action=maybe_recompile pc=0x0000000002c79920 method=com.android.dx.rop.cst.Constant.compareTo(Lcom/android/dx/rop/cst/Constant;)I @ 29
Event: 0.336 Thread 0x0000000056abf800 Uncommon trap: reason=unstable_if action=reinterpret pc=0x0000000002c806e8 method=com.android.dx.rop.cst.CstFieldRef.compareTo0(Lcom/android/dx/rop/cst/Constant;)I @ 7
Event: 0.355 Thread 0x0000000056ac5000 Uncommon trap: reason=unstable_if action=reinterpret pc=0x0000000002c9a0bc method=java.util.HashMap.getNode(ILjava/lang/Object;)Ljava/util/HashMap$Node; @ 62

Internal exceptions (2 events):
Event: 0.047 Thread 0x00000000023a8000 Exception <a 'java/lang/NoSuchMethodError': Method sun.misc.Unsafe.defineClass(Ljava/lang/String;[BII)Ljava/lang/Class; name or signature does not match> (0x00000000eab0e658) thrown at [C:\re\workspace\8-2-build-windows-amd64-cygwin\jdk8u51\3951\hotspot\srêKyêˆÞ§?
Event: 0.047 Thread 0x00000000023a8000 Exception <a 'java/lang/NoSuchMethodError': Method sun.misc.Unsafe.prefetchRead(Ljava/lang/Object;J)V name or signature does not match> (0x00000000eab0e8e8) thrown at [C:\re\workspace\8-2-build-windows-amd64-cygwin\jdk8u51\3951\hotspot\src\share\vm\prims\j

Events (10 events):
Event: 0.361 loading class com/android/dx/ssa/back/FirstFitLocalCombiningAllocator$Multiset
Event: 0.361 loading class com/android/dx/ssa/back/FirstFitLocalCombiningAllocator$Multiset done
Event: 0.394 loading class com/android/dx/cf/code/Ropper$ExceptionHandlerSetup
Event: 0.394 loading class com/android/dx/cf/code/Ropper$ExceptionHandlerSetup done
Event: 0.396 loading class java/util/HashMap$Values
Event: 0.396 loading class java/util/HashMap$Values done
Event: 0.396 loading class java/util/HashMap$ValueIterator
Event: 0.396 loading class java/util/HashMap$ValueIterator done
Event: 0.419 loading class java/util/ArrayList$1
Event: 0.419 loading class java/util/ArrayList$1 done


Dynamic libraries:
0x000000013fb00000 - 0x000000013fb37000 	C:\Program Files\Java\jdk1.8.0_51\bin\java.exe
0x00000000777b0000 - 0x0000000077959000 	C:\Windows\SYSTEM32\ntdll.dll
0x0000000077590000 - 0x00000000776af000 	C:\Windows\system32\kernel32.dll
0x000007fefda10000 - 0x000007fefda7c000 	C:\Windows\system32\KERNELBASE.dll
0x00000000753e0000 - 0x0000000075474000 	C:\Windows\System32\SYSFER.DLL
0x000007feff170000 - 0x000007feff24b000 	C:\Windows\system32\ADVAPI32.dll
0x000007feff830000 - 0x000007feff8cf000 	C:\Windows\system32\msvcrt.dll
0x000007feff150000 - 0x000007feff16f000 	C:\Windows\SYSTEM32\sechost.dll
0x000007feff8d0000 - 0x000007feff9fd000 	C:\Windows\system32\RPCRT4.dll
0x00000000776b0000 - 0x00000000777aa000 	C:\Windows\system32\USER32.dll
0x000007fefdf30000 - 0x000007fefdf97000 	C:\Windows\system32\GDI32.dll
0x000007feffab0000 - 0x000007feffabe000 	C:\Windows\system32\LPK.dll
0x000007fefde30000 - 0x000007fefdef9000 	C:\Windows\system32\USP10.dll
0x000007fefc120000 - 0x000007fefc314000 	C:\Windows\WinSxS\amd64_microsoft.windows.common-controls_6595b64144ccf1df_6.0.7601.18837_none_fa3b1e3d17594757\COMCTL32.dll
0x000007fefddb0000 - 0x000007fefde21000 	C:\Windows\system32\SHLWAPI.dll
0x000007fefdf00000 - 0x000007fefdf2e000 	C:\Windows\system32\IMM32.DLL
0x000007fefed30000 - 0x000007fefee39000 	C:\Windows\system32\MSCTF.dll
0x000000006eb60000 - 0x000000006ec32000 	C:\Program Files\Java\jdk1.8.0_51\jre\bin\msvcr100.dll
0x000000006cb20000 - 0x000000006d3a3000 	C:\Program Files\Java\jdk1.8.0_51\jre\bin\server\jvm.dll
0x000007fef79e0000 - 0x000007fef79e9000 	C:\Windows\system32\WSOCK32.dll
0x000007feff100000 - 0x000007feff14d000 	C:\Windows\system32\WS2_32.dll
0x000007feffaa0000 - 0x000007feffaa8000 	C:\Windows\system32\NSI.dll
0x000007fefb4a0000 - 0x000007fefb4db000 	C:\Windows\system32\WINMM.dll
0x000007fefc8b0000 - 0x000007fefc8bc000 	C:\Windows\system32\VERSION.dll
0x0000000077960000 - 0x0000000077967000 	C:\Windows\system32\PSAPI.DLL
0x0000000075160000 - 0x000000007516f000 	C:\Program Files\Java\jdk1.8.0_51\jre\bin\verify.dll
0x0000000074b70000 - 0x0000000074b99000 	C:\Program Files\Java\jdk1.8.0_51\jre\bin\java.dll
0x0000000075140000 - 0x0000000075156000 	C:\Program Files\Java\jdk1.8.0_51\jre\bin\zip.dll
0x000007fefdfa0000 - 0x000007fefed29000 	C:\Windows\system32\SHELL32.dll
0x000007fefdac0000 - 0x000007fefdcc3000 	C:\Windows\system32\ole32.dll
0x000007fefd6b0000 - 0x000007fefd6bf000 	C:\Windows\system32\profapi.dll
0x000007fef3eb0000 - 0x000007fef3fd5000 	C:\Windows\system32\dbghelp.dll

VM Arguments:
jvm_args: -Xmx1024M -Dfile.encoding=windows-1252 -Duser.country=BR -Duser.language=pt -Duser.variant 
java_command: com.android.dx.command.Main --dex --num-threads=4 --output C:\Users\mario.rscastro\Documents\CidadeAumentadaAndroid\MapBoxApp\app\build\intermediates\dex\debug C:\Users\mario.rscastro\Documents\CidadeAumentadaAndroid\MapBoxApp\app\build\intermediates\classes\debug C:\Users\mario.rscastro\Documents\CidadeAumentadaAndroid\MapBoxApp\app\build\intermediates\pre-dexed\debug\support-annotations-23.0.1-1b3195150ae82649e4b7f4289bcb3d9b198dd118.jar C:\Users\mario.rscastro\Documents\CidadeAumentadaAndroid\MapBoxApp\app\build\intermediates\pre-dexed\debug\okhttp-urlconnection-2.4.0-00156a945ad2b37aef0056da0f5e520ae5bd2482.jar C:\Users\mario.rscastro\Documents\CidadeAumentadaAndroid\MapBoxApp\app\build\intermediates\pre-dexed\debug\disklrucache-2.0.2-a5fbd04fb7f7d9da02759abfe91e12aa007b2459.jar C:\Users\mario.rscastro\Documents\CidadeAumentadaAndroid\MapBoxApp\app\build\intermediates\pre-dexed\debug\classes-9abb9eae320c5be157d392a39c6ab5c638fe8025.jar C:\Users\mario.rscastro\Documents\CidadeAumentadaAndroid\MapBoxApp\app\build\intermediates\pre-dexed\debug\okio-1.4.0-c01a108f3550840c10f2f227b610029ee6eddedc.jar C:\Users\mario.rscastro\Documents\CidadeAumentadaAndroid\MapBoxApp\app\build\intermediates\pre-dexed\debug\library-2.4.0-7601f2bc285cac18a6c2abf82d255e22d01e9249.jar C:\Users\mario.rscastro\Documents\CidadeAumentadaAndroid\MapBoxApp\app\build\intermediates\pre-dexed\debug\android-async-http-1.4.9-949cd68dedca8831975e1dda13aa79ce431281ef.jar C:\Users\mario.rscastro\Documents\CidadeAumentadaAndroid\MapBoxApp\app\build\intermediates\pre-dexed\debug\classes-b0e0c7691903ffcfaa67bfca433251afc0715a56.jar C:\Users\mario.rscastro\Documents\CidadeAumentadaAndroid\MapBoxApp\app\build\intermediates\pre-dexed\debug\classes-13dfaa3c3db441c5503d000eaceafc6e8cf5a861.jar C:\Users\mario.rscastro\Documents\CidadeAumentadaAndroid\MapBoxApp\app\build\intermediates\pre-dexed\debug\internal_impl-23.0.1-38f8f5ed33c12bc73bf8c9827d838684b51a5179.jar C:\Users\mario.rscastro\Documen
java_class_path (initial): O:\AndroidStudioSDK\build-tools\23.0.1\lib\dx.jar
Launcher Type: SUN_STANDARD

Environment Variables:
PATH=C:\ProgramData\Oracle\Java\javapath;C:\Program Files (x86)\NVIDIA Corporation\PhysX\Common;C:\Windows\system32;C:\Windows;C:\Windows\System32\Wbem;C:\Windows\System32\WindowsPowerShell\v1.0\;C:\Program Files (x86)\Brackets\command
USERNAME=mario.rscastro
OS=Windows_NT
PROCESSOR_IDENTIFIER=Intel64 Family 6 Model 23 Stepping 7, GenuineIntel



---------------  S Y S T E M  ---------------

OS: Windows 7 , 64 bit Build 7601 (6.1.7601.18933)

CPU:total 4 (4 cores per cpu, 1 threads per core) family 6 model 23 stepping 7, cmov, cx8, fxsr, mmx, sse, sse2, sse3, ssse3, sse4.1, tsc

Memory: 4k page, physical 7076392k(2356256k free), swap 19654392k(14156028k free)

vm_info: Java HotSpot(TM) 64-Bit Server VM (25.51-b03) for windows-amd64 JRE (1.8.0_51-b16), built on Jun  8 2015 18:03:07 by "java_re" with MS VC++ 10.0 (VS2010)

time: Wed Oct 07 14:22:37 2015
elapsed time: 0 seconds (0d 0h 0m 0s)

