#
# A fatal error has been detected by the Java Runtime Environment:
#
#  EXCEPTION_ACCESS_VIOLATION (0xc0000005) at pc=0xffffffffa3a85120, pid=6444, tid=6524
#
# JRE version: Java(TM) SE Runtime Environment (8.0_51-b16) (build 1.8.0_51-b16)
# Java VM: Java HotSpot(TM) 64-Bit Server VM (25.51-b03 mixed mode windows-amd64 compressed oops)
# Problematic frame:
# C  0xffffffffa3a85120
#
# Failed to write core dump. Minidumps are not enabled by default on client versions of Windows
#
# If you would like to submit a bug report, please visit:
#   http://bugreport.java.com/bugreport/crash.jsp
#

---------------  T H R E A D  ---------------

Current thread (0x0000000002309000):  JavaThread "main" [_thread_in_Java, id=6524, stack(0x00000000026b0000,0x00000000027b0000)]

siginfo: ExceptionCode=0xc0000005, ExceptionInformation=0x0000000000000008 0xffffffffa3a85120

Registers:
RAX=0x00000000550b6a30, RBX=0x00000000550b6a30, RCX=0x00000000f0ca7410, RDX=0x00000000f0ca7410
RSP=0x00000000027aee78, RBP=0x00000000027aeee0, RSI=0x0000000000000070, RDI=0x0000000000000005
R8 =0x00000000f0cf5e28, R9 =0x0000000000000009, R10=0x0000000060e5bba0, R11=0x00000000031bba00
R12=0x0000000000000000, R13=0x00000000027aee90, R14=0x0000000000000000, R15=0x0000000002309000
RIP=0xffffffffa3a85120, EFLAGS=0x0000000000010202

Top of Stack: (sp=0x00000000027aee78)
0x00000000027aee78:   0000000002a87a01 0000000002a87860
0x00000000027aee88:   0000000002a87a01 00000000f0cf5e28
0x00000000027aee98:   00000000f0ca7410 00000000027aeea0
0x00000000027aeea8:   00000000550a631e 00000000027aef18
0x00000000027aeeb8:   00000000550a6800 0000000000000000
0x00000000027aeec8:   00000000550a6398 00000000027aee90
0x00000000027aeed8:   00000000027aef18 00000000027aef60
0x00000000027aeee8:   0000000002a87a01 00000000f0d5e6b8
0x00000000027aeef8:   00000000f0cf5e70 000000000000036e
0x00000000027aef08:   0000000000000366 00000000f0ca7428
0x00000000027aef18:   00000000f0ca7410 00000000027aef20
0x00000000027aef28:   00000000550954ac 00000000027aef70
0x00000000027aef38:   00000000550983d8 0000000000000000
0x00000000027aef48:   00000000550954c8 00000000027aef18
0x00000000027aef58:   00000000027aef70 00000000027aefb8
0x00000000027aef68:   0000000002a87a01 00000000f03ee548 

Instructions: (pc=0xffffffffa3a85120)
0xffffffffa3a85100:   
[error occurred during error reporting (printing registers, top of stack, instructions near pc), id 0xc0000005]

Register to memory mapping:

RAX={method} {0x00000000550b6a38} 'write' '(Ljava/lang/Comparable;)V' in 'com/android/dx/merge/DexMerger$7'
RBX={method} {0x00000000550b6a38} 'write' '(Ljava/lang/Comparable;)V' in 'com/android/dx/merge/DexMerger$7'
RCX=0x00000000f0ca7410 is an oop
com.android.dx.merge.DexMerger$7 
 - klass: 'com/android/dx/merge/DexMerger$7'
RDX=0x00000000f0ca7410 is an oop
com.android.dx.merge.DexMerger$7 
 - klass: 'com/android/dx/merge/DexMerger$7'
RSP=0x00000000027aee78 is pointing into the stack for thread: 0x0000000002309000
RBP=0x00000000027aeee0 is pointing into the stack for thread: 0x0000000002309000
RSI=0x0000000000000070 is an unknown value
RDI=0x0000000000000005 is an unknown value
R8 =0x00000000f0cf5e28 is an oop
com.android.dex.Annotation 
 - klass: 'com/android/dex/Annotation'
R9 =0x0000000000000009 is an unknown value
R10=0x0000000060e5bba0 is an unknown value
R11=0x00000000031bba00 is at entry_point+32 in (nmethod*)0x00000000031bb850
R12=0x0000000000000000 is an unknown value
R13=0x00000000027aee90 is pointing into the stack for thread: 0x0000000002309000
R14=0x0000000000000000 is an unknown value
R15=0x0000000002309000 is a thread


Stack: [0x00000000026b0000,0x00000000027b0000],  sp=0x00000000027aee78,  free space=1019k
Native frames: (J=compiled Java code, j=interpreted, Vv=VM code, C=native code)
C  0xffffffffa3a85120


---------------  P R O C E S S  ---------------

Java Threads: ( => current thread )
  0x0000000056a2f000 JavaThread "Service Thread" daemon [_thread_blocked, id=4916, stack(0x0000000057450000,0x0000000057550000)]
  0x00000000569bb000 JavaThread "C1 CompilerThread2" daemon [_thread_blocked, id=4120, stack(0x0000000057220000,0x0000000057320000)]
  0x00000000569b9800 JavaThread "C2 CompilerThread1" daemon [_thread_blocked, id=728, stack(0x0000000056e30000,0x0000000056f30000)]
  0x00000000569b5800 JavaThread "C2 CompilerThread0" daemon [_thread_blocked, id=6532, stack(0x0000000057090000,0x0000000057190000)]
  0x0000000055402800 JavaThread "Attach Listener" daemon [_thread_blocked, id=4644, stack(0x0000000056f60000,0x0000000057060000)]
  0x00000000569bc000 JavaThread "Signal Dispatcher" daemon [_thread_blocked, id=4284, stack(0x0000000056400000,0x0000000056500000)]
  0x00000000553a8800 JavaThread "Finalizer" daemon [_thread_blocked, id=5296, stack(0x00000000568b0000,0x00000000569b0000)]
  0x00000000553a1800 JavaThread "Reference Handler" daemon [_thread_blocked, id=4252, stack(0x0000000056780000,0x0000000056880000)]
=>0x0000000002309000 JavaThread "main" [_thread_in_Java, id=6524, stack(0x00000000026b0000,0x00000000027b0000)]

Other Threads:
  0x000000005539c000 VMThread [stack: 0x0000000056570000,0x0000000056670000] [id=872]
  0x0000000056a3c800 WatcherThread [stack: 0x0000000056680000,0x0000000056780000] [id=3624]

VM state:not at safepoint (normal execution)

VM Mutex/Monitor currently owned by a thread: None

Heap:
 PSYoungGen      total 115200K, used 105523K [0x00000000eab00000, 0x00000000f2000000, 0x0000000100000000)
  eden space 110592K, 91% used [0x00000000eab00000,0x00000000f0d90b40,0x00000000f1700000)
  from space 4608K, 99% used [0x00000000f1b80000,0x00000000f1ffc0f0,0x00000000f2000000)
  to   space 4608K, 0% used [0x00000000f1700000,0x00000000f1700000,0x00000000f1b80000)
 ParOldGen       total 73728K, used 14799K [0x00000000c0000000, 0x00000000c4800000, 0x00000000eab00000)
  object space 73728K, 20% used [0x00000000c0000000,0x00000000c0e73d98,0x00000000c4800000)
 Metaspace       used 7954K, capacity 8138K, committed 8320K, reserved 1056768K
  class space    used 784K, capacity 821K, committed 896K, reserved 1048576K

Card table byte_map: [0x0000000011e40000,0x0000000012050000] byte_map_base: 0x0000000011840000

Marking Bits: (ParMarkBitMap*) 0x0000000060e74040
 Begin Bits: [0x0000000012810000, 0x0000000013810000)
 End Bits:   [0x0000000013810000, 0x0000000014810000)

Polling page: 0x0000000000350000

CodeCache: size=245760Kb used=8408Kb max_used=8421Kb free=237351Kb
 bounds [0x0000000002a80000, 0x00000000032d0000, 0x0000000011a80000]
 total_blobs=2824 nmethods=2530 adapters=208
 compilation: enabled

Compilation events (10 events):
Event: 2.330 Thread 0x00000000569bb000 nmethod 2533 0x00000000032a08d0 code [0x00000000032a0a20, 0x00000000032a0c10]
Event: 2.330 Thread 0x00000000569bb000 2534       1       sun.util.locale.BaseLocale::getRegion (5 bytes)
Event: 2.330 Thread 0x00000000569bb000 nmethod 2534 0x00000000032ad550 code [0x00000000032ad6a0, 0x00000000032ad7b0]
Event: 2.340 Thread 0x00000000569b9800 2535       4       java.lang.Integer::compareTo (9 bytes)
Event: 2.341 Thread 0x00000000569b9800 nmethod 2535 0x00000000032ad290 code [0x00000000032ad3e0, 0x00000000032ad478]
Event: 2.342 Thread 0x00000000569b9800 2536 %     4       java.util.HashMap::resize @ 154 (359 bytes)
Event: 2.347 Thread 0x00000000569bb000 2541       3       java.util.ComparableTimSort::ensureCapacity (91 bytes)
Event: 2.347 Thread 0x00000000569bb000 nmethod 2541 0x00000000032b2d90 code [0x00000000032b2f00, 0x00000000032b3270]
Event: 2.347 Thread 0x00000000569bb000 2542       3       com.android.dx.merge.DexMerger$7::write (9 bytes)
Event: 2.348 Thread 0x00000000569bb000 nmethod 2542 0x00000000032b1dd0 code [0x00000000032b1fa0, 0x00000000032b2878]

GC Heap History (8 events):
Event: 0.817 GC heap before
{Heap before GC invocations=1 (full 0):
 PSYoungGen      total 32256K, used 27648K [0x00000000eab00000, 0x00000000ecf00000, 0x0000000100000000)
  eden space 27648K, 100% used [0x00000000eab00000,0x00000000ec600000,0x00000000ec600000)
  from space 4608K, 0% used [0x00000000eca80000,0x00000000eca80000,0x00000000ecf00000)
  to   space 4608K, 0% used [0x00000000ec600000,0x00000000ec600000,0x00000000eca80000)
 ParOldGen       total 73728K, used 0K [0x00000000c0000000, 0x00000000c4800000, 0x00000000eab00000)
  object space 73728K, 0% used [0x00000000c0000000,0x00000000c0000000,0x00000000c4800000)
 Metaspace       used 5696K, capacity 6832K, committed 7040K, reserved 1056768K
  class space    used 578K, capacity 616K, committed 640K, reserved 1048576K
Event: 0.849 GC heap after
Heap after GC invocations=1 (full 0):
 PSYoungGen      total 32256K, used 4600K [0x00000000eab00000, 0x00000000eea00000, 0x0000000100000000)
  eden space 27648K, 0% used [0x00000000eab00000,0x00000000eab00000,0x00000000ec600000)
  from space 4608K, 99% used [0x00000000ec600000,0x00000000eca7e2d0,0x00000000eca80000)
  to   space 4608K, 0% used [0x00000000ee580000,0x00000000ee580000,0x00000000eea00000)
 ParOldGen       total 73728K, used 2116K [0x00000000c0000000, 0x00000000c4800000, 0x00000000eab00000)
  object space 73728K, 2% used [0x00000000c0000000,0x00000000c0211148,0x00000000c4800000)
 Metaspace       used 5696K, capacity 6832K, committed 7040K, reserved 1056768K
  class space    used 578K, capacity 616K, committed 640K, reserved 1048576K
}
Event: 1.187 GC heap before
{Heap before GC invocations=2 (full 0):
 PSYoungGen      total 32256K, used 32183K [0x00000000eab00000, 0x00000000eea00000, 0x0000000100000000)
  eden space 27648K, 99% used [0x00000000eab00000,0x00000000ec5efc08,0x00000000ec600000)
  from space 4608K, 99% used [0x00000000ec600000,0x00000000eca7e2d0,0x00000000eca80000)
  to   space 4608K, 0% used [0x00000000ee580000,0x00000000ee580000,0x00000000eea00000)
 ParOldGen       total 73728K, used 2116K [0x00000000c0000000, 0x00000000c4800000, 0x00000000eab00000)
  object space 73728K, 2% used [0x00000000c0000000,0x00000000c0211148,0x00000000c4800000)
 Metaspace       used 5903K, capacity 6960K, committed 7040K, reserved 1056768K
  class space    used 578K, capacity 616K, committed 640K, reserved 1048576K
Event: 1.201 GC heap after
Heap after GC invocations=2 (full 0):
 PSYoungGen      total 59904K, used 4582K [0x00000000eab00000, 0x00000000eea00000, 0x0000000100000000)
  eden space 55296K, 0% used [0x00000000eab00000,0x00000000eab00000,0x00000000ee100000)
  from space 4608K, 99% used [0x00000000ee580000,0x00000000ee9f9aa0,0x00000000eea00000)
  to   space 4608K, 0% used [0x00000000ee100000,0x00000000ee100000,0x00000000ee580000)
 ParOldGen       total 73728K, used 8007K [0x00000000c0000000, 0x00000000c4800000, 0x00000000eab00000)
  object space 73728K, 10% used [0x00000000c0000000,0x00000000c07d1cd0,0x00000000c4800000)
 Metaspace       used 5903K, capacity 6960K, committed 7040K, reserved 1056768K
  class space    used 578K, capacity 616K, committed 640K, reserved 1048576K
}
Event: 1.772 GC heap before
{Heap before GC invocations=3 (full 0):
 PSYoungGen      total 59904K, used 59878K [0x00000000eab00000, 0x00000000eea00000, 0x0000000100000000)
  eden space 55296K, 100% used [0x00000000eab00000,0x00000000ee100000,0x00000000ee100000)
  from space 4608K, 99% used [0x00000000ee580000,0x00000000ee9f9aa0,0x00000000eea00000)
  to   space 4608K, 0% used [0x00000000ee100000,0x00000000ee100000,0x00000000ee580000)
 ParOldGen       total 73728K, used 8007K [0x00000000c0000000, 0x00000000c4800000, 0x00000000eab00000)
  object space 73728K, 10% used [0x00000000c0000000,0x00000000c07d1cd0,0x00000000c4800000)
 Metaspace       used 7826K, capacity 8132K, committed 8320K, reserved 1056768K
  class space    used 775K, capacity 820K, committed 896K, reserved 1048576K
Event: 1.785 GC heap after
Heap after GC invocations=3 (full 0):
 PSYoungGen      total 59904K, used 4579K [0x00000000eab00000, 0x00000000f2000000, 0x0000000100000000)
  eden space 55296K, 0% used [0x00000000eab00000,0x00000000eab00000,0x00000000ee100000)
  from space 4608K, 99% used [0x00000000ee100000,0x00000000ee578c08,0x00000000ee580000)
  to   space 4608K, 0% used [0x00000000f1b80000,0x00000000f1b80000,0x00000000f2000000)
 ParOldGen       total 73728K, used 13251K [0x00000000c0000000, 0x00000000c4800000, 0x00000000eab00000)
  object space 73728K, 17% used [0x00000000c0000000,0x00000000c0cf0d68,0x00000000c4800000)
 Metaspace       used 7826K, capacity 8132K, committed 8320K, reserved 1056768K
  class space    used 775K, capacity 820K, committed 896K, reserved 1048576K
}
Event: 1.987 GC heap before
{Heap before GC invocations=4 (full 0):
 PSYoungGen      total 59904K, used 59875K [0x00000000eab00000, 0x00000000f2000000, 0x0000000100000000)
  eden space 55296K, 100% used [0x00000000eab00000,0x00000000ee100000,0x00000000ee100000)
  from space 4608K, 99% used [0x00000000ee100000,0x00000000ee578c08,0x00000000ee580000)
  to   space 4608K, 0% used [0x00000000f1b80000,0x00000000f1b80000,0x00000000f2000000)
 ParOldGen       total 73728K, used 13251K [0x00000000c0000000, 0x00000000c4800000, 0x00000000eab00000)
  object space 73728K, 17% used [0x00000000c0000000,0x00000000c0cf0d68,0x00000000c4800000)
 Metaspace       used 7851K, capacity 8132K, committed 8320K, reserved 1056768K
  class space    used 776K, capacity 820K, committed 896K, reserved 1048576K
Event: 2.015 GC heap after
Heap after GC invocations=4 (full 0):
 PSYoungGen      total 115200K, used 4592K [0x00000000eab00000, 0x00000000f2000000, 0x0000000100000000)
  eden space 110592K, 0% used [0x00000000eab00000,0x00000000eab00000,0x00000000f1700000)
  from space 4608K, 99% used [0x00000000f1b80000,0x00000000f1ffc0f0,0x00000000f2000000)
  to   space 4608K, 0% used [0x00000000f1700000,0x00000000f1700000,0x00000000f1b80000)
 ParOldGen       total 73728K, used 14799K [0x00000000c0000000, 0x00000000c4800000, 0x00000000eab00000)
  object space 73728K, 20% used [0x00000000c0000000,0x00000000c0e73d98,0x00000000c4800000)
 Metaspace       used 7851K, capacity 8132K, committed 8320K, reserved 1056768K
  class space    used 776K, capacity 820K, committed 896K, reserved 1048576K
}

Deoptimization events (10 events):
Event: 1.428 Thread 0x0000000002309000 Uncommon trap: reason=class_check action=maybe_recompile pc=0x000000000309551c method=com.android.dex.Leb128.writeUnsignedLeb128(Lcom/android/dex/util/ByteOutput;I)V @ 40
Event: 1.428 Thread 0x0000000002309000 Uncommon trap: reason=class_check action=maybe_recompile pc=0x000000000309551c method=com.android.dex.Leb128.writeUnsignedLeb128(Lcom/android/dex/util/ByteOutput;I)V @ 40
Event: 1.462 Thread 0x0000000002309000 Uncommon trap: reason=unstable_if action=reinterpret pc=0x00000000030bf7d0 method=java.util.HashMap.putVal(ILjava/lang/Object;Ljava/lang/Object;ZZ)Ljava/lang/Object; @ 162
Event: 1.462 Thread 0x0000000002309000 Uncommon trap: reason=unstable_if action=reinterpret pc=0x0000000002f99ad4 method=java.util.HashMap.resize()[Ljava/util/HashMap$Node; @ 206
Event: 1.470 Thread 0x0000000002309000 Uncommon trap: reason=predicate action=maybe_recompile pc=0x00000000030e6820 method=com.android.dex.Leb128.writeUnsignedLeb128(Lcom/android/dex/util/ByteOutput;I)V @ 9
Event: 1.526 Thread 0x0000000002309000 Uncommon trap: reason=unstable_if action=reinterpret pc=0x0000000003146204 method=sun.misc.URLClassPath.getLoader(I)Lsun/misc/URLClassPath$Loader; @ 36
Event: 1.527 Thread 0x0000000002309000 Uncommon trap: reason=unstable_if action=reinterpret pc=0x00000000030cf6fc method=sun.misc.URLClassPath.getLoader(I)Lsun/misc/URLClassPath$Loader; @ 36
Event: 1.527 Thread 0x0000000002309000 Uncommon trap: reason=unstable_if action=reinterpret pc=0x0000000002c62e74 method=sun.misc.MetaIndex.mayContain(Ljava/lang/String;)Z @ 13
Event: 1.559 Thread 0x0000000002309000 Uncommon trap: reason=predicate action=maybe_recompile pc=0x0000000003141b64 method=com.android.dex.Leb128.readUnsignedLeb128(Lcom/android/dex/util/ByteInput;)I @ 41
Event: 1.642 Thread 0x0000000002309000 Uncommon trap: reason=unstable_if action=reinterpret pc=0x0000000002ed5f24 method=java.util.HashMap.getNode(ILjava/lang/Object;)Ljava/util/HashMap$Node; @ 84

Internal exceptions (8 events):
Event: 0.049 Thread 0x0000000002309000 Exception <a 'java/lang/NoSuchMethodError': Method sun.misc.Unsafe.defineClass(Ljava/lang/String;[BII)Ljava/lang/Class; name or signature does not match> (0x00000000eab0eaf8) thrown at [C:\re\workspace\8-2-build-windows-amd64-cygwin\jdk8u51\3951\hotspot\sr«≤Ñm©?
Event: 0.049 Thread 0x0000000002309000 Exception <a 'java/lang/NoSuchMethodError': Method sun.misc.Unsafe.prefetchRead(Ljava/lang/Object;J)V name or signature does not match> (0x00000000eab0ed88) thrown at [C:\re\workspace\8-2-build-windows-amd64-cygwin\jdk8u51\3951\hotspot\src\share\vm\prims\j«≥ô˜ùh‰?
Event: 0.638 Thread 0x0000000056b74000 Implicit null exception at 0x0000000002dffa67 to 0x0000000002e01b05
Event: 0.638 Thread 0x0000000056b74000 Implicit null exception at 0x0000000002df2e54 to 0x0000000002df4e9d
Event: 1.527 Thread 0x0000000002309000 Exception <a 'java/security/PrivilegedActionException'> (0x00000000ebdcc338) thrown at [C:\re\workspace\8-2-build-windows-amd64-cygwin\jdk8u51\3951\hotspot\src\share\vm\prims\jvm.cpp, line 1382]
Event: 1.527 Thread 0x0000000002309000 Exception <a 'java/security/PrivilegedActionException'> (0x00000000ebdcc680) thrown at [C:\re\workspace\8-2-build-windows-amd64-cygwin\jdk8u51\3951\hotspot\src\share\vm\prims\jvm.cpp, line 1382]
Event: 1.528 Thread 0x0000000002309000 Exception <a 'java/security/PrivilegedActionException'> (0x00000000ebdd0738) thrown at [C:\re\workspace\8-2-build-windows-amd64-cygwin\jdk8u51\3951\hotspot\src\share\vm\prims\jvm.cpp, line 1382]
Event: 1.528 Thread 0x0000000002309000 Exception <a 'java/security/PrivilegedActionException'> (0x00000000ebdd0a80) thrown at [C:\re\workspace\8-2-build-windows-amd64-cygwin\jdk8u51\3951\hotspot\src\share\vm\prims\jvm.cpp, line 1382]

Events (10 events):
Event: 2.219 loading class sun/reflect/ClassDefiner
Event: 2.219 loading class sun/reflect/ClassDefiner done
Event: 2.220 loading class sun/reflect/ClassDefiner$1
Event: 2.220 loading class sun/reflect/ClassDefiner$1 done
Event: 2.220 loading class sun/reflect/BootstrapConstructorAccessorImpl
Event: 2.220 loading class sun/reflect/BootstrapConstructorAccessorImpl done
Event: 2.317 Thread 0x0000000002309000 DEOPT PACKING pc=0x00000000031cceea sp=0x00000000027aed20
Event: 2.317 Thread 0x0000000002309000 DEOPT UNPACKING pc=0x0000000002ac71bf sp=0x00000000027aea28 mode 0
Event: 2.323 Thread 0x0000000002309000 DEOPT PACKING pc=0x0000000003197023 sp=0x00000000027aecd0
Event: 2.323 Thread 0x0000000002309000 DEOPT UNPACKING pc=0x0000000002ac71bf sp=0x00000000027ae9f0 mode 0


Dynamic libraries:
0x000000013f290000 - 0x000000013f2c7000 	C:\Program Files\Java\jdk1.8.0_51\bin\java.exe
0x0000000077a50000 - 0x0000000077bf9000 	C:\Windows\SYSTEM32\ntdll.dll
0x0000000077930000 - 0x0000000077a4f000 	C:\Windows\system32\kernel32.dll
0x000007fefdb70000 - 0x000007fefdbdc000 	C:\Windows\system32\KERNELBASE.dll
0x0000000075680000 - 0x0000000075714000 	C:\Windows\System32\SYSFER.DLL
0x000007feffc80000 - 0x000007feffd5b000 	C:\Windows\system32\ADVAPI32.dll
0x000007fefdd60000 - 0x000007fefddff000 	C:\Windows\system32\msvcrt.dll
0x000007feff8c0000 - 0x000007feff8df000 	C:\Windows\SYSTEM32\sechost.dll
0x000007fefe6b0000 - 0x000007fefe7dd000 	C:\Windows\system32\RPCRT4.dll
0x0000000077830000 - 0x000000007792a000 	C:\Windows\system32\USER32.dll
0x000007feff720000 - 0x000007feff787000 	C:\Windows\system32\GDI32.dll
0x000007fefe180000 - 0x000007fefe18e000 	C:\Windows\system32\LPK.dll
0x000007fefdff0000 - 0x000007fefe0b9000 	C:\Windows\system32\USP10.dll
0x000007fefc340000 - 0x000007fefc534000 	C:\Windows\WinSxS\amd64_microsoft.windows.common-controls_6595b64144ccf1df_6.0.7601.18837_none_fa3b1e3d17594757\COMCTL32.dll
0x000007feff9f0000 - 0x000007feffa61000 	C:\Windows\system32\SHLWAPI.dll
0x000007feff6f0000 - 0x000007feff71e000 	C:\Windows\system32\IMM32.DLL
0x000007feff8e0000 - 0x000007feff9e9000 	C:\Windows\system32\MSCTF.dll
0x0000000073570000 - 0x0000000073642000 	C:\Program Files\Java\jdk1.8.0_51\jre\bin\msvcr100.dll
0x0000000060670000 - 0x0000000060ef3000 	C:\Program Files\Java\jdk1.8.0_51\jre\bin\server\jvm.dll
0x000007fef8650000 - 0x000007fef8659000 	C:\Windows\system32\WSOCK32.dll
0x000007fefe210000 - 0x000007fefe25d000 	C:\Windows\system32\WS2_32.dll
0x000007fefe260000 - 0x000007fefe268000 	C:\Windows\system32\NSI.dll
0x000007fefb740000 - 0x000007fefb77b000 	C:\Windows\system32\WINMM.dll
0x000007fefcb50000 - 0x000007fefcb5c000 	C:\Windows\system32\VERSION.dll
0x0000000077c10000 - 0x0000000077c17000 	C:\Windows\system32\PSAPI.DLL
0x0000000074650000 - 0x000000007465f000 	C:\Program Files\Java\jdk1.8.0_51\jre\bin\verify.dll
0x0000000073db0000 - 0x0000000073dd9000 	C:\Program Files\Java\jdk1.8.0_51\jre\bin\java.dll
0x0000000073fe0000 - 0x0000000073ff6000 	C:\Program Files\Java\jdk1.8.0_51\jre\bin\zip.dll
0x000007fefe7e0000 - 0x000007feff569000 	C:\Windows\system32\SHELL32.dll
0x000007feffa70000 - 0x000007feffc73000 	C:\Windows\system32\ole32.dll
0x000007fefd950000 - 0x000007fefd95f000 	C:\Windows\system32\profapi.dll
0x000007fef53a0000 - 0x000007fef54c5000 	C:\Windows\system32\dbghelp.dll

VM Arguments:
jvm_args: -Xmx1024M -Dfile.encoding=windows-1252 -Duser.country=BR -Duser.language=pt -Duser.variant 
java_command: com.android.dx.command.Main --dex --num-threads=4 --output C:\Users\mario.rscastro\Documents\CidadeAumentadaAndroid\MapBoxApp\app\build\intermediates\dex\debug C:\Users\mario.rscastro\Documents\CidadeAumentadaAndroid\MapBoxApp\app\build\intermediates\classes\debug C:\Users\mario.rscastro\Documents\CidadeAumentadaAndroid\MapBoxApp\app\build\intermediates\pre-dexed\debug\support-annotations-23.1.0-9cefb7d90aceb646e4593b3868223d47fd588a40.jar C:\Users\mario.rscastro\Documents\CidadeAumentadaAndroid\MapBoxApp\app\build\intermediates\pre-dexed\debug\okhttp-urlconnection-2.4.0-00156a945ad2b37aef0056da0f5e520ae5bd2482.jar C:\Users\mario.rscastro\Documents\CidadeAumentadaAndroid\MapBoxApp\app\build\intermediates\pre-dexed\debug\disklrucache-2.0.2-a5fbd04fb7f7d9da02759abfe91e12aa007b2459.jar C:\Users\mario.rscastro\Documents\CidadeAumentadaAndroid\MapBoxApp\app\build\intermediates\pre-dexed\debug\classes-7e4c1c2f7402e9109380febb869cb2b25173ceee.jar C:\Users\mario.rscastro\Documents\CidadeAumentadaAndroid\MapBoxApp\app\build\intermediates\pre-dexed\debug\classes-9abb9eae320c5be157d392a39c6ab5c638fe8025.jar C:\Users\mario.rscastro\Documents\CidadeAumentadaAndroid\MapBoxApp\app\build\intermediates\pre-dexed\debug\okio-1.4.0-c01a108f3550840c10f2f227b610029ee6eddedc.jar C:\Users\mario.rscastro\Documents\CidadeAumentadaAndroid\MapBoxApp\app\build\intermediates\pre-dexed\debug\library-2.4.0-7601f2bc285cac18a6c2abf82d255e22d01e9249.jar C:\Users\mario.rscastro\Documents\CidadeAumentadaAndroid\MapBoxApp\app\build\intermediates\pre-dexed\debug\android-async-http-1.4.9-949cd68dedca8831975e1dda13aa79ce431281ef.jar C:\Users\mario.rscastro\Documents\CidadeAumentadaAndroid\MapBoxApp\app\build\intermediates\pre-dexed\debug\classes-b0e0c7691903ffcfaa67bfca433251afc0715a56.jar C:\Users\mario.rscastro\Documents\CidadeAumentadaAndroid\MapBoxApp\app\build\intermediates\pre-dexed\debug\classes-13dfaa3c3db441c5503d000eaceafc6e8cf5a861.jar C:\Users\mario.rscastro\Documents\CidadeAume
java_class_path (initial): O:\AndroidStudioSDK\build-tools\23.0.1\lib\dx.jar
Launcher Type: SUN_STANDARD

Environment Variables:
PATH=C:\ProgramData\Oracle\Java\javapath;C:\Program Files (x86)\NVIDIA Corporation\PhysX\Common;C:\Windows\system32;C:\Windows;C:\Windows\System32\Wbem;C:\Windows\System32\WindowsPowerShell\v1.0\;C:\Program Files (x86)\Brackets\command
USERNAME=mario.rscastro
OS=Windows_NT
PROCESSOR_IDENTIFIER=Intel64 Family 6 Model 23 Stepping 7, GenuineIntel



---------------  S Y S T E M  ---------------

OS: Windows 7 , 64 bit Build 7601 (6.1.7601.18933)

CPU:total 4 (4 cores per cpu, 1 threads per core) family 6 model 23 stepping 7, cmov, cx8, fxsr, mmx, sse, sse2, sse3, ssse3, sse4.1, tsc

Memory: 4k page, physical 7076392k(736228k free), swap 19654392k(10844104k free)

vm_info: Java HotSpot(TM) 64-Bit Server VM (25.51-b03) for windows-amd64 JRE (1.8.0_51-b16), built on Jun  8 2015 18:03:07 by "java_re" with MS VC++ 10.0 (VS2010)

time: Tue Nov 10 14:48:55 2015
elapsed time: 2 seconds (0d 0h 0m 2s)

