#
# A fatal error has been detected by the Java Runtime Environment:
#
#  EXCEPTION_ACCESS_VIOLATION (0xc0000005) at pc=0xffffffffa3895120, pid=924, tid=6488
#
# JRE version: Java(TM) SE Runtime Environment (8.0_51-b16) (build 1.8.0_51-b16)
# Java VM: Java HotSpot(TM) 64-Bit Server VM (25.51-b03 mixed mode windows-amd64 compressed oops)
# Problematic frame:
# C  0xffffffffa3895120
#
# Failed to write core dump. Minidumps are not enabled by default on client versions of Windows
#
# If you would like to submit a bug report, please visit:
#   http://bugreport.java.com/bugreport/crash.jsp
#

---------------  T H R E A D  ---------------

Current thread (0x00000000005ef800):  JavaThread "main" [_thread_in_Java, id=6488, stack(0x00000000024c0000,0x00000000025c0000)]

siginfo: ExceptionCode=0xc0000005, ExceptionInformation=0x0000000000000008 0xffffffffa3895120

Registers:
RAX=0x00000000eb6daee8, RBX=0x00000000eb6daee8, RCX=0x00000000000032bc, RDX=0x00000000eb6daee8
RSP=0x00000000025bf0f8, RBP=0x00000000025bf2f8, RSI=0x0000000000000232, RDI=0x0000000000000233
R8 =0x0000000000000233, R9 =0x000000007f0a00a8, R10=0x0000000014a87b18, R11=0x0000000002e9eb60
R12=0x0000000000000000, R13=0x00000000025bf2a8, R14=0x00000000025bf340, R15=0x00000000005ef800
RIP=0xffffffffa3895120, EFLAGS=0x0000000000010202

Top of Stack: (sp=0x00000000025bf0f8)
0x00000000025bf0f8:   0000000002e8be3c ffffffffffffffff
0x00000000025bf108:   0000000055035468 0000000054a98100
0x00000000025bf118:   00000000025bf170 0000000054b9ea18
0x00000000025bf128:   0000000054d0ad78 0000000054a98170
0x00000000025bf138:   0000000000000000 00000000eb6daee8
0x00000000025bf148:   0000023200000064 0000000000000233
0x00000000025bf158:   000000007f0100d0 0000000000000021
0x00000000025bf168:   000000007f0100d0 00000000025bf2f8
0x00000000025bf178:   0000000002e9c4ac 0000000002e9eb60
0x00000000025bf188:   000000006e40bba0 00000000000000ce
0x00000000025bf198:   00000000c000bde0 0000000014a595e8
0x00000000025bf1a8:   00000000c000bde0 00000000025bf1f0
0x00000000025bf1b8:   00000000eb6daee8 0000000400000004
0x00000000025bf1c8:   000000007f0a00a8 000000000000007f
0x00000000025bf1d8:   0000000000000001 00000000eb6d6db0
0x00000000025bf1e8:   0000000000000216 00000000025bf2f8 

Instructions: (pc=0xffffffffa3895120)
0xffffffffa3895100:   
[error occurred during error reporting (printing registers, top of stack, instructions near pc), id 0xc0000005]

Register to memory mapping:

RAX=0x00000000eb6daee8 is an oop
com.android.dx.util.ByteArrayAnnotatedOutput 
 - klass: 'com/android/dx/util/ByteArrayAnnotatedOutput'
RBX=0x00000000eb6daee8 is an oop
com.android.dx.util.ByteArrayAnnotatedOutput 
 - klass: 'com/android/dx/util/ByteArrayAnnotatedOutput'
RCX=0x00000000000032bc is an unknown value
RDX=0x00000000eb6daee8 is an oop
com.android.dx.util.ByteArrayAnnotatedOutput 
 - klass: 'com/android/dx/util/ByteArrayAnnotatedOutput'
RSP=0x00000000025bf0f8 is pointing into the stack for thread: 0x00000000005ef800
RBP=0x00000000025bf2f8 is pointing into the stack for thread: 0x00000000005ef800
RSI=0x0000000000000232 is an unknown value
RDI=0x0000000000000233 is an unknown value
R8 =0x0000000000000233 is an unknown value
R9 =0x000000007f0a00a8 is an unknown value
R10=0x0000000014a87b18 is pointing into metadata
R11=0x0000000002e9eb60 is at entry_point+32 in (nmethod*)0x0000000002e9e750
R12=0x0000000000000000 is an unknown value
R13=0x00000000025bf2a8 is pointing into the stack for thread: 0x00000000005ef800
R14=0x00000000025bf340 is pointing into the stack for thread: 0x00000000005ef800
R15=0x00000000005ef800 is a thread


Stack: [0x00000000024c0000,0x00000000025c0000],  sp=0x00000000025bf0f8,  free space=1020k
Native frames: (J=compiled Java code, j=interpreted, Vv=VM code, C=native code)
C  0xffffffffa3895120


---------------  P R O C E S S  ---------------

Java Threads: ( => current thread )
  0x00000000553ef000 JavaThread "Service Thread" daemon [_thread_blocked, id=5728, stack(0x00000000572a0000,0x00000000573a0000)]
  0x00000000567cb000 JavaThread "C1 CompilerThread2" daemon [_thread_blocked, id=6884, stack(0x0000000057110000,0x0000000057210000)]
  0x00000000567ca000 JavaThread "C2 CompilerThread1" daemon [_thread_in_native, id=7128, stack(0x0000000056fb0000,0x00000000570b0000)]
  0x00000000567c2800 JavaThread "C2 CompilerThread0" daemon [_thread_blocked, id=252, stack(0x00000000564c0000,0x00000000565c0000)]
  0x00000000553e2800 JavaThread "Attach Listener" daemon [_thread_blocked, id=5908, stack(0x0000000056e70000,0x0000000056f70000)]
  0x00000000567cc800 JavaThread "Signal Dispatcher" daemon [_thread_blocked, id=256, stack(0x0000000056d50000,0x0000000056e50000)]
  0x0000000055388800 JavaThread "Finalizer" daemon [_thread_blocked, id=5920, stack(0x00000000566c0000,0x00000000567c0000)]
  0x0000000055381800 JavaThread "Reference Handler" daemon [_thread_blocked, id=5732, stack(0x00000000565c0000,0x00000000566c0000)]
=>0x00000000005ef800 JavaThread "main" [_thread_in_Java, id=6488, stack(0x00000000024c0000,0x00000000025c0000)]

Other Threads:
  0x000000005537c000 VMThread [stack: 0x00000000563c0000,0x00000000564c0000] [id=6272]
  0x000000005684c800 WatcherThread [stack: 0x00000000573a0000,0x00000000574a0000] [id=240]

VM state:not at safepoint (normal execution)

VM Mutex/Monitor currently owned by a thread: None

Heap:
 PSYoungGen      total 59904K, used 16802K [0x00000000eab00000, 0x00000000eea00000, 0x0000000100000000)
  eden space 55296K, 22% used [0x00000000eab00000,0x00000000eb6eaae8,0x00000000ee100000)
  from space 4608K, 99% used [0x00000000ee580000,0x00000000ee9fdf08,0x00000000eea00000)
  to   space 4608K, 0% used [0x00000000ee100000,0x00000000ee100000,0x00000000ee580000)
 ParOldGen       total 73728K, used 8668K [0x00000000c0000000, 0x00000000c4800000, 0x00000000eab00000)
  object space 73728K, 11% used [0x00000000c0000000,0x00000000c0877390,0x00000000c4800000)
 Metaspace       used 6213K, capacity 7152K, committed 7296K, reserved 1056768K
  class space    used 600K, capacity 616K, committed 640K, reserved 1048576K

Card table byte_map: [0x0000000011c50000,0x0000000011e60000] byte_map_base: 0x0000000011650000

Marking Bits: (ParMarkBitMap*) 0x000000006e424040
 Begin Bits: [0x00000000127f0000, 0x00000000137f0000)
 End Bits:   [0x00000000137f0000, 0x00000000147f0000)

Polling page: 0x0000000000450000

CodeCache: size=245760Kb used=6203Kb max_used=6215Kb free=239556Kb
 bounds [0x0000000002890000, 0x0000000002eb0000, 0x0000000011890000]
 total_blobs=1945 nmethods=1676 adapters=183
 compilation: enabled

Compilation events (10 events):
Event: 1.995 Thread 0x00000000567cb000 nmethod 1675 0x0000000002e9c8d0 code [0x0000000002e9cb00, 0x0000000002e9dfe8]
Event: 1.995 Thread 0x00000000567cb000 1678       3       com.android.dex.EncodedValueCodec::writeSignedIntegralValue (63 bytes)
Event: 1.995 Thread 0x00000000567cb000 nmethod 1678 0x0000000002e9c1d0 code [0x0000000002e9c360, 0x0000000002e9c768]
Event: 1.995 Thread 0x00000000567cb000 1679       1       com.android.dx.rop.cst.CstLiteral32::getLongBits (6 bytes)
Event: 1.995 Thread 0x00000000567cb000 nmethod 1679 0x0000000002e9bf10 code [0x0000000002e9c060, 0x0000000002e9c170]
Event: 1.995 Thread 0x00000000567cb000 1676       3       java.lang.Long::numberOfLeadingZeros (94 bytes)
Event: 1.996 Thread 0x00000000567cb000 nmethod 1676 0x0000000002e9ba10 code [0x0000000002e9bb80, 0x0000000002e9be90]
Event: 1.996 Thread 0x00000000567cb000 1671       3       com.android.dx.dex.file.TypeIdsSection::indexOf (66 bytes)
Event: 1.996 Thread 0x00000000567c2800 nmethod 1672 0x0000000002ea4950 code [0x0000000002ea4aa0, 0x0000000002ea4cf8]
Event: 1.996 Thread 0x00000000567c2800 1677       4       com.android.dx.util.ByteArrayAnnotatedOutput::writeByte (51 bytes)

GC Heap History (4 events):
Event: 1.086 GC heap before
{Heap before GC invocations=1 (full 0):
 PSYoungGen      total 32256K, used 27648K [0x00000000eab00000, 0x00000000ecf00000, 0x0000000100000000)
  eden space 27648K, 100% used [0x00000000eab00000,0x00000000ec600000,0x00000000ec600000)
  from space 4608K, 0% used [0x00000000eca80000,0x00000000eca80000,0x00000000ecf00000)
  to   space 4608K, 0% used [0x00000000ec600000,0x00000000ec600000,0x00000000eca80000)
 ParOldGen       total 73728K, used 0K [0x00000000c0000000, 0x00000000c4800000, 0x00000000eab00000)
  object space 73728K, 0% used [0x00000000c0000000,0x00000000c0000000,0x00000000c4800000)
 Metaspace       used 5689K, capacity 6832K, committed 7040K, reserved 1056768K
  class space    used 578K, capacity 616K, committed 640K, reserved 1048576K
Event: 1.106 GC heap after
Heap after GC invocations=1 (full 0):
 PSYoungGen      total 32256K, used 4591K [0x00000000eab00000, 0x00000000eea00000, 0x0000000100000000)
  eden space 27648K, 0% used [0x00000000eab00000,0x00000000eab00000,0x00000000ec600000)
  from space 4608K, 99% used [0x00000000ec600000,0x00000000eca7bda8,0x00000000eca80000)
  to   space 4608K, 0% used [0x00000000ee580000,0x00000000ee580000,0x00000000eea00000)
 ParOldGen       total 73728K, used 2368K [0x00000000c0000000, 0x00000000c4800000, 0x00000000eab00000)
  object space 73728K, 3% used [0x00000000c0000000,0x00000000c0250200,0x00000000c4800000)
 Metaspace       used 5689K, capacity 6832K, committed 7040K, reserved 1056768K
  class space    used 578K, capacity 616K, committed 640K, reserved 1048576K
}
Event: 1.801 GC heap before
{Heap before GC invocations=2 (full 0):
 PSYoungGen      total 32256K, used 32127K [0x00000000eab00000, 0x00000000eea00000, 0x0000000100000000)
  eden space 27648K, 99% used [0x00000000eab00000,0x00000000ec5e4100,0x00000000ec600000)
  from space 4608K, 99% used [0x00000000ec600000,0x00000000eca7bda8,0x00000000eca80000)
  to   space 4608K, 0% used [0x00000000ee580000,0x00000000ee580000,0x00000000eea00000)
 ParOldGen       total 73728K, used 2368K [0x00000000c0000000, 0x00000000c4800000, 0x00000000eab00000)
  object space 73728K, 3% used [0x00000000c0000000,0x00000000c0250200,0x00000000c4800000)
 Metaspace       used 5891K, capacity 6960K, committed 7040K, reserved 1056768K
  class space    used 578K, capacity 616K, committed 640K, reserved 1048576K
Event: 1.815 GC heap after
Heap after GC invocations=2 (full 0):
 PSYoungGen      total 59904K, used 4599K [0x00000000eab00000, 0x00000000eea00000, 0x0000000100000000)
  eden space 55296K, 0% used [0x00000000eab00000,0x00000000eab00000,0x00000000ee100000)
  from space 4608K, 99% used [0x00000000ee580000,0x00000000ee9fdf08,0x00000000eea00000)
  to   space 4608K, 0% used [0x00000000ee100000,0x00000000ee100000,0x00000000ee580000)
 ParOldGen       total 73728K, used 8668K [0x00000000c0000000, 0x00000000c4800000, 0x00000000eab00000)
  object space 73728K, 11% used [0x00000000c0000000,0x00000000c0877390,0x00000000c4800000)
 Metaspace       used 5891K, capacity 6960K, committed 7040K, reserved 1056768K
  class space    used 578K, capacity 616K, committed 640K, reserved 1048576K
}

Deoptimization events (10 events):
Event: 1.896 Thread 0x00000000005ef800 Uncommon trap: reason=bimorphic action=maybe_recompile pc=0x0000000002bd1450 method=java.util.HashMap.putVal(ILjava/lang/Object;Ljava/lang/Object;ZZ)Ljava/lang/Object; @ 203
Event: 1.896 Thread 0x00000000005ef800 Uncommon trap: reason=bimorphic action=maybe_recompile pc=0x0000000002bd1450 method=java.util.HashMap.putVal(ILjava/lang/Object;Ljava/lang/Object;ZZ)Ljava/lang/Object; @ 203
Event: 1.896 Thread 0x00000000005ef800 Uncommon trap: reason=bimorphic action=maybe_recompile pc=0x0000000002bd1450 method=java.util.HashMap.putVal(ILjava/lang/Object;Ljava/lang/Object;ZZ)Ljava/lang/Object; @ 203
Event: 1.896 Thread 0x00000000005ef800 Uncommon trap: reason=class_check action=maybe_recompile pc=0x0000000002b9be38 method=java.util.HashMap.putVal(ILjava/lang/Object;Ljava/lang/Object;ZZ)Ljava/lang/Object; @ 203
Event: 1.896 Thread 0x00000000005ef800 Uncommon trap: reason=class_check action=maybe_recompile pc=0x0000000002b9be38 method=java.util.HashMap.putVal(ILjava/lang/Object;Ljava/lang/Object;ZZ)Ljava/lang/Object; @ 203
Event: 1.944 Thread 0x00000000005ef800 Uncommon trap: reason=class_check action=maybe_recompile pc=0x0000000002c4281c method=java.util.Arrays.equals([Ljava/lang/Object;[Ljava/lang/Object;)Z @ 62
Event: 1.944 Thread 0x00000000005ef800 Uncommon trap: reason=class_check action=maybe_recompile pc=0x0000000002c4281c method=java.util.Arrays.equals([Ljava/lang/Object;[Ljava/lang/Object;)Z @ 62
Event: 1.944 Thread 0x00000000005ef800 Uncommon trap: reason=class_check action=maybe_recompile pc=0x0000000002c4281c method=java.util.Arrays.equals([Ljava/lang/Object;[Ljava/lang/Object;)Z @ 62
Event: 1.944 Thread 0x00000000005ef800 Uncommon trap: reason=class_check action=maybe_recompile pc=0x0000000002c4281c method=java.util.Arrays.equals([Ljava/lang/Object;[Ljava/lang/Object;)Z @ 62
Event: 1.956 Thread 0x00000000005ef800 Uncommon trap: reason=unstable_if action=reinterpret pc=0x0000000002ac9230 method=java.util.TreeMap.put(Ljava/lang/Object;Ljava/lang/Object;)Ljava/lang/Object; @ 163

Internal exceptions (3 events):
Event: 0.058 Thread 0x00000000005ef800 Exception <a 'java/lang/NoSuchMethodError': Method sun.misc.Unsafe.defineClass(Ljava/lang/String;[BII)Ljava/lang/Class; name or signature does not match> (0x00000000eab0ea98) thrown at [C:\re\workspace\8-2-build-windows-amd64-cygwin\jdk8u51\3951\hotspot\sr|þ¹•üÏ­?
Event: 0.058 Thread 0x00000000005ef800 Exception <a 'java/lang/NoSuchMethodError': Method sun.misc.Unsafe.prefetchRead(Ljava/lang/Object;J)V name or signature does not match> (0x00000000eab0ed28) thrown at [C:\re\workspace\8-2-build-windows-amd64-cygwin\jdk8u51\3951\hotspot\src\share\vm\prims\jŒÕ>ÔËï?
Event: 0.994 Thread 0x000000005694a000 Implicit null exception at 0x0000000002b9d7d2 to 0x0000000002b9d871

Events (10 events):
Event: 1.956 Thread 0x00000000005ef800 DEOPT PACKING pc=0x0000000002ac9230 sp=0x00000000025bf210
Event: 1.956 Thread 0x00000000005ef800 DEOPT UNPACKING pc=0x00000000028d556a sp=0x00000000025bf1d0 mode 2
Event: 1.977 loading class com/android/dx/dex/file/DebugInfoEncoder
Event: 1.977 loading class com/android/dx/dex/file/DebugInfoEncoder done
Event: 1.981 loading class com/android/dx/dex/file/DebugInfoEncoder$1
Event: 1.981 loading class com/android/dx/dex/file/DebugInfoEncoder$1 done
Event: 1.981 loading class com/android/dx/dex/file/DebugInfoEncoder$2
Event: 1.981 loading class com/android/dx/dex/file/DebugInfoEncoder$2 done
Event: 1.989 loading class com/android/dex/EncodedValueCodec
Event: 1.989 loading class com/android/dex/EncodedValueCodec done


Dynamic libraries:
0x000000013faf0000 - 0x000000013fb27000 	C:\Program Files\Java\jdk1.8.0_51\bin\java.exe
0x0000000077a20000 - 0x0000000077bc9000 	C:\Windows\SYSTEM32\ntdll.dll
0x0000000077800000 - 0x000000007791f000 	C:\Windows\system32\kernel32.dll
0x000007fefda10000 - 0x000007fefda7c000 	C:\Windows\system32\KERNELBASE.dll
0x0000000075650000 - 0x00000000756e4000 	C:\Windows\System32\SYSFER.DLL
0x000007fefe3e0000 - 0x000007fefe4bb000 	C:\Windows\system32\ADVAPI32.dll
0x000007fefe600000 - 0x000007fefe69f000 	C:\Windows\system32\msvcrt.dll
0x000007feff7d0000 - 0x000007feff7ef000 	C:\Windows\SYSTEM32\sechost.dll
0x000007fefe4d0000 - 0x000007fefe5fd000 	C:\Windows\system32\RPCRT4.dll
0x0000000077920000 - 0x0000000077a1a000 	C:\Windows\system32\USER32.dll
0x000007feff990000 - 0x000007feff9f7000 	C:\Windows\system32\GDI32.dll
0x000007feffd20000 - 0x000007feffd2e000 	C:\Windows\system32\LPK.dll
0x000007fefdfc0000 - 0x000007fefe089000 	C:\Windows\system32\USP10.dll
0x000007fefc390000 - 0x000007fefc584000 	C:\Windows\WinSxS\amd64_microsoft.windows.common-controls_6595b64144ccf1df_6.0.7601.18837_none_fa3b1e3d17594757\COMCTL32.dll
0x000007feff870000 - 0x000007feff8e1000 	C:\Windows\system32\SHLWAPI.dll
0x000007fefe6a0000 - 0x000007fefe6ce000 	C:\Windows\system32\IMM32.DLL
0x000007feffae0000 - 0x000007feffbe9000 	C:\Windows\system32\MSCTF.dll
0x000000006d320000 - 0x000000006d3f2000 	C:\Program Files\Java\jdk1.8.0_51\jre\bin\msvcr100.dll
0x000000006dc20000 - 0x000000006e4a3000 	C:\Program Files\Java\jdk1.8.0_51\jre\bin\server\jvm.dll
0x000007fef7f70000 - 0x000007fef7f79000 	C:\Windows\system32\WSOCK32.dll
0x000007fefe2f0000 - 0x000007fefe33d000 	C:\Windows\system32\WS2_32.dll
0x000007fefe4c0000 - 0x000007fefe4c8000 	C:\Windows\system32\NSI.dll
0x000007fefb710000 - 0x000007fefb74b000 	C:\Windows\system32\WINMM.dll
0x000007fefcb20000 - 0x000007fefcb2c000 	C:\Windows\system32\VERSION.dll
0x0000000077be0000 - 0x0000000077be7000 	C:\Windows\system32\PSAPI.DLL
0x0000000074b70000 - 0x0000000074b7f000 	C:\Program Files\Java\jdk1.8.0_51\jre\bin\verify.dll
0x0000000074b40000 - 0x0000000074b69000 	C:\Program Files\Java\jdk1.8.0_51\jre\bin\java.dll
0x00000000746d0000 - 0x00000000746e6000 	C:\Program Files\Java\jdk1.8.0_51\jre\bin\zip.dll
0x000007fefe8b0000 - 0x000007feff639000 	C:\Windows\system32\SHELL32.dll
0x000007fefdd90000 - 0x000007fefdf93000 	C:\Windows\system32\ole32.dll
0x000007fefd920000 - 0x000007fefd92f000 	C:\Windows\system32\profapi.dll
0x000007fef3ea0000 - 0x000007fef3fc5000 	C:\Windows\system32\dbghelp.dll

VM Arguments:
jvm_args: -Xmx1024M -Dfile.encoding=windows-1252 -Duser.country=BR -Duser.language=pt -Duser.variant 
java_command: com.android.dx.command.Main --dex --num-threads=4 --output C:\Users\mario.rscastro\Documents\CidadeAumentadaAndroid\MapBoxApp\app\build\intermediates\dex\debug C:\Users\mario.rscastro\Documents\CidadeAumentadaAndroid\MapBoxApp\app\build\intermediates\classes\debug C:\Users\mario.rscastro\Documents\CidadeAumentadaAndroid\MapBoxApp\app\build\intermediates\pre-dexed\debug\support-annotations-23.1.0-9cefb7d90aceb646e4593b3868223d47fd588a40.jar C:\Users\mario.rscastro\Documents\CidadeAumentadaAndroid\MapBoxApp\app\build\intermediates\pre-dexed\debug\okhttp-urlconnection-2.4.0-00156a945ad2b37aef0056da0f5e520ae5bd2482.jar C:\Users\mario.rscastro\Documents\CidadeAumentadaAndroid\MapBoxApp\app\build\intermediates\pre-dexed\debug\disklrucache-2.0.2-a5fbd04fb7f7d9da02759abfe91e12aa007b2459.jar C:\Users\mario.rscastro\Documents\CidadeAumentadaAndroid\MapBoxApp\app\build\intermediates\pre-dexed\debug\classes-7e4c1c2f7402e9109380febb869cb2b25173ceee.jar C:\Users\mario.rscastro\Documents\CidadeAumentadaAndroid\MapBoxApp\app\build\intermediates\pre-dexed\debug\classes-9abb9eae320c5be157d392a39c6ab5c638fe8025.jar C:\Users\mario.rscastro\Documents\CidadeAumentadaAndroid\MapBoxApp\app\build\intermediates\pre-dexed\debug\okio-1.4.0-c01a108f3550840c10f2f227b610029ee6eddedc.jar C:\Users\mario.rscastro\Documents\CidadeAumentadaAndroid\MapBoxApp\app\build\intermediates\pre-dexed\debug\library-2.4.0-7601f2bc285cac18a6c2abf82d255e22d01e9249.jar C:\Users\mario.rscastro\Documents\CidadeAumentadaAndroid\MapBoxApp\app\build\intermediates\pre-dexed\debug\android-async-http-1.4.9-949cd68dedca8831975e1dda13aa79ce431281ef.jar C:\Users\mario.rscastro\Documents\CidadeAumentadaAndroid\MapBoxApp\app\build\intermediates\pre-dexed\debug\classes-b0e0c7691903ffcfaa67bfca433251afc0715a56.jar C:\Users\mario.rscastro\Documents\CidadeAumentadaAndroid\MapBoxApp\app\build\intermediates\pre-dexed\debug\classes-13dfaa3c3db441c5503d000eaceafc6e8cf5a861.jar C:\Users\mario.rscastro\Documents\CidadeAume
java_class_path (initial): O:\AndroidStudioSDK\build-tools\23.0.1\lib\dx.jar
Launcher Type: SUN_STANDARD

Environment Variables:
PATH=C:\ProgramData\Oracle\Java\javapath;C:\Program Files (x86)\NVIDIA Corporation\PhysX\Common;C:\Windows\system32;C:\Windows;C:\Windows\System32\Wbem;C:\Windows\System32\WindowsPowerShell\v1.0\;C:\Program Files (x86)\Brackets\command
USERNAME=mario.rscastro
OS=Windows_NT
PROCESSOR_IDENTIFIER=Intel64 Family 6 Model 23 Stepping 7, GenuineIntel



---------------  S Y S T E M  ---------------

OS: Windows 7 , 64 bit Build 7601 (6.1.7601.18933)

CPU:total 4 (4 cores per cpu, 1 threads per core) family 6 model 23 stepping 7, cmov, cx8, fxsr, mmx, sse, sse2, sse3, ssse3, sse4.1, tsc

Memory: 4k page, physical 7076392k(876076k free), swap 19654392k(10094292k free)

vm_info: Java HotSpot(TM) 64-Bit Server VM (25.51-b03) for windows-amd64 JRE (1.8.0_51-b16), built on Jun  8 2015 18:03:07 by "java_re" with MS VC++ 10.0 (VS2010)

time: Wed Oct 28 15:36:25 2015
elapsed time: 2 seconds (0d 0h 0m 2s)

