#
# A fatal error has been detected by the Java Runtime Environment:
#
#  EXCEPTION_ACCESS_VIOLATION (0xc0000005) at pc=0xffffffffa3b75120, pid=5220, tid=3396
#
# JRE version: Java(TM) SE Runtime Environment (8.0_51-b16) (build 1.8.0_51-b16)
# Java VM: Java HotSpot(TM) 64-Bit Server VM (25.51-b03 mixed mode windows-amd64 compressed oops)
# Problematic frame:
# C  0xffffffffa3b75120
#
# Failed to write core dump. Minidumps are not enabled by default on client versions of Windows
#
# If you would like to submit a bug report, please visit:
#   http://bugreport.java.com/bugreport/crash.jsp
#

---------------  T H R E A D  ---------------

Current thread (0x000000005689d800):  JavaThread "pool-1-thread-2" [_thread_in_Java, id=3396, stack(0x0000000057870000,0x0000000057970000)]

siginfo: ExceptionCode=0xc0000005, ExceptionInformation=0x0000000000000008 0xffffffffa3b75120

Registers:
RAX=0x0000000054a05a28, RBX=0x0000000054a05a28, RCX=0x00000000eb8c6170, RDX=0x00000000eb8c6170
RSP=0x000000005796e9e8, RBP=0x000000005796ea48, RSI=0x0000000000000001, RDI=0x0000000000000002
R8 =0x000000000000004e, R9 =0x0000000000000002, R10=0x000000006da2bba0, R11=0x0000000002dc12b0
R12=0x0000000000000000, R13=0x000000005796e9f8, R14=0x0000000000000000, R15=0x000000005689d800
RIP=0xffffffffa3b75120, EFLAGS=0x0000000000010206

Top of Stack: (sp=0x000000005796e9e8)
0x000000005796e9e8:   0000000002b77a01 0000000002b77a01
0x000000005796e9f8:   000000000000004e 00000000eb8c6170
0x000000005796ea08:   000000005796ea08 0000000054d55b01
0x000000005796ea18:   000000005796eaa0 0000000054d59698
0x000000005796ea28:   0000000000000000 0000000054d55ba8
0x000000005796ea38:   000000005796e9f8 000000005796ea90
0x000000005796ea48:   000000005796eae8 0000000002b77a01
0x000000005796ea58:   00000000ffffffff 00000000eb8b6728
0x000000005796ea68:   00000000eb8b5ed0 00000000eb8b6578
0x000000005796ea78:   00000000eb8bbac0 00000000eb8c61a8
0x000000005796ea88:   00000000eb8c6170 00000000eb8c6158
0x000000005796ea98:   0000000000000000 00000000eb8a8ab8
0x000000005796eaa8:   000000005796eaa8 0000000054d69a69
0x000000005796eab8:   000000005796eb50 0000000054d6a110
0x000000005796eac8:   0000000000000000 0000000054d69d30
0x000000005796ead8:   000000005796ea90 000000005796eb50 

Instructions: (pc=0xffffffffa3b75120)
0xffffffffa3b75100:   
[error occurred during error reporting (printing registers, top of stack, instructions near pc), id 0xc0000005]

Register to memory mapping:

RAX={method} {0x0000000054a05a30} 'set' '(I)V' in 'java/util/BitSet'
RBX={method} {0x0000000054a05a30} 'set' '(I)V' in 'java/util/BitSet'
RCX=0x00000000eb8c6170 is an oop
java.util.BitSet 
 - klass: 'java/util/BitSet'
RDX=0x00000000eb8c6170 is an oop
java.util.BitSet 
 - klass: 'java/util/BitSet'
RSP=0x000000005796e9e8 is pointing into the stack for thread: 0x000000005689d800
RBP=0x000000005796ea48 is pointing into the stack for thread: 0x000000005689d800
RSI=0x0000000000000001 is an unknown value
RDI=0x0000000000000002 is an unknown value
R8 =0x000000000000004e is an unknown value
R9 =0x0000000000000002 is an unknown value
R10=0x000000006da2bba0 is an unknown value
R11=0x0000000002dc12b0 is at entry_point+16 in (nmethod*)0x0000000002dc1150
R12=0x0000000000000000 is an unknown value
R13=0x000000005796e9f8 is pointing into the stack for thread: 0x000000005689d800
R14=0x0000000000000000 is an unknown value
R15=0x000000005689d800 is a thread


Stack: [0x0000000057870000,0x0000000057970000],  sp=0x000000005796e9e8,  free space=1018k
Native frames: (J=compiled Java code, j=interpreted, Vv=VM code, C=native code)
C  0xffffffffa3b75120


---------------  P R O C E S S  ---------------

Java Threads: ( => current thread )
  0x0000000056949800 JavaThread "pool-1-thread-4" [_thread_blocked, id=584, stack(0x0000000056ed0000,0x0000000056fd0000)]
  0x000000005689e000 JavaThread "pool-1-thread-3" [_thread_in_Java, id=696, stack(0x0000000057980000,0x0000000057a80000)]
=>0x000000005689d800 JavaThread "pool-1-thread-2" [_thread_in_Java, id=3396, stack(0x0000000057870000,0x0000000057970000)]
  0x000000005688d800 JavaThread "pool-2-thread-1" [_thread_blocked, id=4956, stack(0x0000000057770000,0x0000000057870000)]
  0x0000000056888800 JavaThread "pool-1-thread-1" [_thread_blocked, id=396, stack(0x0000000057630000,0x0000000057730000)]
  0x000000005524f800 JavaThread "Service Thread" daemon [_thread_blocked, id=2784, stack(0x00000000570d0000,0x00000000571d0000)]
  0x00000000566ca800 JavaThread "C1 CompilerThread2" daemon [_thread_blocked, id=2756, stack(0x0000000057280000,0x0000000057380000)]
  0x00000000566c9000 JavaThread "C2 CompilerThread1" daemon [_thread_blocked, id=2736, stack(0x0000000056fd0000,0x00000000570d0000)]
  0x00000000566c2800 JavaThread "C2 CompilerThread0" daemon [_thread_blocked, id=2128, stack(0x0000000056cb0000,0x0000000056db0000)]
  0x0000000055247800 JavaThread "Attach Listener" daemon [_thread_blocked, id=5860, stack(0x0000000056db0000,0x0000000056eb0000)]
  0x00000000566cc000 JavaThread "Signal Dispatcher" daemon [_thread_blocked, id=6044, stack(0x0000000056b30000,0x0000000056c30000)]
  0x00000000551eb800 JavaThread "Finalizer" daemon [_thread_blocked, id=5256, stack(0x00000000565c0000,0x00000000566c0000)]
  0x00000000551e5000 JavaThread "Reference Handler" daemon [_thread_blocked, id=5460, stack(0x00000000563f0000,0x00000000564f0000)]
  0x000000000255f800 JavaThread "main" [_thread_in_Java, id=4576, stack(0x00000000027a0000,0x00000000028a0000)]

Other Threads:
  0x00000000551df800 VMThread [stack: 0x0000000056270000,0x0000000056370000] [id=5400]
  0x0000000056742800 WatcherThread [stack: 0x0000000057510000,0x0000000057610000] [id=2120]

VM state:not at safepoint (normal execution)

VM Mutex/Monitor currently owned by a thread: None

Heap:
 PSYoungGen      total 32256K, used 15793K [0x00000000eab00000, 0x00000000ecf00000, 0x0000000100000000)
  eden space 27648K, 57% used [0x00000000eab00000,0x00000000eba6c490,0x00000000ec600000)
  from space 4608K, 0% used [0x00000000eca80000,0x00000000eca80000,0x00000000ecf00000)
  to   space 4608K, 0% used [0x00000000ec600000,0x00000000ec600000,0x00000000eca80000)
 ParOldGen       total 73728K, used 0K [0x00000000c0000000, 0x00000000c4800000, 0x00000000eab00000)
  object space 73728K, 0% used [0x00000000c0000000,0x00000000c0000000,0x00000000c4800000)
 Metaspace       used 5489K, capacity 6640K, committed 6784K, reserved 1056768K
  class space    used 575K, capacity 616K, committed 640K, reserved 1048576K

Card table byte_map: [0x0000000011f30000,0x0000000012140000] byte_map_base: 0x0000000011930000

Marking Bits: (ParMarkBitMap*) 0x000000006da44040
 Begin Bits: [0x0000000012650000, 0x0000000013650000)
 End Bits:   [0x0000000013650000, 0x0000000014650000)

Polling page: 0x0000000000160000

CodeCache: size=245760Kb used=3124Kb max_used=3124Kb free=242635Kb
 bounds [0x0000000002b70000, 0x0000000002e80000, 0x0000000011b70000]
 total_blobs=1069 nmethods=802 adapters=182
 compilation: enabled

Compilation events (10 events):
Event: 0.417 Thread 0x00000000566ca800  755   !   3       com.android.dx.cf.code.BaseMachine::arg (36 bytes)
Event: 0.417 Thread 0x00000000566ca800 nmethod 755 0x0000000002e5d450 code [0x0000000002e5d5e0, 0x0000000002e5d938]
Event: 0.417 Thread 0x00000000566ca800  763       3       com.android.dx.cf.code.OneLocalsArray::getOrNull (7 bytes)
Event: 0.417 Thread 0x00000000566ca800 nmethod 763 0x0000000002e5d090 code [0x0000000002e5d1e0, 0x0000000002e5d350]
Event: 0.417 Thread 0x00000000566ca800  756       3       com.android.dx.rop.code.SourcePosition::<init> (50 bytes)
Event: 0.417 Thread 0x00000000566ca800 nmethod 756 0x0000000002e5b4d0 code [0x0000000002e5b660, 0x0000000002e5ba18]
Event: 0.418 Thread 0x00000000566ca800  759       3       com.android.dx.rop.type.Type::getBasicFrameType (60 bytes)
Event: 0.418 Thread 0x00000000566c2800 nmethod 766 0x0000000002e5f690 code [0x0000000002e5f7e0, 0x0000000002e5f898]
Event: 0.418 Thread 0x00000000566ca800 nmethod 759 0x0000000002e5cd10 code [0x0000000002e5ce60, 0x0000000002e5cff0]
Event: 0.418 Thread 0x00000000566ca800  760       3       com.android.dx.cf.code.BaseMachine::getLocalTarget (151 bytes)

GC Heap History (0 events):
No events

Deoptimization events (10 events):
Event: 0.296 Thread 0x0000000056888800 Uncommon trap: reason=class_check action=maybe_recompile pc=0x0000000002cf2888 method=com.android.dx.rop.cst.CstMemberRef.compareTo0(Lcom/android/dx/rop/cst/Constant;)I @ 1
Event: 0.300 Thread 0x0000000056888800 Uncommon trap: reason=class_check action=maybe_recompile pc=0x0000000002d5c9ec method=com.android.dx.rop.cst.Constant.compareTo(Ljava/lang/Object;)I @ 2
Event: 0.300 Thread 0x0000000056888800 Uncommon trap: reason=class_check action=maybe_recompile pc=0x0000000002d5c9ec method=com.android.dx.rop.cst.Constant.compareTo(Ljava/lang/Object;)I @ 2
Event: 0.300 Thread 0x0000000056888800 Uncommon trap: reason=class_check action=maybe_recompile pc=0x0000000002d5c9ec method=com.android.dx.rop.cst.Constant.compareTo(Ljava/lang/Object;)I @ 2
Event: 0.300 Thread 0x0000000056888800 Uncommon trap: reason=class_check action=maybe_recompile pc=0x0000000002d5c9ec method=com.android.dx.rop.cst.Constant.compareTo(Ljava/lang/Object;)I @ 2
Event: 0.334 Thread 0x000000005689e000 Uncommon trap: reason=unstable_if action=reinterpret pc=0x0000000002d7f8b8 method=java.util.HashMap.getNode(ILjava/lang/Object;)Ljava/util/HashMap$Node; @ 62
Event: 0.342 Thread 0x0000000056949800 Uncommon trap: reason=unstable_if action=reinterpret pc=0x0000000002daea58 method=java.util.TreeMap.fixAfterInsertion(Ljava/util/TreeMap$Entry;)V @ 105
Event: 0.376 Thread 0x000000005689e000 Uncommon trap: reason=unstable_if action=reinterpret pc=0x0000000002d5ebfc method=com.android.dx.rop.cst.CstFieldRef.compareTo0(Lcom/android/dx/rop/cst/Constant;)I @ 7
Event: 0.399 Thread 0x000000000255f800 Uncommon trap: reason=unloaded action=reinterpret pc=0x0000000002e30708 method=com.android.dx.cf.cst.ConstantPoolParser.parse0(ILjava/util/BitSet;)Lcom/android/dx/rop/cst/Constant; @ 475
Event: 0.418 Thread 0x000000005689e000 Uncommon trap: reason=unstable_if action=reinterpret pc=0x0000000002dc1364 method=java.util.BitSet.ensureCapacity(I)V @ 6

Internal exceptions (2 events):
Event: 0.044 Thread 0x000000000255f800 Exception <a 'java/lang/NoSuchMethodError': Method sun.misc.Unsafe.defineClass(Ljava/lang/String;[BII)Ljava/lang/Class; name or signature does not match> (0x00000000eab0eb60) thrown at [C:\re\workspace\8-2-build-windows-amd64-cygwin\jdk8u51\3951\hotspot\srdKí?Âc¦?
Event: 0.044 Thread 0x000000000255f800 Exception <a 'java/lang/NoSuchMethodError': Method sun.misc.Unsafe.prefetchRead(Ljava/lang/Object;J)V name or signature does not match> (0x00000000eab0edf0) thrown at [C:\re\workspace\8-2-build-windows-amd64-cygwin\jdk8u51\3951\hotspot\src\share\vm\prims\j

Events (10 events):
Event: 0.412 Executing VM operation: ForceSafepoint done
Event: 0.413 loading class com/android/dx/cf/code/Ropper$ExceptionHandlerSetup
Event: 0.413 loading class com/android/dx/cf/code/Ropper$ExceptionHandlerSetup done
Event: 0.416 loading class java/util/HashMap$Values
Event: 0.416 loading class java/util/HashMap$Values done
Event: 0.416 loading class java/util/HashMap$ValueIterator
Event: 0.416 loading class java/util/HashMap$ValueIterator done
Event: 0.418 Thread 0x000000005689e000 Uncommon trap: trap_request=0xffffff65 fr.pc=0x0000000002dc1364
Event: 0.418 Thread 0x000000005689e000 DEOPT PACKING pc=0x0000000002dc1364 sp=0x0000000057a7eba0
Event: 0.418 Thread 0x000000005689e000 DEOPT UNPACKING pc=0x0000000002bb556a sp=0x0000000057a7ea88 mode 2


Dynamic libraries:
0x000000013f2b0000 - 0x000000013f2e7000 	C:\Program Files\Java\jdk1.8.0_51\bin\java.exe
0x0000000077600000 - 0x00000000777a9000 	C:\Windows\SYSTEM32\ntdll.dll
0x00000000774e0000 - 0x00000000775ff000 	C:\Windows\system32\kernel32.dll
0x000007fefd8a0000 - 0x000007fefd90c000 	C:\Windows\system32\KERNELBASE.dll
0x0000000075230000 - 0x00000000752c4000 	C:\Windows\System32\SYSFER.DLL
0x000007feff800000 - 0x000007feff8db000 	C:\Windows\system32\ADVAPI32.dll
0x000007fefda20000 - 0x000007fefdabf000 	C:\Windows\system32\msvcrt.dll
0x000007feff8f0000 - 0x000007feff90f000 	C:\Windows\SYSTEM32\sechost.dll
0x000007fefe1f0000 - 0x000007fefe31d000 	C:\Windows\system32\RPCRT4.dll
0x00000000773e0000 - 0x00000000774da000 	C:\Windows\system32\USER32.dll
0x000007fefdd20000 - 0x000007fefdd87000 	C:\Windows\system32\GDI32.dll
0x000007feff7f0000 - 0x000007feff7fe000 	C:\Windows\system32\LPK.dll
0x000007feff540000 - 0x000007feff609000 	C:\Windows\system32\USP10.dll
0x000007fefbf70000 - 0x000007fefc164000 	C:\Windows\WinSxS\amd64_microsoft.windows.common-controls_6595b64144ccf1df_6.0.7601.18837_none_fa3b1e3d17594757\COMCTL32.dll
0x000007fefe0d0000 - 0x000007fefe141000 	C:\Windows\system32\SHLWAPI.dll
0x000007fefdfc0000 - 0x000007fefdfee000 	C:\Windows\system32\IMM32.DLL
0x000007fefd910000 - 0x000007fefda19000 	C:\Windows\system32\MSCTF.dll
0x00000000732f0000 - 0x00000000733c2000 	C:\Program Files\Java\jdk1.8.0_51\jre\bin\msvcr100.dll
0x000000006d240000 - 0x000000006dac3000 	C:\Program Files\Java\jdk1.8.0_51\jre\bin\server\jvm.dll
0x000007fefa590000 - 0x000007fefa599000 	C:\Windows\system32\WSOCK32.dll
0x000007fefe5d0000 - 0x000007fefe61d000 	C:\Windows\system32\WS2_32.dll
0x000007feff8e0000 - 0x000007feff8e8000 	C:\Windows\system32\NSI.dll
0x000007fefaee0000 - 0x000007fefaf1b000 	C:\Windows\system32\WINMM.dll
0x000007fefc700000 - 0x000007fefc70c000 	C:\Windows\system32\VERSION.dll
0x00000000777b0000 - 0x00000000777b7000 	C:\Windows\system32\PSAPI.DLL
0x0000000074e50000 - 0x0000000074e5f000 	C:\Program Files\Java\jdk1.8.0_51\jre\bin\verify.dll
0x0000000074de0000 - 0x0000000074e09000 	C:\Program Files\Java\jdk1.8.0_51\jre\bin\java.dll
0x0000000074dc0000 - 0x0000000074dd6000 	C:\Program Files\Java\jdk1.8.0_51\jre\bin\zip.dll
0x000007fefe620000 - 0x000007feff3a9000 	C:\Windows\system32\SHELL32.dll
0x000007fefdd90000 - 0x000007fefdf93000 	C:\Windows\system32\ole32.dll
0x000007fefd500000 - 0x000007fefd50f000 	C:\Windows\system32\profapi.dll
0x000007fef2da0000 - 0x000007fef2ec5000 	C:\Windows\system32\dbghelp.dll

VM Arguments:
jvm_args: -Xmx1024M -Dfile.encoding=windows-1252 -Duser.country=BR -Duser.language=pt -Duser.variant 
java_command: com.android.dx.command.Main --dex --num-threads=4 --output C:\Users\mario.rscastro\Documents\CidadeAumentadaAndroid\MapBoxApp\app\build\intermediates\dex\debug C:\Users\mario.rscastro\Documents\CidadeAumentadaAndroid\MapBoxApp\app\build\intermediates\classes\debug C:\Users\mario.rscastro\Documents\CidadeAumentadaAndroid\MapBoxApp\app\build\intermediates\pre-dexed\debug\support-annotations-23.1.0-9cefb7d90aceb646e4593b3868223d47fd588a40.jar C:\Users\mario.rscastro\Documents\CidadeAumentadaAndroid\MapBoxApp\app\build\intermediates\pre-dexed\debug\okhttp-urlconnection-2.4.0-00156a945ad2b37aef0056da0f5e520ae5bd2482.jar C:\Users\mario.rscastro\Documents\CidadeAumentadaAndroid\MapBoxApp\app\build\intermediates\pre-dexed\debug\disklrucache-2.0.2-a5fbd04fb7f7d9da02759abfe91e12aa007b2459.jar C:\Users\mario.rscastro\Documents\CidadeAumentadaAndroid\MapBoxApp\app\build\intermediates\pre-dexed\debug\classes-7e4c1c2f7402e9109380febb869cb2b25173ceee.jar C:\Users\mario.rscastro\Documents\CidadeAumentadaAndroid\MapBoxApp\app\build\intermediates\pre-dexed\debug\classes-9abb9eae320c5be157d392a39c6ab5c638fe8025.jar C:\Users\mario.rscastro\Documents\CidadeAumentadaAndroid\MapBoxApp\app\build\intermediates\pre-dexed\debug\okio-1.4.0-c01a108f3550840c10f2f227b610029ee6eddedc.jar C:\Users\mario.rscastro\Documents\CidadeAumentadaAndroid\MapBoxApp\app\build\intermediates\pre-dexed\debug\library-2.4.0-7601f2bc285cac18a6c2abf82d255e22d01e9249.jar C:\Users\mario.rscastro\Documents\CidadeAumentadaAndroid\MapBoxApp\app\build\intermediates\pre-dexed\debug\android-async-http-1.4.9-949cd68dedca8831975e1dda13aa79ce431281ef.jar C:\Users\mario.rscastro\Documents\CidadeAumentadaAndroid\MapBoxApp\app\build\intermediates\pre-dexed\debug\classes-b0e0c7691903ffcfaa67bfca433251afc0715a56.jar C:\Users\mario.rscastro\Documents\CidadeAumentadaAndroid\MapBoxApp\app\build\intermediates\pre-dexed\debug\classes-13dfaa3c3db441c5503d000eaceafc6e8cf5a861.jar C:\Users\mario.rscastro\Documents\CidadeAume
java_class_path (initial): O:\AndroidStudioSDK\build-tools\23.0.1\lib\dx.jar
Launcher Type: SUN_STANDARD

Environment Variables:
PATH=C:\ProgramData\Oracle\Java\javapath;C:\Program Files (x86)\NVIDIA Corporation\PhysX\Common;C:\Windows\system32;C:\Windows;C:\Windows\System32\Wbem;C:\Windows\System32\WindowsPowerShell\v1.0\;C:\Program Files (x86)\Brackets\command
USERNAME=mario.rscastro
OS=Windows_NT
PROCESSOR_IDENTIFIER=Intel64 Family 6 Model 23 Stepping 7, GenuineIntel



---------------  S Y S T E M  ---------------

OS: Windows 7 , 64 bit Build 7601 (6.1.7601.18933)

CPU:total 4 (4 cores per cpu, 1 threads per core) family 6 model 23 stepping 7, cmov, cx8, fxsr, mmx, sse, sse2, sse3, ssse3, sse4.1, tsc

Memory: 4k page, physical 7076392k(1534392k free), swap 19654392k(12799848k free)

vm_info: Java HotSpot(TM) 64-Bit Server VM (25.51-b03) for windows-amd64 JRE (1.8.0_51-b16), built on Jun  8 2015 18:03:07 by "java_re" with MS VC++ 10.0 (VS2010)

time: Wed Oct 21 15:11:55 2015
elapsed time: 0 seconds (0d 0h 0m 0s)

